Analysis & Synthesis report for lab9
Fri May 22 00:19:40 2020
Quartus Prime Version 18.1.0 Build 625 09/12/2018 SJ Lite Edition


---------------------
; Table of Contents ;
---------------------
  1. Legal Notice
  2. Analysis & Synthesis Summary
  3. Analysis & Synthesis Settings
  4. Parallel Compilation
  5. Analysis & Synthesis Messages
  6. Analysis & Synthesis Suppressed Messages



----------------
; Legal Notice ;
----------------
Copyright (C) 2018  Intel Corporation. All rights reserved.
Your use of Intel Corporation's design tools, logic functions 
and other software and tools, and its AMPP partner logic 
functions, and any output files from any of the foregoing 
(including device programming or simulation files), and any 
associated documentation or information are expressly subject 
to the terms and conditions of the Intel Program License 
Subscription Agreement, the Intel Quartus Prime License Agreement,
the Intel FPGA IP License Agreement, or other applicable license
agreement, including, without limitation, that your use is for
the sole purpose of programming logic devices manufactured by
Intel and sold by Intel or its authorized distributors.  Please
refer to the applicable agreement for further details.



+----------------------------------------------------------------------------------+
; Analysis & Synthesis Summary                                                     ;
+------------------------------------+---------------------------------------------+
; Analysis & Synthesis Status        ; Failed - Fri May 22 00:19:40 2020           ;
; Quartus Prime Version              ; 18.1.0 Build 625 09/12/2018 SJ Lite Edition ;
; Revision Name                      ; lab9                                        ;
; Top-level Entity Name              ; lab9_top                                    ;
; Family                             ; Cyclone IV E                                ;
; Total logic elements               ; N/A until Partition Merge                   ;
;     Total combinational functions  ; N/A until Partition Merge                   ;
;     Dedicated logic registers      ; N/A until Partition Merge                   ;
; Total registers                    ; N/A until Partition Merge                   ;
; Total pins                         ; N/A until Partition Merge                   ;
; Total virtual pins                 ; N/A until Partition Merge                   ;
; Total memory bits                  ; N/A until Partition Merge                   ;
; Embedded Multiplier 9-bit elements ; N/A until Partition Merge                   ;
; Total PLLs                         ; N/A until Partition Merge                   ;
+------------------------------------+---------------------------------------------+


+------------------------------------------------------------------------------------------------------------+
; Analysis & Synthesis Settings                                                                              ;
+------------------------------------------------------------------+--------------------+--------------------+
; Option                                                           ; Setting            ; Default Value      ;
+------------------------------------------------------------------+--------------------+--------------------+
; Device                                                           ; EP4CE115F29C7      ;                    ;
; Top-level entity name                                            ; lab9_top           ; lab9               ;
; Family name                                                      ; Cyclone IV E       ; Cyclone V          ;
; Use smart compilation                                            ; Off                ; Off                ;
; Enable parallel Assembler and Timing Analyzer during compilation ; On                 ; On                 ;
; Enable compact report table                                      ; Off                ; Off                ;
; Restructure Multiplexers                                         ; Auto               ; Auto               ;
; Create Debugging Nodes for IP Cores                              ; Off                ; Off                ;
; Preserve fewer node names                                        ; On                 ; On                 ;
; Intel FPGA IP Evaluation Mode                                    ; Enable             ; Enable             ;
; Verilog Version                                                  ; Verilog_2001       ; Verilog_2001       ;
; VHDL Version                                                     ; VHDL_1993          ; VHDL_1993          ;
; State Machine Processing                                         ; Auto               ; Auto               ;
; Safe State Machine                                               ; Off                ; Off                ;
; Extract Verilog State Machines                                   ; On                 ; On                 ;
; Extract VHDL State Machines                                      ; On                 ; On                 ;
; Ignore Verilog initial constructs                                ; Off                ; Off                ;
; Iteration limit for constant Verilog loops                       ; 5000               ; 5000               ;
; Iteration limit for non-constant Verilog loops                   ; 250                ; 250                ;
; Add Pass-Through Logic to Inferred RAMs                          ; On                 ; On                 ;
; Infer RAMs from Raw Logic                                        ; On                 ; On                 ;
; Parallel Synthesis                                               ; On                 ; On                 ;
; DSP Block Balancing                                              ; Auto               ; Auto               ;
; NOT Gate Push-Back                                               ; On                 ; On                 ;
; Power-Up Don't Care                                              ; On                 ; On                 ;
; Remove Redundant Logic Cells                                     ; Off                ; Off                ;
; Remove Duplicate Registers                                       ; On                 ; On                 ;
; Ignore CARRY Buffers                                             ; Off                ; Off                ;
; Ignore CASCADE Buffers                                           ; Off                ; Off                ;
; Ignore GLOBAL Buffers                                            ; Off                ; Off                ;
; Ignore ROW GLOBAL Buffers                                        ; Off                ; Off                ;
; Ignore LCELL Buffers                                             ; Off                ; Off                ;
; Ignore SOFT Buffers                                              ; On                 ; On                 ;
; Limit AHDL Integers to 32 Bits                                   ; Off                ; Off                ;
; Optimization Technique                                           ; Balanced           ; Balanced           ;
; Carry Chain Length                                               ; 70                 ; 70                 ;
; Auto Carry Chains                                                ; On                 ; On                 ;
; Auto Open-Drain Pins                                             ; On                 ; On                 ;
; Perform WYSIWYG Primitive Resynthesis                            ; Off                ; Off                ;
; Auto ROM Replacement                                             ; On                 ; On                 ;
; Auto RAM Replacement                                             ; On                 ; On                 ;
; Auto DSP Block Replacement                                       ; On                 ; On                 ;
; Auto Shift Register Replacement                                  ; Auto               ; Auto               ;
; Allow Shift Register Merging across Hierarchies                  ; Auto               ; Auto               ;
; Auto Clock Enable Replacement                                    ; On                 ; On                 ;
; Strict RAM Replacement                                           ; Off                ; Off                ;
; Allow Synchronous Control Signals                                ; On                 ; On                 ;
; Force Use of Synchronous Clear Signals                           ; Off                ; Off                ;
; Auto RAM Block Balancing                                         ; On                 ; On                 ;
; Auto RAM to Logic Cell Conversion                                ; Off                ; Off                ;
; Auto Resource Sharing                                            ; Off                ; Off                ;
; Allow Any RAM Size For Recognition                               ; Off                ; Off                ;
; Allow Any ROM Size For Recognition                               ; Off                ; Off                ;
; Allow Any Shift Register Size For Recognition                    ; Off                ; Off                ;
; Use LogicLock Constraints during Resource Balancing              ; On                 ; On                 ;
; Ignore translate_off and synthesis_off directives                ; Off                ; Off                ;
; Timing-Driven Synthesis                                          ; On                 ; On                 ;
; Report Parameter Settings                                        ; On                 ; On                 ;
; Report Source Assignments                                        ; On                 ; On                 ;
; Report Connectivity Checks                                       ; On                 ; On                 ;
; Ignore Maximum Fan-Out Assignments                               ; Off                ; Off                ;
; Synchronization Register Chain Length                            ; 2                  ; 2                  ;
; Power Optimization During Synthesis                              ; Normal compilation ; Normal compilation ;
; HDL message level                                                ; Level2             ; Level2             ;
; Suppress Register Optimization Related Messages                  ; Off                ; Off                ;
; Number of Removed Registers Reported in Synthesis Report         ; 5000               ; 5000               ;
; Number of Swept Nodes Reported in Synthesis Report               ; 5000               ; 5000               ;
; Number of Inverted Registers Reported in Synthesis Report        ; 100                ; 100                ;
; Clock MUX Protection                                             ; On                 ; On                 ;
; Auto Gated Clock Conversion                                      ; Off                ; Off                ;
; Block Design Naming                                              ; Auto               ; Auto               ;
; SDC constraint protection                                        ; Off                ; Off                ;
; Synthesis Effort                                                 ; Auto               ; Auto               ;
; Shift Register Replacement - Allow Asynchronous Clear Signal     ; On                 ; On                 ;
; Pre-Mapping Resynthesis Optimization                             ; Off                ; Off                ;
; Analysis & Synthesis Message Level                               ; Medium             ; Medium             ;
; Disable Register Merging Across Hierarchies                      ; Auto               ; Auto               ;
; Resource Aware Inference For Block RAM                           ; On                 ; On                 ;
+------------------------------------------------------------------+--------------------+--------------------+


+------------------------------------------+
; Parallel Compilation                     ;
+----------------------------+-------------+
; Processors                 ; Number      ;
+----------------------------+-------------+
; Number detected on machine ; 8           ;
; Maximum allowed            ; 4           ;
;                            ;             ;
; Average used               ; 1.00        ;
; Maximum used               ; 1           ;
;                            ;             ;
; Usage by Processor         ; % Time Used ;
;     Processor 1            ; 100.0%      ;
+----------------------------+-------------+


+-------------------------------+
; Analysis & Synthesis Messages ;
+-------------------------------+
Info: *******************************************************************
Info: Running Quartus Prime Analysis & Synthesis
    Info: Version 18.1.0 Build 625 09/12/2018 SJ Lite Edition
    Info: Processing started: Fri May 22 00:18:41 2020
Info: Command: quartus_map --read_settings_files=on --write_settings_files=off lab9 -c lab9
Warning (18236): Number of processors has not been specified which may cause overloading on shared machines.  Set the global assignment NUM_PARALLEL_PROCESSORS in your QSF to an appropriate value for best performance.
Info (20030): Parallel compilation is enabled and will use 4 of the 4 processors detected
Info (12248): Elaborating Platform Designer system entity "lab9_soc.qsys"
Info (12250): 2020.05.22.00:18:57 Progress: Loading Lab9_Avalon_Provided_2.0/lab9_soc.qsys
Info (12250): 2020.05.22.00:18:58 Progress: Reading input file
Info (12250): 2020.05.22.00:18:59 Progress: Adding AES [AES_Decryption_Core 1.0]
Info (12250): 2020.05.22.00:19:00 Progress: Parameterizing module AES
Info (12250): 2020.05.22.00:19:00 Progress: Adding clk_0 [clock_source 18.1]
Info (12250): 2020.05.22.00:19:00 Progress: Parameterizing module clk_0
Info (12250): 2020.05.22.00:19:00 Progress: Adding jtag_uart_0 [altera_avalon_jtag_uart 18.1]
Info (12250): 2020.05.22.00:19:00 Progress: Parameterizing module jtag_uart_0
Info (12250): 2020.05.22.00:19:00 Progress: Adding nios2_gen2_0 [altera_nios2_gen2 18.1]
Info (12250): 2020.05.22.00:19:00 Progress: Parameterizing module nios2_gen2_0
Info (12250): 2020.05.22.00:19:00 Progress: Adding sdram [altera_avalon_new_sdram_controller 18.1]
Info (12250): 2020.05.22.00:19:00 Progress: Parameterizing module sdram
Info (12250): 2020.05.22.00:19:00 Progress: Adding sdram_pll [altpll 18.1]
Info (12250): 2020.05.22.00:19:00 Progress: Parameterizing module sdram_pll
Info (12250): 2020.05.22.00:19:00 Progress: Adding sysid_qsys_0 [altera_avalon_sysid_qsys 18.1]
Info (12250): 2020.05.22.00:19:00 Progress: Parameterizing module sysid_qsys_0
Info (12250): 2020.05.22.00:19:00 Progress: Building connections
Info (12250): 2020.05.22.00:19:00 Progress: Parameterizing connections
Info (12250): 2020.05.22.00:19:00 Progress: Validating
Info (12250): 2020.05.22.00:19:02 Progress: Done reading input file
Info (12250): Lab9_soc.jtag_uart_0: JTAG UART IP input clock need to be at least double (2x) the operating frequency of JTAG TCK on board
Info (12250): Lab9_soc.sdram: SDRAM Controller will only be supported in Quartus Prime Standard Edition in the future release.
Info (12250): Lab9_soc.sysid_qsys_0: System ID is not assigned automatically. Edit the System ID parameter to provide a unique ID
Info (12250): Lab9_soc.sysid_qsys_0: Time stamp will be automatically updated when this component is generated.
Info (12250): Lab9_soc: Generating lab9_soc "lab9_soc" for QUARTUS_SYNTH
Info (12250): Inserting clock-crossing logic between cmd_demux.src5 and cmd_mux_005.sink0
Info (12250): Inserting clock-crossing logic between cmd_demux_001.src3 and cmd_mux_005.sink1
Info (12250): Inserting clock-crossing logic between rsp_demux_005.src0 and rsp_mux.sink5
Info (12250): Inserting clock-crossing logic between rsp_demux_005.src1 and rsp_mux_001.sink3
Info (12250): AES: "lab9_soc" instantiated AES_Decryption_Core "AES"
Info (12250): Jtag_uart_0: Starting RTL generation for module 'lab9_soc_jtag_uart_0'
Info (12250): Jtag_uart_0:   Generation command is [exec C:/intelfpga_lite/18.1/quartus/bin64/perl/bin/perl.exe -I C:/intelfpga_lite/18.1/quartus/bin64/perl/lib -I C:/intelfpga_lite/18.1/quartus/sopc_builder/bin/europa -I C:/intelfpga_lite/18.1/quartus/sopc_builder/bin/perl_lib -I C:/intelfpga_lite/18.1/quartus/sopc_builder/bin -I C:/intelfpga_lite/18.1/quartus/../ip/altera/sopc_builder_ip/common -I C:/intelfpga_lite/18.1/quartus/../ip/altera/sopc_builder_ip/altera_avalon_jtag_uart -- C:/intelfpga_lite/18.1/quartus/../ip/altera/sopc_builder_ip/altera_avalon_jtag_uart/generate_rtl.pl --name=lab9_soc_jtag_uart_0 --dir=C:/Users/cc/AppData/Local/Temp/alt8403_6219212999620602080.dir/0003_jtag_uart_0_gen/ --quartus_dir=C:/intelfpga_lite/18.1/quartus --verilog --config=C:/Users/cc/AppData/Local/Temp/alt8403_6219212999620602080.dir/0003_jtag_uart_0_gen//lab9_soc_jtag_uart_0_component_configuration.pl  --do_build_sim=0  ]
Info (12250): Jtag_uart_0: Done RTL generation for module 'lab9_soc_jtag_uart_0'
Info (12250): Jtag_uart_0: "lab9_soc" instantiated altera_avalon_jtag_uart "jtag_uart_0"
Info (12250): Nios2_gen2_0: "lab9_soc" instantiated altera_nios2_gen2 "nios2_gen2_0"
Info (12250): Sdram: Starting RTL generation for module 'lab9_soc_sdram'
Info (12250): Sdram:   Generation command is [exec C:/intelfpga_lite/18.1/quartus/bin64/perl/bin/perl.exe -I C:/intelfpga_lite/18.1/quartus/bin64/perl/lib -I C:/intelfpga_lite/18.1/quartus/sopc_builder/bin/europa -I C:/intelfpga_lite/18.1/quartus/sopc_builder/bin/perl_lib -I C:/intelfpga_lite/18.1/quartus/sopc_builder/bin -I C:/intelfpga_lite/18.1/quartus/../ip/altera/sopc_builder_ip/common -I C:/intelfpga_lite/18.1/quartus/../ip/altera/sopc_builder_ip/altera_avalon_new_sdram_controller -- C:/intelfpga_lite/18.1/quartus/../ip/altera/sopc_builder_ip/altera_avalon_new_sdram_controller/generate_rtl.pl --name=lab9_soc_sdram --dir=C:/Users/cc/AppData/Local/Temp/alt8403_6219212999620602080.dir/0004_sdram_gen/ --quartus_dir=C:/intelfpga_lite/18.1/quartus --verilog --config=C:/Users/cc/AppData/Local/Temp/alt8403_6219212999620602080.dir/0004_sdram_gen//lab9_soc_sdram_component_configuration.pl  --do_build_sim=0  ]
Info (12250): Sdram: Done RTL generation for module 'lab9_soc_sdram'
Info (12250): Sdram: "lab9_soc" instantiated altera_avalon_new_sdram_controller "sdram"
Info (12250): Sdram_pll: "lab9_soc" instantiated altpll "sdram_pll"
Info (12250): Sysid_qsys_0: "lab9_soc" instantiated altera_avalon_sysid_qsys "sysid_qsys_0"
Info (12250): Avalon_st_adapter: Inserting error_adapter: error_adapter_0
Info (12250): Avalon_st_adapter_001: Inserting error_adapter: error_adapter_0
Info (12250): Avalon_st_adapter_002: Inserting error_adapter: error_adapter_0
Info (12250): Avalon_st_adapter_003: Inserting error_adapter: error_adapter_0
Info (12250): Avalon_st_adapter_004: Inserting error_adapter: error_adapter_0
Info (12250): Avalon_st_adapter_005: Inserting error_adapter: error_adapter_0
Info (12250): Mm_interconnect_0: "lab9_soc" instantiated altera_mm_interconnect "mm_interconnect_0"
Info (12250): Irq_mapper: "lab9_soc" instantiated altera_irq_mapper "irq_mapper"
Info (12250): Rst_controller: "lab9_soc" instantiated altera_reset_controller "rst_controller"
Info (12250): Cpu: Starting RTL generation for module 'lab9_soc_nios2_gen2_0_cpu'
Info (12250): Cpu:   Generation command is [exec C:/intelFPGA_lite/18.1/quartus/bin64//eperlcmd.exe -I C:/intelFPGA_lite/18.1/quartus/bin64//perl/lib -I C:/intelfpga_lite/18.1/quartus/sopc_builder/bin/europa -I C:/intelfpga_lite/18.1/quartus/sopc_builder/bin/perl_lib -I C:/intelfpga_lite/18.1/quartus/sopc_builder/bin -I C:/intelfpga_lite/18.1/quartus/../ip/altera/nios2_ip/altera_nios2_gen2/cpu_lib -I C:/intelfpga_lite/18.1/quartus/../ip/altera/nios2_ip/altera_nios2_gen2/nios_lib -I C:/intelfpga_lite/18.1/quartus/../ip/altera/nios2_ip/altera_nios2_gen2 -I C:/intelfpga_lite/18.1/quartus/../ip/altera/nios2_ip/altera_nios2_gen2 -- C:/intelfpga_lite/18.1/quartus/../ip/altera/nios2_ip/altera_nios2_gen2/generate_rtl.epl --name=lab9_soc_nios2_gen2_0_cpu --dir=C:/Users/cc/AppData/Local/Temp/alt8403_6219212999620602080.dir/0010_cpu_gen/ --quartus_bindir=C:/intelFPGA_lite/18.1/quartus/bin64/ --verilog --config=C:/Users/cc/AppData/Local/Temp/alt8403_6219212999620602080.dir/0010_cpu_gen//lab9_soc_nios2_gen2_0_cpu_processor_configuration.pl  --do_build_sim=0  ]
Info (12250): Cpu: # 2020.05.22 00:19:34 (*) Starting Nios II generation
Info (12250): Cpu: # 2020.05.22 00:19:34 (*)   Checking for plaintext license.
Info (12250): Cpu: # 2020.05.22 00:19:35 (*)   Couldn't query license setup in Quartus directory C:/intelFPGA_lite/18.1/quartus/bin64/
Info (12250): Cpu: # 2020.05.22 00:19:35 (*)   Defaulting to contents of LM_LICENSE_FILE environment variable
Info (12250): Cpu: # 2020.05.22 00:19:35 (*)   LM_LICENSE_FILE environment variable is empty
Info (12250): Cpu: # 2020.05.22 00:19:35 (*)   Plaintext license not found.
Info (12250): Cpu: # 2020.05.22 00:19:35 (*)   No license required to generate encrypted Nios II/e.
Info (12250): Cpu: # 2020.05.22 00:19:35 (*)   Elaborating CPU configuration settings
Info (12250): Cpu: # 2020.05.22 00:19:35 (*)   Creating all objects for CPU
Info (12250): Cpu: # 2020.05.22 00:19:36 (*)   Generating RTL from CPU objects
Info (12250): Cpu: # 2020.05.22 00:19:36 (*)   Creating plain-text RTL
Info (12250): Cpu: # 2020.05.22 00:19:37 (*) Done Nios II generation
Info (12250): Cpu: Done RTL generation for module 'lab9_soc_nios2_gen2_0_cpu'
Info (12250): Cpu: "nios2_gen2_0" instantiated altera_nios2_gen2_unit "cpu"
Info (12250): Nios2_gen2_0_data_master_translator: "mm_interconnect_0" instantiated altera_merlin_master_translator "nios2_gen2_0_data_master_translator"
Info (12250): AES_AES_slave_translator: "mm_interconnect_0" instantiated altera_merlin_slave_translator "AES_AES_slave_translator"
Info (12250): Nios2_gen2_0_data_master_agent: "mm_interconnect_0" instantiated altera_merlin_master_agent "nios2_gen2_0_data_master_agent"
Info (12250): AES_AES_slave_agent: "mm_interconnect_0" instantiated altera_merlin_slave_agent "AES_AES_slave_agent"
Info (12250): AES_AES_slave_agent_rsp_fifo: "mm_interconnect_0" instantiated altera_avalon_sc_fifo "AES_AES_slave_agent_rsp_fifo"
Info (12250): Router: "mm_interconnect_0" instantiated altera_merlin_router "router"
Info (12250): Router_001: "mm_interconnect_0" instantiated altera_merlin_router "router_001"
Info (12250): Router_002: "mm_interconnect_0" instantiated altera_merlin_router "router_002"
Info (12250): Router_004: "mm_interconnect_0" instantiated altera_merlin_router "router_004"
Info (12250): Cmd_demux: "mm_interconnect_0" instantiated altera_merlin_demultiplexer "cmd_demux"
Info (12250): Cmd_demux_001: "mm_interconnect_0" instantiated altera_merlin_demultiplexer "cmd_demux_001"
Info (12250): Cmd_mux: "mm_interconnect_0" instantiated altera_merlin_multiplexer "cmd_mux"
Info (12250): Cmd_mux_002: "mm_interconnect_0" instantiated altera_merlin_multiplexer "cmd_mux_002"
Info (12250): Reusing file E:/JuniorYearSpring/ECE385/lab/lab9/Lab9_Avalon_Provided_2.0/db/ip/lab9_soc/submodules/altera_merlin_arbitrator.sv
Info (12250): Rsp_demux: "mm_interconnect_0" instantiated altera_merlin_demultiplexer "rsp_demux"
Info (12250): Rsp_demux_002: "mm_interconnect_0" instantiated altera_merlin_demultiplexer "rsp_demux_002"
Info (12250): Rsp_mux: "mm_interconnect_0" instantiated altera_merlin_multiplexer "rsp_mux"
Info (12250): Reusing file E:/JuniorYearSpring/ECE385/lab/lab9/Lab9_Avalon_Provided_2.0/db/ip/lab9_soc/submodules/altera_merlin_arbitrator.sv
Info (12250): Rsp_mux_001: "mm_interconnect_0" instantiated altera_merlin_multiplexer "rsp_mux_001"
Info (12250): Reusing file E:/JuniorYearSpring/ECE385/lab/lab9/Lab9_Avalon_Provided_2.0/db/ip/lab9_soc/submodules/altera_merlin_arbitrator.sv
Info (12250): Crosser: "mm_interconnect_0" instantiated altera_avalon_st_handshake_clock_crosser "crosser"
Info (12250): Avalon_st_adapter: "mm_interconnect_0" instantiated altera_avalon_st_adapter "avalon_st_adapter"
Info (12250): Error_adapter_0: "avalon_st_adapter" instantiated error_adapter "error_adapter_0"
Info (12250): Lab9_soc: Done "lab9_soc" with 31 modules, 47 files
Info (12249): Finished elaborating Platform Designer system entity "lab9_soc.qsys"
Info (12021): Found 1 design units, including 1 entities, in source file lab9_soc/synthesis/lab9_soc.v
    Info (12023): Found entity 1: lab9_soc File: E:/JuniorYearSpring/ECE385/lab/lab9/Lab9_Avalon_Provided_2.0/lab9_soc/synthesis/lab9_soc.v Line: 6
Info (12021): Found 1 design units, including 1 entities, in source file lab9_soc/synthesis/submodules/altera_reset_controller.v
    Info (12023): Found entity 1: altera_reset_controller File: E:/JuniorYearSpring/ECE385/lab/lab9/Lab9_Avalon_Provided_2.0/lab9_soc/synthesis/submodules/altera_reset_controller.v Line: 42
Info (12021): Found 1 design units, including 1 entities, in source file lab9_soc/synthesis/submodules/altera_reset_synchronizer.v
    Info (12023): Found entity 1: altera_reset_synchronizer File: E:/JuniorYearSpring/ECE385/lab/lab9/Lab9_Avalon_Provided_2.0/lab9_soc/synthesis/submodules/altera_reset_synchronizer.v Line: 24
Info (12021): Found 1 design units, including 1 entities, in source file lab9_soc/synthesis/submodules/lab9_soc_irq_mapper.sv
    Info (12023): Found entity 1: lab9_soc_irq_mapper File: E:/JuniorYearSpring/ECE385/lab/lab9/Lab9_Avalon_Provided_2.0/lab9_soc/synthesis/submodules/lab9_soc_irq_mapper.sv Line: 31
Info (12021): Found 1 design units, including 1 entities, in source file lab9_soc/synthesis/submodules/lab9_soc_mm_interconnect_0.v
    Info (12023): Found entity 1: lab9_soc_mm_interconnect_0 File: E:/JuniorYearSpring/ECE385/lab/lab9/Lab9_Avalon_Provided_2.0/lab9_soc/synthesis/submodules/lab9_soc_mm_interconnect_0.v Line: 9
Info (12021): Found 1 design units, including 1 entities, in source file lab9_soc/synthesis/submodules/lab9_soc_mm_interconnect_0_avalon_st_adapter.v
    Info (12023): Found entity 1: lab9_soc_mm_interconnect_0_avalon_st_adapter File: E:/JuniorYearSpring/ECE385/lab/lab9/Lab9_Avalon_Provided_2.0/lab9_soc/synthesis/submodules/lab9_soc_mm_interconnect_0_avalon_st_adapter.v Line: 9
Info (12021): Found 1 design units, including 1 entities, in source file lab9_soc/synthesis/submodules/lab9_soc_mm_interconnect_0_avalon_st_adapter_error_adapter_0.sv
    Info (12023): Found entity 1: lab9_soc_mm_interconnect_0_avalon_st_adapter_error_adapter_0 File: E:/JuniorYearSpring/ECE385/lab/lab9/Lab9_Avalon_Provided_2.0/lab9_soc/synthesis/submodules/lab9_soc_mm_interconnect_0_avalon_st_adapter_error_adapter_0.sv Line: 66
Info (12021): Found 1 design units, including 1 entities, in source file lab9_soc/synthesis/submodules/altera_avalon_st_handshake_clock_crosser.v
    Info (12023): Found entity 1: altera_avalon_st_handshake_clock_crosser File: E:/JuniorYearSpring/ECE385/lab/lab9/Lab9_Avalon_Provided_2.0/lab9_soc/synthesis/submodules/altera_avalon_st_handshake_clock_crosser.v Line: 24
Info (12021): Found 1 design units, including 1 entities, in source file lab9_soc/synthesis/submodules/altera_avalon_st_clock_crosser.v
    Info (12023): Found entity 1: altera_avalon_st_clock_crosser File: E:/JuniorYearSpring/ECE385/lab/lab9/Lab9_Avalon_Provided_2.0/lab9_soc/synthesis/submodules/altera_avalon_st_clock_crosser.v Line: 22
Info (12021): Found 1 design units, including 1 entities, in source file lab9_soc/synthesis/submodules/altera_avalon_st_pipeline_base.v
    Info (12023): Found entity 1: altera_avalon_st_pipeline_base File: E:/JuniorYearSpring/ECE385/lab/lab9/Lab9_Avalon_Provided_2.0/lab9_soc/synthesis/submodules/altera_avalon_st_pipeline_base.v Line: 22
Info (12021): Found 1 design units, including 1 entities, in source file lab9_soc/synthesis/submodules/altera_std_synchronizer_nocut.v
    Info (12023): Found entity 1: altera_std_synchronizer_nocut File: E:/JuniorYearSpring/ECE385/lab/lab9/Lab9_Avalon_Provided_2.0/lab9_soc/synthesis/submodules/altera_std_synchronizer_nocut.v Line: 44
Info (12021): Found 1 design units, including 1 entities, in source file lab9_soc/synthesis/submodules/lab9_soc_mm_interconnect_0_rsp_mux_001.sv
    Info (12023): Found entity 1: lab9_soc_mm_interconnect_0_rsp_mux_001 File: E:/JuniorYearSpring/ECE385/lab/lab9/Lab9_Avalon_Provided_2.0/lab9_soc/synthesis/submodules/lab9_soc_mm_interconnect_0_rsp_mux_001.sv Line: 51
Info (12021): Found 2 design units, including 2 entities, in source file lab9_soc/synthesis/submodules/altera_merlin_arbitrator.sv
    Info (12023): Found entity 1: altera_merlin_arbitrator File: E:/JuniorYearSpring/ECE385/lab/lab9/Lab9_Avalon_Provided_2.0/lab9_soc/synthesis/submodules/altera_merlin_arbitrator.sv Line: 103
    Info (12023): Found entity 2: altera_merlin_arb_adder File: E:/JuniorYearSpring/ECE385/lab/lab9/Lab9_Avalon_Provided_2.0/lab9_soc/synthesis/submodules/altera_merlin_arbitrator.sv Line: 228
Info (12021): Found 1 design units, including 1 entities, in source file lab9_soc/synthesis/submodules/lab9_soc_mm_interconnect_0_rsp_mux.sv
    Info (12023): Found entity 1: lab9_soc_mm_interconnect_0_rsp_mux File: E:/JuniorYearSpring/ECE385/lab/lab9/Lab9_Avalon_Provided_2.0/lab9_soc/synthesis/submodules/lab9_soc_mm_interconnect_0_rsp_mux.sv Line: 51
Info (12021): Found 1 design units, including 1 entities, in source file lab9_soc/synthesis/submodules/lab9_soc_mm_interconnect_0_rsp_demux_002.sv
    Info (12023): Found entity 1: lab9_soc_mm_interconnect_0_rsp_demux_002 File: E:/JuniorYearSpring/ECE385/lab/lab9/Lab9_Avalon_Provided_2.0/lab9_soc/synthesis/submodules/lab9_soc_mm_interconnect_0_rsp_demux_002.sv Line: 43
Info (12021): Found 1 design units, including 1 entities, in source file lab9_soc/synthesis/submodules/lab9_soc_mm_interconnect_0_rsp_demux.sv
    Info (12023): Found entity 1: lab9_soc_mm_interconnect_0_rsp_demux File: E:/JuniorYearSpring/ECE385/lab/lab9/Lab9_Avalon_Provided_2.0/lab9_soc/synthesis/submodules/lab9_soc_mm_interconnect_0_rsp_demux.sv Line: 43
Info (12021): Found 1 design units, including 1 entities, in source file lab9_soc/synthesis/submodules/lab9_soc_mm_interconnect_0_cmd_mux_002.sv
    Info (12023): Found entity 1: lab9_soc_mm_interconnect_0_cmd_mux_002 File: E:/JuniorYearSpring/ECE385/lab/lab9/Lab9_Avalon_Provided_2.0/lab9_soc/synthesis/submodules/lab9_soc_mm_interconnect_0_cmd_mux_002.sv Line: 51
Info (12021): Found 1 design units, including 1 entities, in source file lab9_soc/synthesis/submodules/lab9_soc_mm_interconnect_0_cmd_mux.sv
    Info (12023): Found entity 1: lab9_soc_mm_interconnect_0_cmd_mux File: E:/JuniorYearSpring/ECE385/lab/lab9/Lab9_Avalon_Provided_2.0/lab9_soc/synthesis/submodules/lab9_soc_mm_interconnect_0_cmd_mux.sv Line: 51
Info (12021): Found 1 design units, including 1 entities, in source file lab9_soc/synthesis/submodules/lab9_soc_mm_interconnect_0_cmd_demux_001.sv
    Info (12023): Found entity 1: lab9_soc_mm_interconnect_0_cmd_demux_001 File: E:/JuniorYearSpring/ECE385/lab/lab9/Lab9_Avalon_Provided_2.0/lab9_soc/synthesis/submodules/lab9_soc_mm_interconnect_0_cmd_demux_001.sv Line: 43
Info (12021): Found 1 design units, including 1 entities, in source file lab9_soc/synthesis/submodules/lab9_soc_mm_interconnect_0_cmd_demux.sv
    Info (12023): Found entity 1: lab9_soc_mm_interconnect_0_cmd_demux File: E:/JuniorYearSpring/ECE385/lab/lab9/Lab9_Avalon_Provided_2.0/lab9_soc/synthesis/submodules/lab9_soc_mm_interconnect_0_cmd_demux.sv Line: 43
Info (12021): Found 2 design units, including 2 entities, in source file lab9_soc/synthesis/submodules/lab9_soc_mm_interconnect_0_router_004.sv
    Info (12023): Found entity 1: lab9_soc_mm_interconnect_0_router_004_default_decode File: E:/JuniorYearSpring/ECE385/lab/lab9/Lab9_Avalon_Provided_2.0/lab9_soc/synthesis/submodules/lab9_soc_mm_interconnect_0_router_004.sv Line: 45
    Info (12023): Found entity 2: lab9_soc_mm_interconnect_0_router_004 File: E:/JuniorYearSpring/ECE385/lab/lab9/Lab9_Avalon_Provided_2.0/lab9_soc/synthesis/submodules/lab9_soc_mm_interconnect_0_router_004.sv Line: 84
Info (12021): Found 2 design units, including 2 entities, in source file lab9_soc/synthesis/submodules/lab9_soc_mm_interconnect_0_router_002.sv
    Info (12023): Found entity 1: lab9_soc_mm_interconnect_0_router_002_default_decode File: E:/JuniorYearSpring/ECE385/lab/lab9/Lab9_Avalon_Provided_2.0/lab9_soc/synthesis/submodules/lab9_soc_mm_interconnect_0_router_002.sv Line: 45
    Info (12023): Found entity 2: lab9_soc_mm_interconnect_0_router_002 File: E:/JuniorYearSpring/ECE385/lab/lab9/Lab9_Avalon_Provided_2.0/lab9_soc/synthesis/submodules/lab9_soc_mm_interconnect_0_router_002.sv Line: 84
Info (12021): Found 2 design units, including 2 entities, in source file lab9_soc/synthesis/submodules/lab9_soc_mm_interconnect_0_router_001.sv
    Info (12023): Found entity 1: lab9_soc_mm_interconnect_0_router_001_default_decode File: E:/JuniorYearSpring/ECE385/lab/lab9/Lab9_Avalon_Provided_2.0/lab9_soc/synthesis/submodules/lab9_soc_mm_interconnect_0_router_001.sv Line: 45
    Info (12023): Found entity 2: lab9_soc_mm_interconnect_0_router_001 File: E:/JuniorYearSpring/ECE385/lab/lab9/Lab9_Avalon_Provided_2.0/lab9_soc/synthesis/submodules/lab9_soc_mm_interconnect_0_router_001.sv Line: 84
Info (12021): Found 2 design units, including 2 entities, in source file lab9_soc/synthesis/submodules/lab9_soc_mm_interconnect_0_router.sv
    Info (12023): Found entity 1: lab9_soc_mm_interconnect_0_router_default_decode File: E:/JuniorYearSpring/ECE385/lab/lab9/Lab9_Avalon_Provided_2.0/lab9_soc/synthesis/submodules/lab9_soc_mm_interconnect_0_router.sv Line: 45
    Info (12023): Found entity 2: lab9_soc_mm_interconnect_0_router File: E:/JuniorYearSpring/ECE385/lab/lab9/Lab9_Avalon_Provided_2.0/lab9_soc/synthesis/submodules/lab9_soc_mm_interconnect_0_router.sv Line: 84
Info (12021): Found 1 design units, including 1 entities, in source file lab9_soc/synthesis/submodules/altera_avalon_sc_fifo.v
    Info (12023): Found entity 1: altera_avalon_sc_fifo File: E:/JuniorYearSpring/ECE385/lab/lab9/Lab9_Avalon_Provided_2.0/lab9_soc/synthesis/submodules/altera_avalon_sc_fifo.v Line: 21
Info (12021): Found 1 design units, including 1 entities, in source file lab9_soc/synthesis/submodules/altera_merlin_slave_agent.sv
    Info (12023): Found entity 1: altera_merlin_slave_agent File: E:/JuniorYearSpring/ECE385/lab/lab9/Lab9_Avalon_Provided_2.0/lab9_soc/synthesis/submodules/altera_merlin_slave_agent.sv Line: 34
Info (12021): Found 1 design units, including 1 entities, in source file lab9_soc/synthesis/submodules/altera_merlin_burst_uncompressor.sv
    Info (12023): Found entity 1: altera_merlin_burst_uncompressor File: E:/JuniorYearSpring/ECE385/lab/lab9/Lab9_Avalon_Provided_2.0/lab9_soc/synthesis/submodules/altera_merlin_burst_uncompressor.sv Line: 40
Info (12021): Found 1 design units, including 1 entities, in source file lab9_soc/synthesis/submodules/altera_merlin_master_agent.sv
    Info (12023): Found entity 1: altera_merlin_master_agent File: E:/JuniorYearSpring/ECE385/lab/lab9/Lab9_Avalon_Provided_2.0/lab9_soc/synthesis/submodules/altera_merlin_master_agent.sv Line: 28
Info (12021): Found 1 design units, including 1 entities, in source file lab9_soc/synthesis/submodules/altera_merlin_slave_translator.sv
    Info (12023): Found entity 1: altera_merlin_slave_translator File: E:/JuniorYearSpring/ECE385/lab/lab9/Lab9_Avalon_Provided_2.0/lab9_soc/synthesis/submodules/altera_merlin_slave_translator.sv Line: 35
Info (12021): Found 1 design units, including 1 entities, in source file lab9_soc/synthesis/submodules/altera_merlin_master_translator.sv
    Info (12023): Found entity 1: altera_merlin_master_translator File: E:/JuniorYearSpring/ECE385/lab/lab9/Lab9_Avalon_Provided_2.0/lab9_soc/synthesis/submodules/altera_merlin_master_translator.sv Line: 32
Info (12021): Found 1 design units, including 1 entities, in source file lab9_soc/synthesis/submodules/lab9_soc_sysid_qsys_0.v
    Info (12023): Found entity 1: lab9_soc_sysid_qsys_0 File: E:/JuniorYearSpring/ECE385/lab/lab9/Lab9_Avalon_Provided_2.0/lab9_soc/synthesis/submodules/lab9_soc_sysid_qsys_0.v Line: 34
Info (12021): Found 4 design units, including 4 entities, in source file lab9_soc/synthesis/submodules/lab9_soc_sdram_pll.v
    Info (12023): Found entity 1: lab9_soc_sdram_pll_dffpipe_l2c File: E:/JuniorYearSpring/ECE385/lab/lab9/Lab9_Avalon_Provided_2.0/lab9_soc/synthesis/submodules/lab9_soc_sdram_pll.v Line: 37
    Info (12023): Found entity 2: lab9_soc_sdram_pll_stdsync_sv6 File: E:/JuniorYearSpring/ECE385/lab/lab9/Lab9_Avalon_Provided_2.0/lab9_soc/synthesis/submodules/lab9_soc_sdram_pll.v Line: 98
    Info (12023): Found entity 3: lab9_soc_sdram_pll_altpll_lqa2 File: E:/JuniorYearSpring/ECE385/lab/lab9/Lab9_Avalon_Provided_2.0/lab9_soc/synthesis/submodules/lab9_soc_sdram_pll.v Line: 130
    Info (12023): Found entity 4: lab9_soc_sdram_pll File: E:/JuniorYearSpring/ECE385/lab/lab9/Lab9_Avalon_Provided_2.0/lab9_soc/synthesis/submodules/lab9_soc_sdram_pll.v Line: 217
Info (12021): Found 2 design units, including 2 entities, in source file lab9_soc/synthesis/submodules/lab9_soc_sdram.v
    Info (12023): Found entity 1: lab9_soc_sdram_input_efifo_module File: E:/JuniorYearSpring/ECE385/lab/lab9/Lab9_Avalon_Provided_2.0/lab9_soc/synthesis/submodules/lab9_soc_sdram.v Line: 21
    Info (12023): Found entity 2: lab9_soc_sdram File: E:/JuniorYearSpring/ECE385/lab/lab9/Lab9_Avalon_Provided_2.0/lab9_soc/synthesis/submodules/lab9_soc_sdram.v Line: 159
Info (12021): Found 1 design units, including 1 entities, in source file lab9_soc/synthesis/submodules/lab9_soc_nios2_gen2_0.v
    Info (12023): Found entity 1: lab9_soc_nios2_gen2_0 File: E:/JuniorYearSpring/ECE385/lab/lab9/Lab9_Avalon_Provided_2.0/lab9_soc/synthesis/submodules/lab9_soc_nios2_gen2_0.v Line: 9
Info (12021): Found 21 design units, including 21 entities, in source file lab9_soc/synthesis/submodules/lab9_soc_nios2_gen2_0_cpu.v
    Info (12023): Found entity 1: lab9_soc_nios2_gen2_0_cpu_register_bank_a_module File: E:/JuniorYearSpring/ECE385/lab/lab9/Lab9_Avalon_Provided_2.0/lab9_soc/synthesis/submodules/lab9_soc_nios2_gen2_0_cpu.v Line: 21
    Info (12023): Found entity 2: lab9_soc_nios2_gen2_0_cpu_register_bank_b_module File: E:/JuniorYearSpring/ECE385/lab/lab9/Lab9_Avalon_Provided_2.0/lab9_soc/synthesis/submodules/lab9_soc_nios2_gen2_0_cpu.v Line: 87
    Info (12023): Found entity 3: lab9_soc_nios2_gen2_0_cpu_nios2_oci_debug File: E:/JuniorYearSpring/ECE385/lab/lab9/Lab9_Avalon_Provided_2.0/lab9_soc/synthesis/submodules/lab9_soc_nios2_gen2_0_cpu.v Line: 153
    Info (12023): Found entity 4: lab9_soc_nios2_gen2_0_cpu_nios2_oci_break File: E:/JuniorYearSpring/ECE385/lab/lab9/Lab9_Avalon_Provided_2.0/lab9_soc/synthesis/submodules/lab9_soc_nios2_gen2_0_cpu.v Line: 295
    Info (12023): Found entity 5: lab9_soc_nios2_gen2_0_cpu_nios2_oci_xbrk File: E:/JuniorYearSpring/ECE385/lab/lab9/Lab9_Avalon_Provided_2.0/lab9_soc/synthesis/submodules/lab9_soc_nios2_gen2_0_cpu.v Line: 588
    Info (12023): Found entity 6: lab9_soc_nios2_gen2_0_cpu_nios2_oci_dbrk File: E:/JuniorYearSpring/ECE385/lab/lab9/Lab9_Avalon_Provided_2.0/lab9_soc/synthesis/submodules/lab9_soc_nios2_gen2_0_cpu.v Line: 795
    Info (12023): Found entity 7: lab9_soc_nios2_gen2_0_cpu_nios2_oci_itrace File: E:/JuniorYearSpring/ECE385/lab/lab9/Lab9_Avalon_Provided_2.0/lab9_soc/synthesis/submodules/lab9_soc_nios2_gen2_0_cpu.v Line: 982
    Info (12023): Found entity 8: lab9_soc_nios2_gen2_0_cpu_nios2_oci_td_mode File: E:/JuniorYearSpring/ECE385/lab/lab9/Lab9_Avalon_Provided_2.0/lab9_soc/synthesis/submodules/lab9_soc_nios2_gen2_0_cpu.v Line: 1115
    Info (12023): Found entity 9: lab9_soc_nios2_gen2_0_cpu_nios2_oci_dtrace File: E:/JuniorYearSpring/ECE385/lab/lab9/Lab9_Avalon_Provided_2.0/lab9_soc/synthesis/submodules/lab9_soc_nios2_gen2_0_cpu.v Line: 1183
    Info (12023): Found entity 10: lab9_soc_nios2_gen2_0_cpu_nios2_oci_compute_input_tm_cnt File: E:/JuniorYearSpring/ECE385/lab/lab9/Lab9_Avalon_Provided_2.0/lab9_soc/synthesis/submodules/lab9_soc_nios2_gen2_0_cpu.v Line: 1265
    Info (12023): Found entity 11: lab9_soc_nios2_gen2_0_cpu_nios2_oci_fifo_wrptr_inc File: E:/JuniorYearSpring/ECE385/lab/lab9/Lab9_Avalon_Provided_2.0/lab9_soc/synthesis/submodules/lab9_soc_nios2_gen2_0_cpu.v Line: 1337
    Info (12023): Found entity 12: lab9_soc_nios2_gen2_0_cpu_nios2_oci_fifo_cnt_inc File: E:/JuniorYearSpring/ECE385/lab/lab9/Lab9_Avalon_Provided_2.0/lab9_soc/synthesis/submodules/lab9_soc_nios2_gen2_0_cpu.v Line: 1380
    Info (12023): Found entity 13: lab9_soc_nios2_gen2_0_cpu_nios2_oci_fifo File: E:/JuniorYearSpring/ECE385/lab/lab9/Lab9_Avalon_Provided_2.0/lab9_soc/synthesis/submodules/lab9_soc_nios2_gen2_0_cpu.v Line: 1427
    Info (12023): Found entity 14: lab9_soc_nios2_gen2_0_cpu_nios2_oci_pib File: E:/JuniorYearSpring/ECE385/lab/lab9/Lab9_Avalon_Provided_2.0/lab9_soc/synthesis/submodules/lab9_soc_nios2_gen2_0_cpu.v Line: 1913
    Info (12023): Found entity 15: lab9_soc_nios2_gen2_0_cpu_nios2_oci_im File: E:/JuniorYearSpring/ECE385/lab/lab9/Lab9_Avalon_Provided_2.0/lab9_soc/synthesis/submodules/lab9_soc_nios2_gen2_0_cpu.v Line: 1936
    Info (12023): Found entity 16: lab9_soc_nios2_gen2_0_cpu_nios2_performance_monitors File: E:/JuniorYearSpring/ECE385/lab/lab9/Lab9_Avalon_Provided_2.0/lab9_soc/synthesis/submodules/lab9_soc_nios2_gen2_0_cpu.v Line: 2006
    Info (12023): Found entity 17: lab9_soc_nios2_gen2_0_cpu_nios2_avalon_reg File: E:/JuniorYearSpring/ECE385/lab/lab9/Lab9_Avalon_Provided_2.0/lab9_soc/synthesis/submodules/lab9_soc_nios2_gen2_0_cpu.v Line: 2023
    Info (12023): Found entity 18: lab9_soc_nios2_gen2_0_cpu_ociram_sp_ram_module File: E:/JuniorYearSpring/ECE385/lab/lab9/Lab9_Avalon_Provided_2.0/lab9_soc/synthesis/submodules/lab9_soc_nios2_gen2_0_cpu.v Line: 2116
    Info (12023): Found entity 19: lab9_soc_nios2_gen2_0_cpu_nios2_ocimem File: E:/JuniorYearSpring/ECE385/lab/lab9/Lab9_Avalon_Provided_2.0/lab9_soc/synthesis/submodules/lab9_soc_nios2_gen2_0_cpu.v Line: 2181
    Info (12023): Found entity 20: lab9_soc_nios2_gen2_0_cpu_nios2_oci File: E:/JuniorYearSpring/ECE385/lab/lab9/Lab9_Avalon_Provided_2.0/lab9_soc/synthesis/submodules/lab9_soc_nios2_gen2_0_cpu.v Line: 2362
    Info (12023): Found entity 21: lab9_soc_nios2_gen2_0_cpu File: E:/JuniorYearSpring/ECE385/lab/lab9/Lab9_Avalon_Provided_2.0/lab9_soc/synthesis/submodules/lab9_soc_nios2_gen2_0_cpu.v Line: 2834
Info (12021): Found 1 design units, including 1 entities, in source file lab9_soc/synthesis/submodules/lab9_soc_nios2_gen2_0_cpu_debug_slave_sysclk.v
    Info (12023): Found entity 1: lab9_soc_nios2_gen2_0_cpu_debug_slave_sysclk File: E:/JuniorYearSpring/ECE385/lab/lab9/Lab9_Avalon_Provided_2.0/lab9_soc/synthesis/submodules/lab9_soc_nios2_gen2_0_cpu_debug_slave_sysclk.v Line: 21
Info (12021): Found 1 design units, including 1 entities, in source file lab9_soc/synthesis/submodules/lab9_soc_nios2_gen2_0_cpu_debug_slave_tck.v
    Info (12023): Found entity 1: lab9_soc_nios2_gen2_0_cpu_debug_slave_tck File: E:/JuniorYearSpring/ECE385/lab/lab9/Lab9_Avalon_Provided_2.0/lab9_soc/synthesis/submodules/lab9_soc_nios2_gen2_0_cpu_debug_slave_tck.v Line: 21
Info (12021): Found 1 design units, including 1 entities, in source file lab9_soc/synthesis/submodules/lab9_soc_nios2_gen2_0_cpu_debug_slave_wrapper.v
    Info (12023): Found entity 1: lab9_soc_nios2_gen2_0_cpu_debug_slave_wrapper File: E:/JuniorYearSpring/ECE385/lab/lab9/Lab9_Avalon_Provided_2.0/lab9_soc/synthesis/submodules/lab9_soc_nios2_gen2_0_cpu_debug_slave_wrapper.v Line: 21
Info (12021): Found 1 design units, including 1 entities, in source file lab9_soc/synthesis/submodules/lab9_soc_nios2_gen2_0_cpu_test_bench.v
    Info (12023): Found entity 1: lab9_soc_nios2_gen2_0_cpu_test_bench File: E:/JuniorYearSpring/ECE385/lab/lab9/Lab9_Avalon_Provided_2.0/lab9_soc/synthesis/submodules/lab9_soc_nios2_gen2_0_cpu_test_bench.v Line: 21
Info (12021): Found 5 design units, including 5 entities, in source file lab9_soc/synthesis/submodules/lab9_soc_jtag_uart_0.v
    Info (12023): Found entity 1: lab9_soc_jtag_uart_0_sim_scfifo_w File: E:/JuniorYearSpring/ECE385/lab/lab9/Lab9_Avalon_Provided_2.0/lab9_soc/synthesis/submodules/lab9_soc_jtag_uart_0.v Line: 21
    Info (12023): Found entity 2: lab9_soc_jtag_uart_0_scfifo_w File: E:/JuniorYearSpring/ECE385/lab/lab9/Lab9_Avalon_Provided_2.0/lab9_soc/synthesis/submodules/lab9_soc_jtag_uart_0.v Line: 78
    Info (12023): Found entity 3: lab9_soc_jtag_uart_0_sim_scfifo_r File: E:/JuniorYearSpring/ECE385/lab/lab9/Lab9_Avalon_Provided_2.0/lab9_soc/synthesis/submodules/lab9_soc_jtag_uart_0.v Line: 164
    Info (12023): Found entity 4: lab9_soc_jtag_uart_0_scfifo_r File: E:/JuniorYearSpring/ECE385/lab/lab9/Lab9_Avalon_Provided_2.0/lab9_soc/synthesis/submodules/lab9_soc_jtag_uart_0.v Line: 243
    Info (12023): Found entity 5: lab9_soc_jtag_uart_0 File: E:/JuniorYearSpring/ECE385/lab/lab9/Lab9_Avalon_Provided_2.0/lab9_soc/synthesis/submodules/lab9_soc_jtag_uart_0.v Line: 331
Info (12021): Found 1 design units, including 1 entities, in source file lab9_soc/synthesis/submodules/avalon_aes_interface.sv
    Info (12023): Found entity 1: avalon_aes_interface File: E:/JuniorYearSpring/ECE385/lab/lab9/Lab9_Avalon_Provided_2.0/lab9_soc/synthesis/submodules/avalon_aes_interface.sv Line: 21
Info (12021): Found 2 design units, including 2 entities, in source file subbytes.sv
    Info (12023): Found entity 1: SubBytes File: E:/JuniorYearSpring/ECE385/lab/lab9/Lab9_Avalon_Provided_2.0/SubBytes.sv Line: 14
    Info (12023): Found entity 2: InvSubBytes File: E:/JuniorYearSpring/ECE385/lab/lab9/Lab9_Avalon_Provided_2.0/SubBytes.sv Line: 93
Info (12021): Found 1 design units, including 1 entities, in source file lab9_top.sv
    Info (12023): Found entity 1: lab9_top File: E:/JuniorYearSpring/ECE385/lab/lab9/Lab9_Avalon_Provided_2.0/lab9_top.sv Line: 11
Info (12021): Found 2 design units, including 2 entities, in source file keyexpansion.sv
    Info (12023): Found entity 1: KeyExpansion File: E:/JuniorYearSpring/ECE385/lab/lab9/Lab9_Avalon_Provided_2.0/KeyExpansion.sv Line: 13
    Info (12023): Found entity 2: KeyExpansionOne File: E:/JuniorYearSpring/ECE385/lab/lab9/Lab9_Avalon_Provided_2.0/KeyExpansion.sv Line: 41
Info (12021): Found 1 design units, including 1 entities, in source file invshiftrows.sv
    Info (12023): Found entity 1: InvShiftRows File: E:/JuniorYearSpring/ECE385/lab/lab9/Lab9_Avalon_Provided_2.0/InvShiftRows.sv Line: 2
Info (12021): Found 5 design units, including 5 entities, in source file invmixcolumns.sv
    Info (12023): Found entity 1: InvMixColumns File: E:/JuniorYearSpring/ECE385/lab/lab9/Lab9_Avalon_Provided_2.0/InvMixColumns.sv Line: 14
    Info (12023): Found entity 2: GF_Mul_9 File: E:/JuniorYearSpring/ECE385/lab/lab9/Lab9_Avalon_Provided_2.0/InvMixColumns.sv Line: 74
    Info (12023): Found entity 3: GF_Mul_b File: E:/JuniorYearSpring/ECE385/lab/lab9/Lab9_Avalon_Provided_2.0/InvMixColumns.sv Line: 93
    Info (12023): Found entity 4: GF_Mul_d File: E:/JuniorYearSpring/ECE385/lab/lab9/Lab9_Avalon_Provided_2.0/InvMixColumns.sv Line: 112
    Info (12023): Found entity 5: GF_Mul_e File: E:/JuniorYearSpring/ECE385/lab/lab9/Lab9_Avalon_Provided_2.0/InvMixColumns.sv Line: 131
Info (12021): Found 1 design units, including 1 entities, in source file hexdriver.sv
    Info (12023): Found entity 1: hexdriver File: E:/JuniorYearSpring/ECE385/lab/lab9/Lab9_Avalon_Provided_2.0/hexdriver.sv Line: 2
Info (12021): Found 1 design units, including 1 entities, in source file avalon_aes_interface.sv
    Info (12023): Found entity 1: avalon_aes_interface File: E:/JuniorYearSpring/ECE385/lab/lab9/Lab9_Avalon_Provided_2.0/avalon_aes_interface.sv Line: 21
Info (12021): Found 1 design units, including 1 entities, in source file aes.sv
    Info (12023): Found entity 1: AES File: E:/JuniorYearSpring/ECE385/lab/lab9/Lab9_Avalon_Provided_2.0/AES.sv Line: 10
Info (12021): Found 1 design units, including 1 entities, in source file addroundkey.sv
    Info (12023): Found entity 1: AddRoundKey File: E:/JuniorYearSpring/ECE385/lab/lab9/Lab9_Avalon_Provided_2.0/AddRoundKey.sv Line: 1
Info (12021): Found 1 design units, including 1 entities, in source file testbench.sv
    Info (12023): Found entity 1: testbench File: E:/JuniorYearSpring/ECE385/lab/lab9/Lab9_Avalon_Provided_2.0/testbench.sv Line: 9
Info (15248): File "e:/junioryearspring/ece385/lab/lab9/lab9_avalon_provided_2.0/db/ip/lab9_soc/lab9_soc.v" is a duplicate of already analyzed file "E:/JuniorYearSpring/ECE385/lab/lab9/Lab9_Avalon_Provided_2.0/lab9_soc/synthesis/lab9_soc.v" (same filename, same library name and same md5 digest). Skipping analysis of this file.
Info (12021): Found 0 design units, including 0 entities, in source file db/ip/lab9_soc/lab9_soc.v
Info (15248): File "e:/junioryearspring/ece385/lab/lab9/lab9_avalon_provided_2.0/db/ip/lab9_soc/submodules/altera_avalon_sc_fifo.v" is a duplicate of already analyzed file "E:/JuniorYearSpring/ECE385/lab/lab9/Lab9_Avalon_Provided_2.0/lab9_soc/synthesis/submodules/altera_avalon_sc_fifo.v" (same filename, same library name and same md5 digest). Skipping analysis of this file.
Info (12021): Found 0 design units, including 0 entities, in source file db/ip/lab9_soc/submodules/altera_avalon_sc_fifo.v
Info (15248): File "e:/junioryearspring/ece385/lab/lab9/lab9_avalon_provided_2.0/db/ip/lab9_soc/submodules/altera_avalon_st_clock_crosser.v" is a duplicate of already analyzed file "E:/JuniorYearSpring/ECE385/lab/lab9/Lab9_Avalon_Provided_2.0/lab9_soc/synthesis/submodules/altera_avalon_st_clock_crosser.v" (same filename, same library name and same md5 digest). Skipping analysis of this file.
Info (12021): Found 0 design units, including 0 entities, in source file db/ip/lab9_soc/submodules/altera_avalon_st_clock_crosser.v
Info (15248): File "e:/junioryearspring/ece385/lab/lab9/lab9_avalon_provided_2.0/db/ip/lab9_soc/submodules/altera_avalon_st_handshake_clock_crosser.v" is a duplicate of already analyzed file "E:/JuniorYearSpring/ECE385/lab/lab9/Lab9_Avalon_Provided_2.0/lab9_soc/synthesis/submodules/altera_avalon_st_handshake_clock_crosser.v" (same filename, same library name and same md5 digest). Skipping analysis of this file.
Info (12021): Found 0 design units, including 0 entities, in source file db/ip/lab9_soc/submodules/altera_avalon_st_handshake_clock_crosser.v
Info (15248): File "e:/junioryearspring/ece385/lab/lab9/lab9_avalon_provided_2.0/db/ip/lab9_soc/submodules/altera_avalon_st_pipeline_base.v" is a duplicate of already analyzed file "E:/JuniorYearSpring/ECE385/lab/lab9/Lab9_Avalon_Provided_2.0/lab9_soc/synthesis/submodules/altera_avalon_st_pipeline_base.v" (same filename, same library name and same md5 digest). Skipping analysis of this file.
Info (12021): Found 0 design units, including 0 entities, in source file db/ip/lab9_soc/submodules/altera_avalon_st_pipeline_base.v
Info (15248): File "e:/junioryearspring/ece385/lab/lab9/lab9_avalon_provided_2.0/db/ip/lab9_soc/submodules/altera_merlin_arbitrator.sv" is a duplicate of already analyzed file "E:/JuniorYearSpring/ECE385/lab/lab9/Lab9_Avalon_Provided_2.0/lab9_soc/synthesis/submodules/altera_merlin_arbitrator.sv" (same filename, same library name and same md5 digest). Skipping analysis of this file.
Info (12021): Found 0 design units, including 0 entities, in source file db/ip/lab9_soc/submodules/altera_merlin_arbitrator.sv
Info (15248): File "e:/junioryearspring/ece385/lab/lab9/lab9_avalon_provided_2.0/db/ip/lab9_soc/submodules/altera_merlin_burst_uncompressor.sv" is a duplicate of already analyzed file "E:/JuniorYearSpring/ECE385/lab/lab9/Lab9_Avalon_Provided_2.0/lab9_soc/synthesis/submodules/altera_merlin_burst_uncompressor.sv" (same filename, same library name and same md5 digest). Skipping analysis of this file.
Info (12021): Found 0 design units, including 0 entities, in source file db/ip/lab9_soc/submodules/altera_merlin_burst_uncompressor.sv
Info (15248): File "e:/junioryearspring/ece385/lab/lab9/lab9_avalon_provided_2.0/db/ip/lab9_soc/submodules/altera_merlin_master_agent.sv" is a duplicate of already analyzed file "E:/JuniorYearSpring/ECE385/lab/lab9/Lab9_Avalon_Provided_2.0/lab9_soc/synthesis/submodules/altera_merlin_master_agent.sv" (same filename, same library name and same md5 digest). Skipping analysis of this file.
Info (12021): Found 0 design units, including 0 entities, in source file db/ip/lab9_soc/submodules/altera_merlin_master_agent.sv
Info (15248): File "e:/junioryearspring/ece385/lab/lab9/lab9_avalon_provided_2.0/db/ip/lab9_soc/submodules/altera_merlin_master_translator.sv" is a duplicate of already analyzed file "E:/JuniorYearSpring/ECE385/lab/lab9/Lab9_Avalon_Provided_2.0/lab9_soc/synthesis/submodules/altera_merlin_master_translator.sv" (same filename, same library name and same md5 digest). Skipping analysis of this file.
Info (12021): Found 0 design units, including 0 entities, in source file db/ip/lab9_soc/submodules/altera_merlin_master_translator.sv
Info (15248): File "e:/junioryearspring/ece385/lab/lab9/lab9_avalon_provided_2.0/db/ip/lab9_soc/submodules/altera_merlin_slave_agent.sv" is a duplicate of already analyzed file "E:/JuniorYearSpring/ECE385/lab/lab9/Lab9_Avalon_Provided_2.0/lab9_soc/synthesis/submodules/altera_merlin_slave_agent.sv" (same filename, same library name and same md5 digest). Skipping analysis of this file.
Info (12021): Found 0 design units, including 0 entities, in source file db/ip/lab9_soc/submodules/altera_merlin_slave_agent.sv
Info (15248): File "e:/junioryearspring/ece385/lab/lab9/lab9_avalon_provided_2.0/db/ip/lab9_soc/submodules/altera_merlin_slave_translator.sv" is a duplicate of already analyzed file "E:/JuniorYearSpring/ECE385/lab/lab9/Lab9_Avalon_Provided_2.0/lab9_soc/synthesis/submodules/altera_merlin_slave_translator.sv" (same filename, same library name and same md5 digest). Skipping analysis of this file.
Info (12021): Found 0 design units, including 0 entities, in source file db/ip/lab9_soc/submodules/altera_merlin_slave_translator.sv
Info (15248): File "e:/junioryearspring/ece385/lab/lab9/lab9_avalon_provided_2.0/db/ip/lab9_soc/submodules/altera_reset_controller.v" is a duplicate of already analyzed file "E:/JuniorYearSpring/ECE385/lab/lab9/Lab9_Avalon_Provided_2.0/lab9_soc/synthesis/submodules/altera_reset_controller.v" (same filename, same library name and same md5 digest). Skipping analysis of this file.
Info (12021): Found 0 design units, including 0 entities, in source file db/ip/lab9_soc/submodules/altera_reset_controller.v
Info (15248): File "e:/junioryearspring/ece385/lab/lab9/lab9_avalon_provided_2.0/db/ip/lab9_soc/submodules/altera_reset_synchronizer.v" is a duplicate of already analyzed file "E:/JuniorYearSpring/ECE385/lab/lab9/Lab9_Avalon_Provided_2.0/lab9_soc/synthesis/submodules/altera_reset_synchronizer.v" (same filename, same library name and same md5 digest). Skipping analysis of this file.
Info (12021): Found 0 design units, including 0 entities, in source file db/ip/lab9_soc/submodules/altera_reset_synchronizer.v
Info (15248): File "e:/junioryearspring/ece385/lab/lab9/lab9_avalon_provided_2.0/db/ip/lab9_soc/submodules/altera_std_synchronizer_nocut.v" is a duplicate of already analyzed file "E:/JuniorYearSpring/ECE385/lab/lab9/Lab9_Avalon_Provided_2.0/lab9_soc/synthesis/submodules/altera_std_synchronizer_nocut.v" (same filename, same library name and same md5 digest). Skipping analysis of this file.
Info (12021): Found 0 design units, including 0 entities, in source file db/ip/lab9_soc/submodules/altera_std_synchronizer_nocut.v
Info (15248): File "e:/junioryearspring/ece385/lab/lab9/lab9_avalon_provided_2.0/db/ip/lab9_soc/submodules/avalon_aes_interface.sv" is a duplicate of already analyzed file "E:/JuniorYearSpring/ECE385/lab/lab9/Lab9_Avalon_Provided_2.0/lab9_soc/synthesis/submodules/avalon_aes_interface.sv" (same filename, same library name and same md5 digest). Skipping analysis of this file.
Info (12021): Found 0 design units, including 0 entities, in source file db/ip/lab9_soc/submodules/avalon_aes_interface.sv
Info (15248): File "e:/junioryearspring/ece385/lab/lab9/lab9_avalon_provided_2.0/db/ip/lab9_soc/submodules/lab9_soc_irq_mapper.sv" is a duplicate of already analyzed file "E:/JuniorYearSpring/ECE385/lab/lab9/Lab9_Avalon_Provided_2.0/lab9_soc/synthesis/submodules/lab9_soc_irq_mapper.sv" (same filename, same library name and same md5 digest). Skipping analysis of this file.
Info (12021): Found 0 design units, including 0 entities, in source file db/ip/lab9_soc/submodules/lab9_soc_irq_mapper.sv
Info (15248): File "e:/junioryearspring/ece385/lab/lab9/lab9_avalon_provided_2.0/db/ip/lab9_soc/submodules/lab9_soc_jtag_uart_0.v" is a duplicate of already analyzed file "E:/JuniorYearSpring/ECE385/lab/lab9/Lab9_Avalon_Provided_2.0/lab9_soc/synthesis/submodules/lab9_soc_jtag_uart_0.v" (same filename, same library name and same md5 digest). Skipping analysis of this file.
Info (12021): Found 0 design units, including 0 entities, in source file db/ip/lab9_soc/submodules/lab9_soc_jtag_uart_0.v
Info (15248): File "e:/junioryearspring/ece385/lab/lab9/lab9_avalon_provided_2.0/db/ip/lab9_soc/submodules/lab9_soc_mm_interconnect_0.v" is a duplicate of already analyzed file "E:/JuniorYearSpring/ECE385/lab/lab9/Lab9_Avalon_Provided_2.0/lab9_soc/synthesis/submodules/lab9_soc_mm_interconnect_0.v" (same filename, same library name and same md5 digest). Skipping analysis of this file.
Info (12021): Found 0 design units, including 0 entities, in source file db/ip/lab9_soc/submodules/lab9_soc_mm_interconnect_0.v
Info (15248): File "e:/junioryearspring/ece385/lab/lab9/lab9_avalon_provided_2.0/db/ip/lab9_soc/submodules/lab9_soc_mm_interconnect_0_avalon_st_adapter.v" is a duplicate of already analyzed file "E:/JuniorYearSpring/ECE385/lab/lab9/Lab9_Avalon_Provided_2.0/lab9_soc/synthesis/submodules/lab9_soc_mm_interconnect_0_avalon_st_adapter.v" (same filename, same library name and same md5 digest). Skipping analysis of this file.
Info (12021): Found 0 design units, including 0 entities, in source file db/ip/lab9_soc/submodules/lab9_soc_mm_interconnect_0_avalon_st_adapter.v
Info (15248): File "e:/junioryearspring/ece385/lab/lab9/lab9_avalon_provided_2.0/db/ip/lab9_soc/submodules/lab9_soc_mm_interconnect_0_avalon_st_adapter_error_adapter_0.sv" is a duplicate of already analyzed file "E:/JuniorYearSpring/ECE385/lab/lab9/Lab9_Avalon_Provided_2.0/lab9_soc/synthesis/submodules/lab9_soc_mm_interconnect_0_avalon_st_adapter_error_adapter_0.sv" (same filename, same library name and same md5 digest). Skipping analysis of this file.
Info (12021): Found 0 design units, including 0 entities, in source file db/ip/lab9_soc/submodules/lab9_soc_mm_interconnect_0_avalon_st_adapter_error_adapter_0.sv
Info (15248): File "e:/junioryearspring/ece385/lab/lab9/lab9_avalon_provided_2.0/db/ip/lab9_soc/submodules/lab9_soc_mm_interconnect_0_cmd_demux.sv" is a duplicate of already analyzed file "E:/JuniorYearSpring/ECE385/lab/lab9/Lab9_Avalon_Provided_2.0/lab9_soc/synthesis/submodules/lab9_soc_mm_interconnect_0_cmd_demux.sv" (same filename, same library name and same md5 digest). Skipping analysis of this file.
Info (12021): Found 0 design units, including 0 entities, in source file db/ip/lab9_soc/submodules/lab9_soc_mm_interconnect_0_cmd_demux.sv
Info (15248): File "e:/junioryearspring/ece385/lab/lab9/lab9_avalon_provided_2.0/db/ip/lab9_soc/submodules/lab9_soc_mm_interconnect_0_cmd_demux_001.sv" is a duplicate of already analyzed file "E:/JuniorYearSpring/ECE385/lab/lab9/Lab9_Avalon_Provided_2.0/lab9_soc/synthesis/submodules/lab9_soc_mm_interconnect_0_cmd_demux_001.sv" (same filename, same library name and same md5 digest). Skipping analysis of this file.
Info (12021): Found 0 design units, including 0 entities, in source file db/ip/lab9_soc/submodules/lab9_soc_mm_interconnect_0_cmd_demux_001.sv
Info (15248): File "e:/junioryearspring/ece385/lab/lab9/lab9_avalon_provided_2.0/db/ip/lab9_soc/submodules/lab9_soc_mm_interconnect_0_cmd_mux.sv" is a duplicate of already analyzed file "E:/JuniorYearSpring/ECE385/lab/lab9/Lab9_Avalon_Provided_2.0/lab9_soc/synthesis/submodules/lab9_soc_mm_interconnect_0_cmd_mux.sv" (same filename, same library name and same md5 digest). Skipping analysis of this file.
Info (12021): Found 0 design units, including 0 entities, in source file db/ip/lab9_soc/submodules/lab9_soc_mm_interconnect_0_cmd_mux.sv
Info (15248): File "e:/junioryearspring/ece385/lab/lab9/lab9_avalon_provided_2.0/db/ip/lab9_soc/submodules/lab9_soc_mm_interconnect_0_cmd_mux_002.sv" is a duplicate of already analyzed file "E:/JuniorYearSpring/ECE385/lab/lab9/Lab9_Avalon_Provided_2.0/lab9_soc/synthesis/submodules/lab9_soc_mm_interconnect_0_cmd_mux_002.sv" (same filename, same library name and same md5 digest). Skipping analysis of this file.
Info (12021): Found 0 design units, including 0 entities, in source file db/ip/lab9_soc/submodules/lab9_soc_mm_interconnect_0_cmd_mux_002.sv
Info (15248): File "e:/junioryearspring/ece385/lab/lab9/lab9_avalon_provided_2.0/db/ip/lab9_soc/submodules/lab9_soc_mm_interconnect_0_router.sv" is a duplicate of already analyzed file "E:/JuniorYearSpring/ECE385/lab/lab9/Lab9_Avalon_Provided_2.0/lab9_soc/synthesis/submodules/lab9_soc_mm_interconnect_0_router.sv" (same filename, same library name and same md5 digest). Skipping analysis of this file.
Info (12021): Found 0 design units, including 0 entities, in source file db/ip/lab9_soc/submodules/lab9_soc_mm_interconnect_0_router.sv
Info (15248): File "e:/junioryearspring/ece385/lab/lab9/lab9_avalon_provided_2.0/db/ip/lab9_soc/submodules/lab9_soc_mm_interconnect_0_router_001.sv" is a duplicate of already analyzed file "E:/JuniorYearSpring/ECE385/lab/lab9/Lab9_Avalon_Provided_2.0/lab9_soc/synthesis/submodules/lab9_soc_mm_interconnect_0_router_001.sv" (same filename, same library name and same md5 digest). Skipping analysis of this file.
Info (12021): Found 0 design units, including 0 entities, in source file db/ip/lab9_soc/submodules/lab9_soc_mm_interconnect_0_router_001.sv
Info (15248): File "e:/junioryearspring/ece385/lab/lab9/lab9_avalon_provided_2.0/db/ip/lab9_soc/submodules/lab9_soc_mm_interconnect_0_router_002.sv" is a duplicate of already analyzed file "E:/JuniorYearSpring/ECE385/lab/lab9/Lab9_Avalon_Provided_2.0/lab9_soc/synthesis/submodules/lab9_soc_mm_interconnect_0_router_002.sv" (same filename, same library name and same md5 digest). Skipping analysis of this file.
Info (12021): Found 0 design units, including 0 entities, in source file db/ip/lab9_soc/submodules/lab9_soc_mm_interconnect_0_router_002.sv
Info (15248): File "e:/junioryearspring/ece385/lab/lab9/lab9_avalon_provided_2.0/db/ip/lab9_soc/submodules/lab9_soc_mm_interconnect_0_router_004.sv" is a duplicate of already analyzed file "E:/JuniorYearSpring/ECE385/lab/lab9/Lab9_Avalon_Provided_2.0/lab9_soc/synthesis/submodules/lab9_soc_mm_interconnect_0_router_004.sv" (same filename, same library name and same md5 digest). Skipping analysis of this file.
Info (12021): Found 0 design units, including 0 entities, in source file db/ip/lab9_soc/submodules/lab9_soc_mm_interconnect_0_router_004.sv
Info (15248): File "e:/junioryearspring/ece385/lab/lab9/lab9_avalon_provided_2.0/db/ip/lab9_soc/submodules/lab9_soc_mm_interconnect_0_rsp_demux.sv" is a duplicate of already analyzed file "E:/JuniorYearSpring/ECE385/lab/lab9/Lab9_Avalon_Provided_2.0/lab9_soc/synthesis/submodules/lab9_soc_mm_interconnect_0_rsp_demux.sv" (same filename, same library name and same md5 digest). Skipping analysis of this file.
Info (12021): Found 0 design units, including 0 entities, in source file db/ip/lab9_soc/submodules/lab9_soc_mm_interconnect_0_rsp_demux.sv
Info (15248): File "e:/junioryearspring/ece385/lab/lab9/lab9_avalon_provided_2.0/db/ip/lab9_soc/submodules/lab9_soc_mm_interconnect_0_rsp_demux_002.sv" is a duplicate of already analyzed file "E:/JuniorYearSpring/ECE385/lab/lab9/Lab9_Avalon_Provided_2.0/lab9_soc/synthesis/submodules/lab9_soc_mm_interconnect_0_rsp_demux_002.sv" (same filename, same library name and same md5 digest). Skipping analysis of this file.
Info (12021): Found 0 design units, including 0 entities, in source file db/ip/lab9_soc/submodules/lab9_soc_mm_interconnect_0_rsp_demux_002.sv
Info (15248): File "e:/junioryearspring/ece385/lab/lab9/lab9_avalon_provided_2.0/db/ip/lab9_soc/submodules/lab9_soc_mm_interconnect_0_rsp_mux.sv" is a duplicate of already analyzed file "E:/JuniorYearSpring/ECE385/lab/lab9/Lab9_Avalon_Provided_2.0/lab9_soc/synthesis/submodules/lab9_soc_mm_interconnect_0_rsp_mux.sv" (same filename, same library name and same md5 digest). Skipping analysis of this file.
Info (12021): Found 0 design units, including 0 entities, in source file db/ip/lab9_soc/submodules/lab9_soc_mm_interconnect_0_rsp_mux.sv
Info (15248): File "e:/junioryearspring/ece385/lab/lab9/lab9_avalon_provided_2.0/db/ip/lab9_soc/submodules/lab9_soc_mm_interconnect_0_rsp_mux_001.sv" is a duplicate of already analyzed file "E:/JuniorYearSpring/ECE385/lab/lab9/Lab9_Avalon_Provided_2.0/lab9_soc/synthesis/submodules/lab9_soc_mm_interconnect_0_rsp_mux_001.sv" (same filename, same library name and same md5 digest). Skipping analysis of this file.
Info (12021): Found 0 design units, including 0 entities, in source file db/ip/lab9_soc/submodules/lab9_soc_mm_interconnect_0_rsp_mux_001.sv
Info (15248): File "e:/junioryearspring/ece385/lab/lab9/lab9_avalon_provided_2.0/db/ip/lab9_soc/submodules/lab9_soc_nios2_gen2_0.v" is a duplicate of already analyzed file "E:/JuniorYearSpring/ECE385/lab/lab9/Lab9_Avalon_Provided_2.0/lab9_soc/synthesis/submodules/lab9_soc_nios2_gen2_0.v" (same filename, same library name and same md5 digest). Skipping analysis of this file.
Info (12021): Found 0 design units, including 0 entities, in source file db/ip/lab9_soc/submodules/lab9_soc_nios2_gen2_0.v
Info (15248): File "e:/junioryearspring/ece385/lab/lab9/lab9_avalon_provided_2.0/db/ip/lab9_soc/submodules/lab9_soc_nios2_gen2_0_cpu.v" is a duplicate of already analyzed file "E:/JuniorYearSpring/ECE385/lab/lab9/Lab9_Avalon_Provided_2.0/lab9_soc/synthesis/submodules/lab9_soc_nios2_gen2_0_cpu.v" (same filename, same library name and same md5 digest). Skipping analysis of this file.
Info (12021): Found 0 design units, including 0 entities, in source file db/ip/lab9_soc/submodules/lab9_soc_nios2_gen2_0_cpu.v
Info (15248): File "e:/junioryearspring/ece385/lab/lab9/lab9_avalon_provided_2.0/db/ip/lab9_soc/submodules/lab9_soc_nios2_gen2_0_cpu_debug_slave_sysclk.v" is a duplicate of already analyzed file "E:/JuniorYearSpring/ECE385/lab/lab9/Lab9_Avalon_Provided_2.0/lab9_soc/synthesis/submodules/lab9_soc_nios2_gen2_0_cpu_debug_slave_sysclk.v" (same filename, same library name and same md5 digest). Skipping analysis of this file.
Info (12021): Found 0 design units, including 0 entities, in source file db/ip/lab9_soc/submodules/lab9_soc_nios2_gen2_0_cpu_debug_slave_sysclk.v
Info (15248): File "e:/junioryearspring/ece385/lab/lab9/lab9_avalon_provided_2.0/db/ip/lab9_soc/submodules/lab9_soc_nios2_gen2_0_cpu_debug_slave_tck.v" is a duplicate of already analyzed file "E:/JuniorYearSpring/ECE385/lab/lab9/Lab9_Avalon_Provided_2.0/lab9_soc/synthesis/submodules/lab9_soc_nios2_gen2_0_cpu_debug_slave_tck.v" (same filename, same library name and same md5 digest). Skipping analysis of this file.
Info (12021): Found 0 design units, including 0 entities, in source file db/ip/lab9_soc/submodules/lab9_soc_nios2_gen2_0_cpu_debug_slave_tck.v
Info (15248): File "e:/junioryearspring/ece385/lab/lab9/lab9_avalon_provided_2.0/db/ip/lab9_soc/submodules/lab9_soc_nios2_gen2_0_cpu_debug_slave_wrapper.v" is a duplicate of already analyzed file "E:/JuniorYearSpring/ECE385/lab/lab9/Lab9_Avalon_Provided_2.0/lab9_soc/synthesis/submodules/lab9_soc_nios2_gen2_0_cpu_debug_slave_wrapper.v" (same filename, same library name and same md5 digest). Skipping analysis of this file.
Info (12021): Found 0 design units, including 0 entities, in source file db/ip/lab9_soc/submodules/lab9_soc_nios2_gen2_0_cpu_debug_slave_wrapper.v
Info (15248): File "e:/junioryearspring/ece385/lab/lab9/lab9_avalon_provided_2.0/db/ip/lab9_soc/submodules/lab9_soc_nios2_gen2_0_cpu_test_bench.v" is a duplicate of already analyzed file "E:/JuniorYearSpring/ECE385/lab/lab9/Lab9_Avalon_Provided_2.0/lab9_soc/synthesis/submodules/lab9_soc_nios2_gen2_0_cpu_test_bench.v" (same filename, same library name and same md5 digest). Skipping analysis of this file.
Info (12021): Found 0 design units, including 0 entities, in source file db/ip/lab9_soc/submodules/lab9_soc_nios2_gen2_0_cpu_test_bench.v
Info (15248): File "e:/junioryearspring/ece385/lab/lab9/lab9_avalon_provided_2.0/db/ip/lab9_soc/submodules/lab9_soc_sdram.v" is a duplicate of already analyzed file "E:/JuniorYearSpring/ECE385/lab/lab9/Lab9_Avalon_Provided_2.0/lab9_soc/synthesis/submodules/lab9_soc_sdram.v" (same filename, same library name and same md5 digest). Skipping analysis of this file.
Info (12021): Found 0 design units, including 0 entities, in source file db/ip/lab9_soc/submodules/lab9_soc_sdram.v
Info (15248): File "e:/junioryearspring/ece385/lab/lab9/lab9_avalon_provided_2.0/db/ip/lab9_soc/submodules/lab9_soc_sdram_pll.v" is a duplicate of already analyzed file "E:/JuniorYearSpring/ECE385/lab/lab9/Lab9_Avalon_Provided_2.0/lab9_soc/synthesis/submodules/lab9_soc_sdram_pll.v" (same filename, same library name and same md5 digest). Skipping analysis of this file.
Info (12021): Found 0 design units, including 0 entities, in source file db/ip/lab9_soc/submodules/lab9_soc_sdram_pll.v
Error (10228): Verilog HDL error at lab9_soc_sysid_qsys_0.v(34): module "lab9_soc_sysid_qsys_0" cannot be declared more than once File: E:/JuniorYearSpring/ECE385/lab/lab9/Lab9_Avalon_Provided_2.0/db/ip/lab9_soc/submodules/lab9_soc_sysid_qsys_0.v Line: 34
Info (10499): HDL info at lab9_soc_sysid_qsys_0.v(34): see declaration for object "lab9_soc_sysid_qsys_0" File: E:/JuniorYearSpring/ECE385/lab/lab9/Lab9_Avalon_Provided_2.0/lab9_soc/synthesis/submodules/lab9_soc_sysid_qsys_0.v Line: 34
Info (12021): Found 0 design units, including 0 entities, in source file db/ip/lab9_soc/submodules/lab9_soc_sysid_qsys_0.v
Info (144001): Generated suppressed messages file E:/JuniorYearSpring/ECE385/lab/lab9/Lab9_Avalon_Provided_2.0/output_files/lab9.map.smsg
Error: Quartus Prime Analysis & Synthesis was unsuccessful. 1 error, 1 warning
    Error: Peak virtual memory: 4741 megabytes
    Error: Processing ended: Fri May 22 00:19:40 2020
    Error: Elapsed time: 00:00:59
    Error: Total CPU time (on all processors): 00:01:20


+------------------------------------------+
; Analysis & Synthesis Suppressed Messages ;
+------------------------------------------+
The suppressed messages can be found in E:/JuniorYearSpring/ECE385/lab/lab9/Lab9_Avalon_Provided_2.0/output_files/lab9.map.smsg.


