#
# There is insufficient memory for the Java Runtime Environment to continue.
# Native memory allocation (malloc) failed to allocate 1641936 bytes for Chunk::new
# Possible reasons:
#   The system is out of physical RAM or swap space
#   In 32 bit mode, the process size limit was hit
# Possible solutions:
#   Reduce memory load on the system
#   Increase physical memory or swap space
#   Check if swap backing store is full
#   Use 64 bit Java on a 64 bit OS
#   Decrease Java heap size (-Xmx/-Xms)
#   Decrease number of Java threads
#   Decrease Java thread stack sizes (-Xss)
#   Set larger code cache with -XX:ReservedCodeCacheSize=
# This output file may be truncated or incomplete.
#
#  Out of Memory Error (allocation.cpp:388), pid=9068, tid=3464
#
# JRE version: Java(TM) SE Runtime Environment (8.0_05-b13) (build 1.8.0_05-b13)
# Java VM: Java HotSpot(TM) 64-Bit Server VM (25.5-b02 mixed mode windows-amd64 compressed oops)
# Failed to write core dump. Minidumps are not enabled by default on client versions of Windows
#

---------------  T H R E A D  ---------------

Current thread (0x000000001a282800):  JavaThread "C2 CompilerThread1" daemon [_thread_in_native, id=3464, stack(0x000000001a8f0000,0x000000001a9f0000)]

Stack: [0x000000001a8f0000,0x000000001a9f0000]
Native frames: (J=compiled Java code, j=interpreted, Vv=VM code, C=native code)
V  [jvm.dll+0x308dea]
V  [jvm.dll+0x25def1]
V  [jvm.dll+0x25eb0f]
V  [jvm.dll+0x2564e5]
V  [jvm.dll+0xbcfc5]
V  [jvm.dll+0xbd45c]
V  [jvm.dll+0x44d422]
V  [jvm.dll+0x48e13f]
V  [jvm.dll+0x442464]
V  [jvm.dll+0x44366b]
V  [jvm.dll+0x427532]
V  [jvm.dll+0x96702]
V  [jvm.dll+0x96ef3]
V  [jvm.dll+0x2232c4]
V  [jvm.dll+0x27baca]
C  [msvcr100.dll+0x21d9f]
C  [msvcr100.dll+0x21e3b]
C  [KERNEL32.DLL+0x17bd4]
C  [ntdll.dll+0x6ce51]


Current CompileTask:
C2:   1095  917       4       com.sun.org.apache.xerces.internal.impl.XMLNSDocumentScannerImpl::scanStartElement (1015 bytes)


---------------  P R O C E S S  ---------------

Java Threads: ( => current thread )
  0x000000001b062000 JavaThread "Thread-1" [_thread_blocked, id=15584, stack(0x000000001b5f0000,0x000000001b6f0000)]
  0x000000001a2ff800 JavaThread "Service Thread" daemon [_thread_blocked, id=3840, stack(0x000000001abf0000,0x000000001acf0000)]
  0x000000001a28a800 JavaThread "C1 CompilerThread3" daemon [_thread_in_native, id=12972, stack(0x000000001aaf0000,0x000000001abf0000)]
  0x000000001a284800 JavaThread "C2 CompilerThread2" daemon [_thread_in_native, id=20796, stack(0x000000001a9f0000,0x000000001aaf0000)]
=>0x000000001a282800 JavaThread "C2 CompilerThread1" daemon [_thread_in_native, id=3464, stack(0x000000001a8f0000,0x000000001a9f0000)]
  0x000000001a27c800 JavaThread "C2 CompilerThread0" daemon [_thread_in_native, id=15984, stack(0x000000001a7f0000,0x000000001a8f0000)]
  0x000000001a27b800 JavaThread "Attach Listener" daemon [_thread_blocked, id=14764, stack(0x000000001a6f0000,0x000000001a7f0000)]
  0x000000001a27a800 JavaThread "Signal Dispatcher" daemon [_thread_blocked, id=18784, stack(0x000000001a5f0000,0x000000001a6f0000)]
  0x0000000003429000 JavaThread "Finalizer" daemon [_thread_blocked, id=18028, stack(0x000000001a0f0000,0x000000001a1f0000)]
  0x000000001821c000 JavaThread "Reference Handler" daemon [_thread_blocked, id=13904, stack(0x0000000019ff0000,0x000000001a0f0000)]
  0x0000000003334800 JavaThread "main" [_thread_in_Java, id=19332, stack(0x0000000003230000,0x0000000003330000)]

Other Threads:
  0x0000000018219000 VMThread [stack: 0x0000000019ef0000,0x0000000019ff0000] [id=15552]
  0x000000001a312000 WatcherThread [stack: 0x000000001acf0000,0x000000001adf0000] [id=12784]

VM state:not at safepoint (normal execution)

VM Mutex/Monitor currently owned by a thread: None

Heap:
 PSYoungGen      total 25600K, used 3534K [0x00000000d6c00000, 0x00000000d8a00000, 0x0000000100000000)
  eden space 21504K, 7% used [0x00000000d6c00000,0x00000000d6da3b40,0x00000000d8100000)
  from space 4096K, 45% used [0x00000000d8600000,0x00000000d87d0000,0x00000000d8a00000)
  to   space 4608K, 0% used [0x00000000d8100000,0x00000000d8100000,0x00000000d8580000)
 ParOldGen       total 125440K, used 11961K [0x0000000084400000, 0x000000008be80000, 0x00000000d6c00000)
  object space 125440K, 9% used [0x0000000084400000,0x0000000084fae4d8,0x000000008be80000)
 Metaspace       used 8025K, capacity 8302K, committed 8448K, reserved 1056768K
  class space    used 876K, capacity 930K, committed 1024K, reserved 1048576K

Card table byte_map: [0x00000000127f0000,0x0000000012bd0000] byte_map_base: 0x00000000123ce000

Marking Bits: (ParMarkBitMap*) 0x000000005b0613b0
 Begin Bits: [0x0000000013670000, 0x0000000015560000)
 End Bits:   [0x0000000015560000, 0x0000000017450000)

Polling page: 0x0000000001190000

CodeCache: size=245760Kb used=4484Kb max_used=4492Kb free=241275Kb
 bounds [0x0000000003430000, 0x00000000038a0000, 0x0000000012430000]
 total_blobs=1441 nmethods=1142 adapters=213
 compilation: enabled

Compilation events (10 events):
Event: 1.058 Thread 0x000000001a27c800 nmethod 1124 0x000000000387f7d0 code [0x000000000387f900, 0x000000000387f9b8]
Event: 1.058 Thread 0x000000001a27c800 1141       4       com.altera.sopclibrary.conan.IpxUtils::getXmlValue (60 bytes)
Event: 1.059 Thread 0x000000001a28a800 1142       3       java.lang.Integer::getChars (131 bytes)
Event: 1.059 Thread 0x000000001a28a800 nmethod 1142 0x0000000003884290 code [0x0000000003884420, 0x0000000003884890]
Event: 1.060 Thread 0x000000001a27c800 nmethod 1141 0x0000000003883ed0 code [0x0000000003884020, 0x0000000003884118]
Event: 1.060 Thread 0x000000001a27c800 1144       4       com.altera.sopclibrary.conan.Catalog$2::compare (13 bytes)
Event: 1.061 Thread 0x000000001a27c800 nmethod 1144 0x0000000003883b50 code [0x0000000003883ca0, 0x0000000003883d98]
Event: 1.061 Thread 0x000000001a27c800 1143       4       java.lang.String::substring (56 bytes)
Event: 1.066 Thread 0x000000001a27c800 nmethod 1143 0x0000000003886710 code [0x0000000003886860, 0x0000000003886bd8]
Event: 1.066 Thread 0x000000001a27c800 1145       4       java.util.ArrayList::toArray (60 bytes)

GC Heap History (10 events):
Event: 0.309 GC heap before
{Heap before GC invocations=7 (full 0):
 PSYoungGen      total 5632K, used 4760K [0x00000000d6c00000, 0x00000000d7300000, 0x0000000100000000)
  eden space 4096K, 100% used [0x00000000d6c00000,0x00000000d7000000,0x00000000d7000000)
  from space 1536K, 43% used [0x00000000d7180000,0x00000000d7226010,0x00000000d7300000)
  to   space 1536K, 0% used [0x00000000d7000000,0x00000000d7000000,0x00000000d7180000)
 ParOldGen       total 125440K, used 1313K [0x0000000084400000, 0x000000008be80000, 0x00000000d6c00000)
  object space 125440K, 1% used [0x0000000084400000,0x0000000084548658,0x000000008be80000)
 Metaspace       used 4161K, capacity 5184K, committed 5376K, reserved 1056768K
  class space    used 460K, capacity 496K, committed 512K, reserved 1048576K
Event: 0.311 GC heap after
Heap after GC invocations=7 (full 0):
 PSYoungGen      total 5632K, used 595K [0x00000000d6c00000, 0x00000000d7700000, 0x0000000100000000)
  eden space 4096K, 0% used [0x00000000d6c00000,0x00000000d6c00000,0x00000000d7000000)
  from space 1536K, 38% used [0x00000000d7000000,0x00000000d7094e20,0x00000000d7180000)
  to   space 1536K, 0% used [0x00000000d7580000,0x00000000d7580000,0x00000000d7700000)
 ParOldGen       total 125440K, used 1558K [0x0000000084400000, 0x000000008be80000, 0x00000000d6c00000)
  object space 125440K, 1% used [0x0000000084400000,0x0000000084585a00,0x000000008be80000)
 Metaspace       used 4161K, capacity 5184K, committed 5376K, reserved 1056768K
  class space    used 460K, capacity 496K, committed 512K, reserved 1048576K
}
Event: 0.417 GC heap before
{Heap before GC invocations=8 (full 0):
 PSYoungGen      total 5632K, used 4691K [0x00000000d6c00000, 0x00000000d7700000, 0x0000000100000000)
  eden space 4096K, 100% used [0x00000000d6c00000,0x00000000d7000000,0x00000000d7000000)
  from space 1536K, 38% used [0x00000000d7000000,0x00000000d7094e20,0x00000000d7180000)
  to   space 1536K, 0% used [0x00000000d7580000,0x00000000d7580000,0x00000000d7700000)
 ParOldGen       total 125440K, used 1558K [0x0000000084400000, 0x000000008be80000, 0x00000000d6c00000)
  object space 125440K, 1% used [0x0000000084400000,0x0000000084585a00,0x000000008be80000)
 Metaspace       used 5002K, capacity 5610K, committed 5760K, reserved 1056768K
  class space    used 556K, capacity 594K, committed 640K, reserved 1048576K
Event: 0.419 GC heap after
Heap after GC invocations=8 (full 0):
 PSYoungGen      total 9728K, used 1127K [0x00000000d6c00000, 0x00000000d7700000, 0x0000000100000000)
  eden space 8192K, 0% used [0x00000000d6c00000,0x00000000d6c00000,0x00000000d7400000)
  from space 1536K, 73% used [0x00000000d7580000,0x00000000d7699fb8,0x00000000d7700000)
  to   space 1536K, 0% used [0x00000000d7400000,0x00000000d7400000,0x00000000d7580000)
 ParOldGen       total 125440K, used 1758K [0x0000000084400000, 0x000000008be80000, 0x00000000d6c00000)
  object space 125440K, 1% used [0x0000000084400000,0x00000000845b7a00,0x000000008be80000)
 Metaspace       used 5002K, capacity 5610K, committed 5760K, reserved 1056768K
  class space    used 556K, capacity 594K, committed 640K, reserved 1048576K
}
Event: 0.571 GC heap before
{Heap before GC invocations=9 (full 0):
 PSYoungGen      total 9728K, used 9319K [0x00000000d6c00000, 0x00000000d7700000, 0x0000000100000000)
  eden space 8192K, 100% used [0x00000000d6c00000,0x00000000d7400000,0x00000000d7400000)
  from space 1536K, 73% used [0x00000000d7580000,0x00000000d7699fb8,0x00000000d7700000)
  to   space 1536K, 0% used [0x00000000d7400000,0x00000000d7400000,0x00000000d7580000)
 ParOldGen       total 125440K, used 1758K [0x0000000084400000, 0x000000008be80000, 0x00000000d6c00000)
  object space 125440K, 1% used [0x0000000084400000,0x00000000845b7a00,0x000000008be80000)
 Metaspace       used 6087K, capacity 6504K, committed 6656K, reserved 1056768K
  class space    used 680K, capacity 764K, committed 768K, reserved 1048576K
Event: 0.574 GC heap after
Heap after GC invocations=9 (full 0):
 PSYoungGen      total 9728K, used 1533K [0x00000000d6c00000, 0x00000000d7d00000, 0x0000000100000000)
  eden space 8192K, 0% used [0x00000000d6c00000,0x00000000d6c00000,0x00000000d7400000)
  from space 1536K, 99% used [0x00000000d7400000,0x00000000d757f400,0x00000000d7580000)
  to   space 2048K, 0% used [0x00000000d7b00000,0x00000000d7b00000,0x00000000d7d00000)
 ParOldGen       total 125440K, used 2589K [0x0000000084400000, 0x000000008be80000, 0x00000000d6c00000)
  object space 125440K, 2% used [0x0000000084400000,0x00000000846875a0,0x000000008be80000)
 Metaspace       used 6087K, capacity 6504K, committed 6656K, reserved 1056768K
  class space    used 680K, capacity 764K, committed 768K, reserved 1048576K
}
Event: 0.619 GC heap before
{Heap before GC invocations=10 (full 0):
 PSYoungGen      total 9728K, used 9725K [0x00000000d6c00000, 0x00000000d7d00000, 0x0000000100000000)
  eden space 8192K, 100% used [0x00000000d6c00000,0x00000000d7400000,0x00000000d7400000)
  from space 1536K, 99% used [0x00000000d7400000,0x00000000d757f400,0x00000000d7580000)
  to   space 2048K, 0% used [0x00000000d7b00000,0x00000000d7b00000,0x00000000d7d00000)
 ParOldGen       total 125440K, used 2589K [0x0000000084400000, 0x000000008be80000, 0x00000000d6c00000)
  object space 125440K, 2% used [0x0000000084400000,0x00000000846875a0,0x000000008be80000)
 Metaspace       used 6339K, capacity 6718K, committed 7040K, reserved 1056768K
  class space    used 701K, capacity 770K, committed 896K, reserved 1048576K
Event: 0.622 GC heap after
Heap after GC invocations=10 (full 0):
 PSYoungGen      total 15360K, used 1174K [0x00000000d6c00000, 0x00000000d7d00000, 0x0000000100000000)
  eden space 13312K, 0% used [0x00000000d6c00000,0x00000000d6c00000,0x00000000d7900000)
  from space 2048K, 57% used [0x00000000d7b00000,0x00000000d7c25858,0x00000000d7d00000)
  to   space 2048K, 0% used [0x00000000d7900000,0x00000000d7900000,0x00000000d7b00000)
 ParOldGen       total 125440K, used 3025K [0x0000000084400000, 0x000000008be80000, 0x00000000d6c00000)
  object space 125440K, 2% used [0x0000000084400000,0x00000000846f4718,0x000000008be80000)
 Metaspace       used 6339K, capacity 6718K, committed 7040K, reserved 1056768K
  class space    used 701K, capacity 770K, committed 896K, reserved 1048576K
}
Event: 0.877 GC heap before
{Heap before GC invocations=11 (full 0):
 PSYoungGen      total 15360K, used 14486K [0x00000000d6c00000, 0x00000000d7d00000, 0x0000000100000000)
  eden space 13312K, 100% used [0x00000000d6c00000,0x00000000d7900000,0x00000000d7900000)
  from space 2048K, 57% used [0x00000000d7b00000,0x00000000d7c25858,0x00000000d7d00000)
  to   space 2048K, 0% used [0x00000000d7900000,0x00000000d7900000,0x00000000d7b00000)
 ParOldGen       total 125440K, used 3025K [0x0000000084400000, 0x000000008be80000, 0x00000000d6c00000)
  object space 125440K, 2% used [0x0000000084400000,0x00000000846f4718,0x000000008be80000)
 Metaspace       used 7932K, capacity 8174K, committed 8448K, reserved 1056768K
  class space    used 872K, capacity 930K, committed 1024K, reserved 1048576K
Event: 0.895 GC heap after
Heap after GC invocations=11 (full 0):
 PSYoungGen      total 15360K, used 2016K [0x00000000d6c00000, 0x00000000d8b00000, 0x0000000100000000)
  eden space 13312K, 0% used [0x00000000d6c00000,0x00000000d6c00000,0x00000000d7900000)
  from space 2048K, 98% used [0x00000000d7900000,0x00000000d7af8010,0x00000000d7b00000)
  to   space 5120K, 0% used [0x00000000d8600000,0x00000000d8600000,0x00000000d8b00000)
 ParOldGen       total 125440K, used 9933K [0x0000000084400000, 0x000000008be80000, 0x00000000d6c00000)
  object space 125440K, 7% used [0x0000000084400000,0x0000000084db3448,0x000000008be80000)
 Metaspace       used 7932K, capacity 8174K, committed 8448K, reserved 1056768K
  class space    used 872K, capacity 930K, committed 1024K, reserved 1048576K
}

Deoptimization events (10 events):
Event: 0.412 Thread 0x0000000003334800 Uncommon trap: reason=bimorphic action=maybe_recompile pc=0x00000000035c9858 method=java.util.regex.Pattern$BmpCharProperty.match(Ljava/util/regex/Matcher;ILjava/lang/CharSequence;)Z @ 16
Event: 0.412 Thread 0x0000000003334800 Uncommon trap: reason=bimorphic action=maybe_recompile pc=0x00000000035cdac8 method=java.util.regex.Pattern$CharProperty.match(Ljava/util/regex/Matcher;ILjava/lang/CharSequence;)Z @ 18
Event: 0.413 Thread 0x0000000003334800 Uncommon trap: reason=bimorphic action=maybe_recompile pc=0x00000000035cdac8 method=java.util.regex.Pattern$CharProperty.match(Ljava/util/regex/Matcher;ILjava/lang/CharSequence;)Z @ 18
Event: 0.413 Thread 0x0000000003334800 Uncommon trap: reason=bimorphic action=maybe_recompile pc=0x00000000035cdac8 method=java.util.regex.Pattern$CharProperty.match(Ljava/util/regex/Matcher;ILjava/lang/CharSequence;)Z @ 18
Event: 0.413 Thread 0x0000000003334800 Uncommon trap: reason=bimorphic action=maybe_recompile pc=0x00000000035cdac8 method=java.util.regex.Pattern$CharProperty.match(Ljava/util/regex/Matcher;ILjava/lang/CharSequence;)Z @ 18
Event: 0.455 Thread 0x0000000003334800 Uncommon trap: reason=unreached action=reinterpret pc=0x00000000036746c8 method=java.lang.AbstractStringBuilder.append(Ljava/lang/String;)Ljava/lang/AbstractStringBuilder; @ 1
Event: 0.455 Thread 0x0000000003334800 Uncommon trap: reason=unreached action=reinterpret pc=0x000000000366cbac method=java.lang.AbstractStringBuilder.append(Ljava/lang/String;)Ljava/lang/AbstractStringBuilder; @ 1
Event: 0.467 Thread 0x0000000003334800 Uncommon trap: reason=unreached action=reinterpret pc=0x000000000361b338 method=java.util.regex.Pattern.compile()V @ 271
Event: 0.589 Thread 0x0000000003334800 Uncommon trap: reason=bimorphic action=maybe_recompile pc=0x0000000003677fac method=java.util.regex.Pattern$CharProperty.match(Ljava/util/regex/Matcher;ILjava/lang/CharSequence;)Z @ 37
Event: 0.593 Thread 0x0000000003334800 Uncommon trap: reason=bimorphic action=maybe_recompile pc=0x0000000003677fac method=java.util.regex.Pattern$CharProperty.match(Ljava/util/regex/Matcher;ILjava/lang/CharSequence;)Z @ 37

Internal exceptions (10 events):
Event: 0.977 Thread 0x0000000003334800 Exception <a 'java/lang/ClassNotFoundException': > (0x00000000d6fd8dd0) thrown at [D:\re\workspace\8-2-build-windows-amd64-cygwin\jdk8u5\2488\hotspot\src\share\vm\prims\jni.cpp, line 742]
Event: 0.993 Thread 0x0000000003334800 Exception <a 'java/lang/ClassNotFoundException': > (0x00000000d70d90b0) thrown at [D:\re\workspace\8-2-build-windows-amd64-cygwin\jdk8u5\2488\hotspot\src\share\vm\prims\jni.cpp, line 742]
Event: 0.994 Thread 0x0000000003334800 Exception <a 'java/lang/ClassNotFoundException': > (0x00000000d70e2168) thrown at [D:\re\workspace\8-2-build-windows-amd64-cygwin\jdk8u5\2488\hotspot\src\share\vm\prims\jni.cpp, line 742]
Event: 0.994 Thread 0x0000000003334800 Exception <a 'java/lang/ClassNotFoundException': > (0x00000000d70eb1e0) thrown at [D:\re\workspace\8-2-build-windows-amd64-cygwin\jdk8u5\2488\hotspot\src\share\vm\prims\jni.cpp, line 742]
Event: 0.995 Thread 0x0000000003334800 Exception <a 'java/security/PrivilegedActionException'> (0x00000000d70f3830) thrown at [D:\re\workspace\8-2-build-windows-amd64-cygwin\jdk8u5\2488\hotspot\src\share\vm\prims\jvm.cpp, line 1248]
Event: 1.010 Thread 0x0000000003334800 Exception <a 'java/lang/ClassNotFoundException': > (0x00000000d7183b50) thrown at [D:\re\workspace\8-2-build-windows-amd64-cygwin\jdk8u5\2488\hotspot\src\share\vm\prims\jni.cpp, line 742]
Event: 1.015 Thread 0x0000000003334800 Exception <a 'java/lang/ClassNotFoundException': > (0x00000000d71e1d98) thrown at [D:\re\workspace\8-2-build-windows-amd64-cygwin\jdk8u5\2488\hotspot\src\share\vm\prims\jni.cpp, line 742]
Event: 1.036 Thread 0x0000000003334800 Exception <a 'java/lang/ClassNotFoundException': > (0x00000000d73ea578) thrown at [D:\re\workspace\8-2-build-windows-amd64-cygwin\jdk8u5\2488\hotspot\src\share\vm\prims\jni.cpp, line 742]
Event: 1.046 Thread 0x0000000003334800 Exception <a 'java/lang/ClassNotFoundException': > (0x00000000d74a66d0) thrown at [D:\re\workspace\8-2-build-windows-amd64-cygwin\jdk8u5\2488\hotspot\src\share\vm\prims\jni.cpp, line 742]
Event: 1.051 Thread 0x0000000003334800 Exception <a 'java/lang/ClassNotFoundException': > (0x00000000d752f658) thrown at [D:\re\workspace\8-2-build-windows-amd64-cygwin\jdk8u5\2488\hotspot\src\share\vm\prims\jni.cpp, line 742]

Events (10 events):
Event: 1.046 Thread 0x0000000003334800 DEOPT PACKING pc=0x000000000383c4f5 sp=0x000000000332dfe0
Event: 1.046 Thread 0x0000000003334800 DEOPT UNPACKING pc=0x0000000003477604 sp=0x000000000332dcf8 mode 0
Event: 1.048 Thread 0x0000000003334800 DEOPT PACKING pc=0x000000000383c4f5 sp=0x000000000332dfe0
Event: 1.048 Thread 0x0000000003334800 DEOPT UNPACKING pc=0x0000000003477604 sp=0x000000000332dcf8 mode 0
Event: 1.050 Thread 0x0000000003334800 DEOPT PACKING pc=0x000000000383c4f5 sp=0x000000000332dfe0
Event: 1.050 Thread 0x0000000003334800 DEOPT UNPACKING pc=0x0000000003477604 sp=0x000000000332dcf8 mode 0
Event: 1.052 Thread 0x0000000003334800 DEOPT PACKING pc=0x000000000383c4f5 sp=0x000000000332dfe0
Event: 1.052 Thread 0x0000000003334800 DEOPT UNPACKING pc=0x0000000003477604 sp=0x000000000332dcf8 mode 0
Event: 1.054 Thread 0x0000000003334800 DEOPT PACKING pc=0x000000000383c4f5 sp=0x000000000332dfe0
Event: 1.054 Thread 0x0000000003334800 DEOPT UNPACKING pc=0x0000000003477604 sp=0x000000000332dcf8 mode 0


Dynamic libraries:
0x00007ff739df0000 - 0x00007ff739e24000 	C:\intelfpga_lite\18.1\quartus\bin64\jre64\bin\java.exe
0x00007fffea540000 - 0x00007fffea730000 	C:\WINDOWS\SYSTEM32\ntdll.dll
0x00007fffe85f0000 - 0x00007fffe86a2000 	C:\WINDOWS\System32\KERNEL32.DLL
0x00007fffe78b0000 - 0x00007fffe7b54000 	C:\WINDOWS\System32\KERNELBASE.dll
0x00007fffe9ea0000 - 0x00007fffe9f43000 	C:\WINDOWS\System32\ADVAPI32.dll
0x00007fffe9f50000 - 0x00007fffe9fee000 	C:\WINDOWS\System32\msvcrt.dll
0x00007fffe9ff0000 - 0x00007fffea087000 	C:\WINDOWS\System32\sechost.dll
0x00007fffe94e0000 - 0x00007fffe9600000 	C:\WINDOWS\System32\RPCRT4.dll
0x00007fffe8970000 - 0x00007fffe8b05000 	C:\WINDOWS\System32\USER32.dll
0x00007fffe7540000 - 0x00007fffe7561000 	C:\WINDOWS\System32\win32u.dll
0x00007fffe9df0000 - 0x00007fffe9e16000 	C:\WINDOWS\System32\GDI32.dll
0x00007fffe7590000 - 0x00007fffe7726000 	C:\WINDOWS\System32\gdi32full.dll
0x00007fffe8550000 - 0x00007fffe85ee000 	C:\WINDOWS\System32\msvcp_win.dll
0x00007fffe7760000 - 0x00007fffe785a000 	C:\WINDOWS\System32\ucrtbase.dll
0x00007fffd7fe0000 - 0x00007fffd8264000 	C:\WINDOWS\WinSxS\amd64_microsoft.windows.common-controls_6595b64144ccf1df_6.0.18362.1016_none_9e7a36bbe461dae4\COMCTL32.dll
0x00007fffe8b40000 - 0x00007fffe8e75000 	C:\WINDOWS\System32\combase.dll
0x00007fffe74c0000 - 0x00007fffe7540000 	C:\WINDOWS\System32\bcryptPrimitives.dll
0x00007fffe9dc0000 - 0x00007fffe9dee000 	C:\WINDOWS\System32\IMM32.DLL
0x000000005baf0000 - 0x000000005bbc2000 	C:\intelfpga_lite\18.1\quartus\bin64\jre64\bin\msvcr100.dll
0x000000005a8b0000 - 0x000000005b0da000 	C:\intelfpga_lite\18.1\quartus\bin64\jre64\bin\server\jvm.dll
0x00007fffe9450000 - 0x00007fffe9458000 	C:\WINDOWS\System32\PSAPI.DLL
0x00007fffe4b20000 - 0x00007fffe4b44000 	C:\WINDOWS\SYSTEM32\WINMM.dll
0x00007fffd71c0000 - 0x00007fffd71c9000 	C:\WINDOWS\SYSTEM32\WSOCK32.dll
0x00007fffe93e0000 - 0x00007fffe944f000 	C:\WINDOWS\System32\WS2_32.dll
0x00007fffe4910000 - 0x00007fffe493d000 	C:\WINDOWS\SYSTEM32\winmmbase.dll
0x00007fffe7860000 - 0x00007fffe78aa000 	C:\WINDOWS\System32\cfgmgr32.dll
0x000000005cbc0000 - 0x000000005cbcf000 	C:\intelfpga_lite\18.1\quartus\bin64\jre64\bin\verify.dll
0x000000005bac0000 - 0x000000005bae8000 	C:\intelfpga_lite\18.1\quartus\bin64\jre64\bin\java.dll
0x000000005baa0000 - 0x000000005bab6000 	C:\intelfpga_lite\18.1\quartus\bin64\jre64\bin\zip.dll
0x00007fffe96d0000 - 0x00007fffe9db7000 	C:\WINDOWS\System32\SHELL32.dll
0x00007fffe8860000 - 0x00007fffe8909000 	C:\WINDOWS\System32\shcore.dll
0x00007fffe7b60000 - 0x00007fffe82e2000 	C:\WINDOWS\System32\windows.storage.dll
0x00007fffe7400000 - 0x00007fffe7423000 	C:\WINDOWS\System32\profapi.dll
0x00007fffe7470000 - 0x00007fffe74ba000 	C:\WINDOWS\System32\powrprof.dll
0x00007fffe73f0000 - 0x00007fffe7400000 	C:\WINDOWS\System32\UMPDC.dll
0x00007fffe9260000 - 0x00007fffe92b2000 	C:\WINDOWS\System32\shlwapi.dll
0x00007fffe7450000 - 0x00007fffe7461000 	C:\WINDOWS\System32\kernel.appcore.dll
0x00007fffe7570000 - 0x00007fffe7587000 	C:\WINDOWS\System32\cryptsp.dll
0x00007fffe5d00000 - 0x00007fffe5ef4000 	C:\WINDOWS\SYSTEM32\dbghelp.dll

VM Arguments:
java_command: com.altera.embeddedsw.commandline.bsp.BspGenerateFilesCommand --bsp-dir . --settings settings.bsp
java_class_path (initial): C:/intelfpga_lite/18.1/nios2eds/sdk2/lib\TableLayout.jar;C:/intelfpga_lite/18.1/nios2eds/sdk2/lib\appframework-1.03.jar;C:/intelfpga_lite/18.1/nios2eds/sdk2/lib\beansbinding-1.2.1.jar;C:/intelfpga_lite/18.1/nios2eds/sdk2/lib\binding-2.0.6.jar;C:/intelfpga_lite/18.1/nios2eds/sdk2/lib\com.altera.embeddedsw.app_lib.jar;C:/intelfpga_lite/18.1/nios2eds/sdk2/lib\com.altera.embeddedsw.bsp.editor.jar;C:/intelfpga_lite/18.1/nios2eds/sdk2/lib\com.altera.embeddedsw.bsp.elements.jar;C:/intelfpga_lite/18.1/nios2eds/sdk2/lib\com.altera.embeddedsw.bsp.jar;C:/intelfpga_lite/18.1/nios2eds/sdk2/lib\com.altera.embeddedsw.bsp.plugin.core.jar;C:/intelfpga_lite/18.1/nios2eds/sdk2/lib\com.altera.embeddedsw.bsp.plugin.hal.jar;C:/intelfpga_lite/18.1/nios2eds/sdk2/lib\com.altera.embeddedsw.bsp.plugin.lwhal.jar;C:/intelfpga_lite/18.1/nios2eds/sdk2/lib\com.altera.embeddedsw.bsp.schema.jar;C:/intelfpga_lite/18.1/nios2eds/sdk2/lib\com.altera.embeddedsw.bsp.scripting.jar;C:/intelfpga_lite/18.1/nios2eds/sdk2/lib\com.altera.embeddedsw.commandline.jar;C:/intelfpga_lite/18.1/nios2eds/sdk2/lib\com.altera.embeddedsw.cpexample.jar;C:/intelfpga_lite/18.1/nios2eds/sdk2/lib\com.altera.embeddedsw.flash.jar;C:/intelfpga_lite/18.1/nios2eds/sdk2/lib\com.altera.embeddedsw.launch.jar;C:/intelfpga_lite/18.1/nios2eds/sdk2/lib\com.altera.embeddedsw.swinfo.jar;C:/intelfpga_lite/18.1/nios2eds/sdk2/lib\com.altera.embeddedsw.utilities.jar;C:/intelfpga_lite/18.1/nios2eds/sdk2/lib\com.altera.entityinterfaces.jar;C:/intelfpga_lite/18.1/nios2eds/sdk2/lib\com.altera.hdlcomponent.jar;C:/intelfpga_lite/18.1/nios2eds/sdk2/lib\com.altera.hdlwriter.jar;C:/intelfpga_lite/18.1/nios2eds/sdk2/lib\com.altera.infrastructure.jar;C:/intelfpga_lite/18.1/nios2eds/sdk2/lib\com.altera.jdbcsqlite.jar;C:/intelfpga_lite/18.1/nios2eds/sdk2/lib\com.altera.jtagsimulator.jar;C:/intelfpga_lite/18.1/nios2eds/sdk2/lib\com.altera.librarian.jar;C:/intelfpga_lite/18.1/nios2eds/sdk2/lib\com.altera.megawizard2.jar;C:/intelfpga
Launcher Type: SUN_STANDARD

Environment Variables:
PATH=C:/intelfpga_lite/18.1/quartus\..\nios2eds\bin;C:/intelfpga_lite/18.1/quartus\..\nios2eds\sdk2\bin;C:/intelfpga_lite/18.1/quartus\..\nios2eds\bin\gnu\H-x86_64-mingw32\bin;;C:/intelfpga_lite/18.1/quartus/bin64;C:/intelfpga_lite/18.1/nios2eds/bin/cygpath;C:/intelfpga_lite/18.1/quartus/sopc_builder/model/lib;C:/intelfpga_lite/18.1/quartus/bin32;c:\intelfpga_lite\18.1\quartus\bin64\;D:\xshell\;D:\xftp\;C:\Users\cc\AppData\Local\Programs\Python\Python37\Scripts;C:\Program Files (x86)\Common Files\Intel\Shared Libraries\redist\intel64_win\compiler;C:\Users\cc\AppData\Local\Programs\Python\Python37;C:\CTEX\UserData\miktex\bin;C:\CTEX\MiKTeX\miktex\bin;C:\CTEX\CTeX\ctex\bin;C:\CTEX\CTeX\cct\bin;C:\CTEX\CTeX\ty\bin;C:\CTEX\Ghostscript\gs9.05\bin;C:\CTEX\GSview\gsview;C:\CTEX\WinEdt;C:\texlive\2019\bin\win32;D:\latex\texlive\2019\bin\win32;C:\Windows\System32;C:\WINDOWS\system32;C:\WINDOWS;C:\WINDOWS\System32\Wbem;C:\WINDOWS\System32\WindowsPowerShell\v1.0\;C:\WINDOWS\System32\OpenSSH\;D:\git\Git\cmd;D:\Cmake\bin;C:\Program Files\CMake\bin;C:\Users\cc\AppData\Roaming\Python\Python37\Scripts;C:\Program Files\dotnet\;C:\Windows\System32;C:\Users\cc\AppData\Local\Programs\Python\Python37\lib\site-packages;D:\PUTTY\;C:\Program Files (x86)\Intel\Intel(R) Management Engine Components\DAL;C:\Program Files\Intel\Intel(R) Management Engine Components\DAL;C:\Users\cc\AppData\Local\Microsoft\WindowsApps;E:\VScode\Microsoft VS Code\bin;D:\pycharm\PyCharm 2019.1\bin;;C:\Windows\system32;C:\intelFPGA\18.1\modelsim_ase\win32aloem;C:\intelFPGA_lite\18.1\modelsim_ase\win32aloem;C:\Users\cc\AppData\Local\Programs\Python\Python37\lib\site-packages;
USERNAME=cc
OS=Windows_NT
PROCESSOR_IDENTIFIER=Intel64 Family 6 Model 142 Stepping 10, GenuineIntel



---------------  S Y S T E M  ---------------

OS: Windows 8.1 , 64 bit Build 9600 

CPU:total 8 (4 cores per cpu, 2 threads per core) family 6 model 142 stepping 10, cmov, cx8, fxsr, mmx, sse, sse2, sse3, ssse3, sse4.1, sse4.2, popcnt, avx, avx2, aes, clmul, erms, ht, tsc, tscinvbit

Memory: 4k page, physical 8105848k(1515612k free), swap 12300152k(24628k free)

vm_info: Java HotSpot(TM) 64-Bit Server VM (25.5-b02) for windows-amd64 JRE (1.8.0_05-b13), built on Mar 18 2014 01:08:39 by "java_re" with MS VC++ 10.0 (VS2010)

time: Wed Sep 02 12:53:41 2020
elapsed time: 1 seconds

