#
# There is insufficient memory for the Java Runtime Environment to continue.
# Native memory allocation (malloc) failed to allocate 132512 bytes for Chunk::new
# Possible reasons:
#   The system is out of physical RAM or swap space
#   In 32 bit mode, the process size limit was hit
# Possible solutions:
#   Reduce memory load on the system
#   Increase physical memory or swap space
#   Check if swap backing store is full
#   Use 64 bit Java on a 64 bit OS
#   Decrease Java heap size (-Xmx/-Xms)
#   Decrease number of Java threads
#   Decrease Java thread stack sizes (-Xss)
#   Set larger code cache with -XX:ReservedCodeCacheSize=
# This output file may be truncated or incomplete.
#
#  Out of Memory Error (allocation.cpp:388), pid=23580, tid=19144
#
# JRE version: Java(TM) SE Runtime Environment (8.0_05-b13) (build 1.8.0_05-b13)
# Java VM: Java HotSpot(TM) 64-Bit Server VM (25.5-b02 mixed mode windows-amd64 compressed oops)
# Failed to write core dump. Minidumps are not enabled by default on client versions of Windows
#

---------------  T H R E A D  ---------------

Current thread (0x0000000019ce4000):  JavaThread "C2 CompilerThread0" daemon [_thread_in_native, id=19144, stack(0x000000001a2a0000,0x000000001a3a0000)]

Stack: [0x000000001a2a0000,0x000000001a3a0000]
Native frames: (J=compiled Java code, j=interpreted, Vv=VM code, C=native code)
V  [jvm.dll+0x308dea]
V  [jvm.dll+0x25def1]
V  [jvm.dll+0x25eb0f]
V  [jvm.dll+0x2564e5]
V  [jvm.dll+0xbcfc5]
V  [jvm.dll+0xbd45c]
V  [jvm.dll+0x468c07]
V  [jvm.dll+0x43638b]
V  [jvm.dll+0x44111e]
V  [jvm.dll+0x4436a9]
V  [jvm.dll+0x427532]
V  [jvm.dll+0x96702]
V  [jvm.dll+0x96ef3]
V  [jvm.dll+0x2232c4]
V  [jvm.dll+0x27baca]
C  [msvcr100.dll+0x21d9f]
C  [msvcr100.dll+0x21e3b]
C  [KERNEL32.DLL+0x17bd4]
C  [ntdll.dll+0x6ce51]


Current CompileTask:
C2:    924  780       4       java.util.regex.Pattern::compile (406 bytes)


---------------  P R O C E S S  ---------------

Java Threads: ( => current thread )
  0x000000001aa09800 JavaThread "Thread-1" [_thread_blocked, id=2756, stack(0x000000001b0a0000,0x000000001b1a0000)]
  0x0000000019dc2000 JavaThread "Service Thread" daemon [_thread_blocked, id=22164, stack(0x000000001a6a0000,0x000000001a7a0000)]
  0x0000000019d45800 JavaThread "C1 CompilerThread3" daemon [_thread_blocked, id=1960, stack(0x000000001a5a0000,0x000000001a6a0000)]
  0x0000000019d3e000 JavaThread "C2 CompilerThread2" daemon [_thread_blocked, id=2928, stack(0x000000001a4a0000,0x000000001a5a0000)]
  0x0000000019d33000 JavaThread "C2 CompilerThread1" daemon [_thread_blocked, id=25352, stack(0x000000001a3a0000,0x000000001a4a0000)]
=>0x0000000019ce4000 JavaThread "C2 CompilerThread0" daemon [_thread_in_native, id=19144, stack(0x000000001a2a0000,0x000000001a3a0000)]
  0x0000000019cdf000 JavaThread "Attach Listener" daemon [_thread_blocked, id=17524, stack(0x000000001a1a0000,0x000000001a2a0000)]
  0x0000000019cde000 JavaThread "Signal Dispatcher" daemon [_thread_blocked, id=1636, stack(0x000000001a0a0000,0x000000001a1a0000)]
  0x0000000002ed9000 JavaThread "Finalizer" daemon [_thread_blocked, id=9788, stack(0x0000000019ba0000,0x0000000019ca0000)]
  0x0000000017ccc000 JavaThread "Reference Handler" daemon [_thread_blocked, id=5768, stack(0x0000000019aa0000,0x0000000019ba0000)]
  0x0000000002de4800 JavaThread "main" [_thread_in_Java, id=7784, stack(0x0000000002980000,0x0000000002a80000)]

Other Threads:
  0x0000000017cc9000 VMThread [stack: 0x00000000199a0000,0x0000000019aa0000] [id=25240]
  0x0000000019dca800 WatcherThread [stack: 0x000000001a7a0000,0x000000001a8a0000] [id=17132]

VM state:not at safepoint (normal execution)

VM Mutex/Monitor currently owned by a thread: None

Heap:
 PSYoungGen      total 15360K, used 6501K [0x00000000d6c00000, 0x00000000d7d00000, 0x0000000100000000)
  eden space 13312K, 39% used [0x00000000d6c00000,0x00000000d71293d8,0x00000000d7900000)
  from space 2048K, 59% used [0x00000000d7b00000,0x00000000d7c300d8,0x00000000d7d00000)
  to   space 2048K, 0% used [0x00000000d7900000,0x00000000d7900000,0x00000000d7b00000)
 ParOldGen       total 125440K, used 3085K [0x0000000084400000, 0x000000008be80000, 0x00000000d6c00000)
  object space 125440K, 2% used [0x0000000084400000,0x00000000847034b0,0x000000008be80000)
 Metaspace       used 7875K, capacity 8110K, committed 8448K, reserved 1056768K
  class space    used 867K, capacity 930K, committed 1024K, reserved 1048576K

Card table byte_map: [0x00000000122a0000,0x0000000012680000] byte_map_base: 0x0000000011e7e000

Marking Bits: (ParMarkBitMap*) 0x000000005bb513b0
 Begin Bits: [0x0000000013120000, 0x0000000015010000)
 End Bits:   [0x0000000015010000, 0x0000000016f00000)

Polling page: 0x0000000001160000

CodeCache: size=245760Kb used=3438Kb max_used=3451Kb free=242321Kb
 bounds [0x0000000002ee0000, 0x0000000003250000, 0x0000000011ee0000]
 total_blobs=1154 nmethods=855 adapters=212
 compilation: disabled (not enough contiguous free space left)

Compilation events (10 events):
Event: 0.882 Thread 0x0000000019d45800  825       3       java.util.Formatter$FixedString::index (3 bytes)
Event: 0.882 Thread 0x0000000019d45800 nmethod 825 0x0000000003223310 code [0x0000000003223460, 0x00000000032235b0]
Event: 0.886 Thread 0x0000000019d45800  826       3       java.lang.String::<init> (15 bytes)
Event: 0.886 Thread 0x0000000019d45800 nmethod 826 0x0000000003223610 code [0x00000000032237a0, 0x0000000003223b68]
Event: 0.886 Thread 0x0000000019d45800  828       3       java.util.Arrays$ArrayList::get (7 bytes)
Event: 0.886 Thread 0x0000000019d45800 nmethod 828 0x0000000003223d10 code [0x0000000003223e60, 0x0000000003223fd0]
Event: 0.886 Thread 0x0000000019d45800  827       3       java.io.WinNTFileSystem::resolve (231 bytes)
Event: 0.888 Thread 0x0000000019d45800 nmethod 827 0x00000000032240d0 code [0x00000000032243a0, 0x0000000003225c68]
Event: 0.888 Thread 0x0000000019d45800  829       1       com.altera.utilities.AltFileTraverser$PathAndPattern::getDirectory (5 bytes)
Event: 0.888 Thread 0x0000000019d45800 nmethod 829 0x0000000003226850 code [0x00000000032269a0, 0x0000000003226ab0]

GC Heap History (10 events):
Event: 0.350 GC heap before
{Heap before GC invocations=6 (full 0):
 PSYoungGen      total 2560K, used 2552K [0x00000000d6c00000, 0x00000000d7300000, 0x0000000100000000)
  eden space 2048K, 100% used [0x00000000d6c00000,0x00000000d6e00000,0x00000000d6e00000)
  from space 512K, 98% used [0x00000000d6e00000,0x00000000d6e7e010,0x00000000d6e80000)
  to   space 1536K, 0% used [0x00000000d7180000,0x00000000d7180000,0x00000000d7300000)
 ParOldGen       total 125440K, used 1333K [0x0000000084400000, 0x000000008be80000, 0x00000000d6c00000)
  object space 125440K, 1% used [0x0000000084400000,0x000000008454d600,0x000000008be80000)
 Metaspace       used 3930K, capacity 4926K, committed 5120K, reserved 1056768K
  class space    used 429K, capacity 430K, committed 512K, reserved 1048576K
Event: 0.351 GC heap after
Heap after GC invocations=6 (full 0):
 PSYoungGen      total 5632K, used 632K [0x00000000d6c00000, 0x00000000d7300000, 0x0000000100000000)
  eden space 4096K, 0% used [0x00000000d6c00000,0x00000000d6c00000,0x00000000d7000000)
  from space 1536K, 41% used [0x00000000d7180000,0x00000000d721e010,0x00000000d7300000)
  to   space 1536K, 0% used [0x00000000d7000000,0x00000000d7000000,0x00000000d7180000)
 ParOldGen       total 125440K, used 1341K [0x0000000084400000, 0x000000008be80000, 0x00000000d6c00000)
  object space 125440K, 1% used [0x0000000084400000,0x000000008454f600,0x000000008be80000)
 Metaspace       used 3930K, capacity 4926K, committed 5120K, reserved 1056768K
  class space    used 429K, capacity 430K, committed 512K, reserved 1048576K
}
Event: 0.401 GC heap before
{Heap before GC invocations=7 (full 0):
 PSYoungGen      total 5632K, used 4728K [0x00000000d6c00000, 0x00000000d7300000, 0x0000000100000000)
  eden space 4096K, 100% used [0x00000000d6c00000,0x00000000d7000000,0x00000000d7000000)
  from space 1536K, 41% used [0x00000000d7180000,0x00000000d721e010,0x00000000d7300000)
  to   space 1536K, 0% used [0x00000000d7000000,0x00000000d7000000,0x00000000d7180000)
 ParOldGen       total 125440K, used 1341K [0x0000000084400000, 0x000000008be80000, 0x00000000d6c00000)
  object space 125440K, 1% used [0x0000000084400000,0x000000008454f600,0x000000008be80000)
 Metaspace       used 4161K, capacity 5184K, committed 5376K, reserved 1056768K
  class space    used 461K, capacity 496K, committed 512K, reserved 1048576K
Event: 0.402 GC heap after
Heap after GC invocations=7 (full 0):
 PSYoungGen      total 5632K, used 527K [0x00000000d6c00000, 0x00000000d7700000, 0x0000000100000000)
  eden space 4096K, 0% used [0x00000000d6c00000,0x00000000d6c00000,0x00000000d7000000)
  from space 1536K, 34% used [0x00000000d7000000,0x00000000d7083f78,0x00000000d7180000)
  to   space 1536K, 0% used [0x00000000d7580000,0x00000000d7580000,0x00000000d7700000)
 ParOldGen       total 125440K, used 1653K [0x0000000084400000, 0x000000008be80000, 0x00000000d6c00000)
  object space 125440K, 1% used [0x0000000084400000,0x000000008459d610,0x000000008be80000)
 Metaspace       used 4161K, capacity 5184K, committed 5376K, reserved 1056768K
  class space    used 461K, capacity 496K, committed 512K, reserved 1048576K
}
Event: 0.512 GC heap before
{Heap before GC invocations=8 (full 0):
 PSYoungGen      total 5632K, used 4623K [0x00000000d6c00000, 0x00000000d7700000, 0x0000000100000000)
  eden space 4096K, 100% used [0x00000000d6c00000,0x00000000d7000000,0x00000000d7000000)
  from space 1536K, 34% used [0x00000000d7000000,0x00000000d7083f78,0x00000000d7180000)
  to   space 1536K, 0% used [0x00000000d7580000,0x00000000d7580000,0x00000000d7700000)
 ParOldGen       total 125440K, used 1653K [0x0000000084400000, 0x000000008be80000, 0x00000000d6c00000)
  object space 125440K, 1% used [0x0000000084400000,0x000000008459d610,0x000000008be80000)
 Metaspace       used 5005K, capacity 5610K, committed 5760K, reserved 1056768K
  class space    used 557K, capacity 594K, committed 640K, reserved 1048576K
Event: 0.514 GC heap after
Heap after GC invocations=8 (full 0):
 PSYoungGen      total 9728K, used 1230K [0x00000000d6c00000, 0x00000000d7700000, 0x0000000100000000)
  eden space 8192K, 0% used [0x00000000d6c00000,0x00000000d6c00000,0x00000000d7400000)
  from space 1536K, 80% used [0x00000000d7580000,0x00000000d76b3bf8,0x00000000d7700000)
  to   space 1536K, 0% used [0x00000000d7400000,0x00000000d7400000,0x00000000d7580000)
 ParOldGen       total 125440K, used 1789K [0x0000000084400000, 0x000000008be80000, 0x00000000d6c00000)
  object space 125440K, 1% used [0x0000000084400000,0x00000000845bf610,0x000000008be80000)
 Metaspace       used 5005K, capacity 5610K, committed 5760K, reserved 1056768K
  class space    used 557K, capacity 594K, committed 640K, reserved 1048576K
}
Event: 0.695 GC heap before
{Heap before GC invocations=9 (full 0):
 PSYoungGen      total 9728K, used 9422K [0x00000000d6c00000, 0x00000000d7700000, 0x0000000100000000)
  eden space 8192K, 100% used [0x00000000d6c00000,0x00000000d7400000,0x00000000d7400000)
  from space 1536K, 80% used [0x00000000d7580000,0x00000000d76b3bf8,0x00000000d7700000)
  to   space 1536K, 0% used [0x00000000d7400000,0x00000000d7400000,0x00000000d7580000)
 ParOldGen       total 125440K, used 1789K [0x0000000084400000, 0x000000008be80000, 0x00000000d6c00000)
  object space 125440K, 1% used [0x0000000084400000,0x00000000845bf610,0x000000008be80000)
 Metaspace       used 6078K, capacity 6504K, committed 6656K, reserved 1056768K
  class space    used 679K, capacity 764K, committed 768K, reserved 1048576K
Event: 0.699 GC heap after
Heap after GC invocations=9 (full 0):
 PSYoungGen      total 9728K, used 1517K [0x00000000d6c00000, 0x00000000d7d00000, 0x0000000100000000)
  eden space 8192K, 0% used [0x00000000d6c00000,0x00000000d6c00000,0x00000000d7400000)
  from space 1536K, 98% used [0x00000000d7400000,0x00000000d757b448,0x00000000d7580000)
  to   space 2048K, 0% used [0x00000000d7b00000,0x00000000d7b00000,0x00000000d7d00000)
 ParOldGen       total 125440K, used 2643K [0x0000000084400000, 0x000000008be80000, 0x00000000d6c00000)
  object space 125440K, 2% used [0x0000000084400000,0x0000000084694e60,0x000000008be80000)
 Metaspace       used 6078K, capacity 6504K, committed 6656K, reserved 1056768K
  class space    used 679K, capacity 764K, committed 768K, reserved 1048576K
}
Event: 0.759 GC heap before
{Heap before GC invocations=10 (full 0):
 PSYoungGen      total 9728K, used 9709K [0x00000000d6c00000, 0x00000000d7d00000, 0x0000000100000000)
  eden space 8192K, 100% used [0x00000000d6c00000,0x00000000d7400000,0x00000000d7400000)
  from space 1536K, 98% used [0x00000000d7400000,0x00000000d757b448,0x00000000d7580000)
  to   space 2048K, 0% used [0x00000000d7b00000,0x00000000d7b00000,0x00000000d7d00000)
 ParOldGen       total 125440K, used 2643K [0x0000000084400000, 0x000000008be80000, 0x00000000d6c00000)
  object space 125440K, 2% used [0x0000000084400000,0x0000000084694e60,0x000000008be80000)
 Metaspace       used 6335K, capacity 6782K, committed 7040K, reserved 1056768K
  class space    used 701K, capacity 770K, committed 896K, reserved 1048576K
Event: 0.762 GC heap after
Heap after GC invocations=10 (full 0):
 PSYoungGen      total 15360K, used 1216K [0x00000000d6c00000, 0x00000000d7d00000, 0x0000000100000000)
  eden space 13312K, 0% used [0x00000000d6c00000,0x00000000d6c00000,0x00000000d7900000)
  from space 2048K, 59% used [0x00000000d7b00000,0x00000000d7c300d8,0x00000000d7d00000)
  to   space 2048K, 0% used [0x00000000d7900000,0x00000000d7900000,0x00000000d7b00000)
 ParOldGen       total 125440K, used 3085K [0x0000000084400000, 0x000000008be80000, 0x00000000d6c00000)
  object space 125440K, 2% used [0x0000000084400000,0x00000000847034b0,0x000000008be80000)
 Metaspace       used 6335K, capacity 6782K, committed 7040K, reserved 1056768K
  class space    used 701K, capacity 770K, committed 896K, reserved 1048576K
}

Deoptimization events (10 events):
Event: 0.503 Thread 0x0000000002de4800 Uncommon trap: reason=bimorphic action=maybe_recompile pc=0x00000000030697d8 method=java.util.regex.Pattern$BmpCharProperty.match(Ljava/util/regex/Matcher;ILjava/lang/CharSequence;)Z @ 16
Event: 0.503 Thread 0x0000000002de4800 Uncommon trap: reason=bimorphic action=maybe_recompile pc=0x000000000306bac8 method=java.util.regex.Pattern$CharProperty.match(Ljava/util/regex/Matcher;ILjava/lang/CharSequence;)Z @ 18
Event: 0.504 Thread 0x0000000002de4800 Uncommon trap: reason=bimorphic action=maybe_recompile pc=0x000000000306bac8 method=java.util.regex.Pattern$CharProperty.match(Ljava/util/regex/Matcher;ILjava/lang/CharSequence;)Z @ 18
Event: 0.504 Thread 0x0000000002de4800 Uncommon trap: reason=bimorphic action=maybe_recompile pc=0x000000000306bac8 method=java.util.regex.Pattern$CharProperty.match(Ljava/util/regex/Matcher;ILjava/lang/CharSequence;)Z @ 18
Event: 0.504 Thread 0x0000000002de4800 Uncommon trap: reason=bimorphic action=maybe_recompile pc=0x000000000306bac8 method=java.util.regex.Pattern$CharProperty.match(Ljava/util/regex/Matcher;ILjava/lang/CharSequence;)Z @ 18
Event: 0.556 Thread 0x0000000002de4800 Uncommon trap: reason=unreached action=reinterpret pc=0x000000000311e6e4 method=java.lang.AbstractStringBuilder.append(Ljava/lang/String;)Ljava/lang/AbstractStringBuilder; @ 1
Event: 0.556 Thread 0x0000000002de4800 Uncommon trap: reason=unreached action=reinterpret pc=0x000000000311b28c method=java.lang.AbstractStringBuilder.append(Ljava/lang/String;)Ljava/lang/AbstractStringBuilder; @ 1
Event: 0.570 Thread 0x0000000002de4800 Uncommon trap: reason=unreached action=reinterpret pc=0x00000000030c8238 method=java.util.regex.Pattern.compile()V @ 271
Event: 0.722 Thread 0x0000000002de4800 Uncommon trap: reason=bimorphic action=maybe_recompile pc=0x000000000312fcac method=java.util.regex.Pattern$CharProperty.match(Ljava/util/regex/Matcher;ILjava/lang/CharSequence;)Z @ 37
Event: 0.727 Thread 0x0000000002de4800 Uncommon trap: reason=bimorphic action=maybe_recompile pc=0x000000000312fcac method=java.util.regex.Pattern$CharProperty.match(Ljava/util/regex/Matcher;ILjava/lang/CharSequence;)Z @ 37

Internal exceptions (10 events):
Event: 0.819 Thread 0x0000000002de4800 Exception <a 'java/security/PrivilegedActionException'> (0x00000000d6e377d8) thrown at [D:\re\workspace\8-2-build-windows-amd64-cygwin\jdk8u5\2488\hotspot\src\share\vm\prims\jvm.cpp, line 1248]
Event: 0.821 Thread 0x0000000002de4800 Exception <a 'java/security/PrivilegedActionException'> (0x00000000d6e4db38) thrown at [D:\re\workspace\8-2-build-windows-amd64-cygwin\jdk8u5\2488\hotspot\src\share\vm\prims\jvm.cpp, line 1248]
Event: 0.821 Thread 0x0000000002de4800 Exception <a 'java/security/PrivilegedActionException'> (0x00000000d6e5d238) thrown at [D:\re\workspace\8-2-build-windows-amd64-cygwin\jdk8u5\2488\hotspot\src\share\vm\prims\jvm.cpp, line 1248]
Event: 0.827 Thread 0x0000000002de4800 Exception <a 'java/security/PrivilegedActionException'> (0x00000000d6e7e778) thrown at [D:\re\workspace\8-2-build-windows-amd64-cygwin\jdk8u5\2488\hotspot\src\share\vm\prims\jvm.cpp, line 1248]
Event: 0.836 Thread 0x0000000002de4800 Exception <a 'java/security/PrivilegedActionException'> (0x00000000d6ea6370) thrown at [D:\re\workspace\8-2-build-windows-amd64-cygwin\jdk8u5\2488\hotspot\src\share\vm\prims\jvm.cpp, line 1248]
Event: 0.836 Thread 0x0000000002de4800 Exception <a 'java/security/PrivilegedActionException'> (0x00000000d6eab268) thrown at [D:\re\workspace\8-2-build-windows-amd64-cygwin\jdk8u5\2488\hotspot\src\share\vm\prims\jvm.cpp, line 1248]
Event: 0.850 Thread 0x0000000002de4800 Exception <a 'java/security/PrivilegedActionException'> (0x00000000d6ed7be8) thrown at [D:\re\workspace\8-2-build-windows-amd64-cygwin\jdk8u5\2488\hotspot\src\share\vm\prims\jvm.cpp, line 1248]
Event: 0.852 Thread 0x0000000002de4800 Exception <a 'java/security/PrivilegedActionException'> (0x00000000d6ee94a0) thrown at [D:\re\workspace\8-2-build-windows-amd64-cygwin\jdk8u5\2488\hotspot\src\share\vm\prims\jvm.cpp, line 1248]
Event: 0.853 Thread 0x0000000002de4800 Exception <a 'java/security/PrivilegedActionException'> (0x00000000d6ef9ae8) thrown at [D:\re\workspace\8-2-build-windows-amd64-cygwin\jdk8u5\2488\hotspot\src\share\vm\prims\jvm.cpp, line 1248]
Event: 0.882 Thread 0x0000000002de4800 Exception <a 'java/security/PrivilegedActionException'> (0x00000000d707ede0) thrown at [D:\re\workspace\8-2-build-windows-amd64-cygwin\jdk8u5\2488\hotspot\src\share\vm\prims\jvm.cpp, line 1248]

Events (10 events):
Event: 0.874 loading class sun/misc/FormattedFloatingDecimal
Event: 0.874 loading class sun/misc/FormattedFloatingDecimal done
Event: 0.874 loading class sun/misc/FormattedFloatingDecimal$1
Event: 0.875 loading class sun/misc/FormattedFloatingDecimal$1 done
Event: 0.875 loading class sun/misc/FDBigInteger
Event: 0.875 loading class sun/misc/FDBigInteger done
Event: 0.876 loading class sun/misc/FormattedFloatingDecimal$2
Event: 0.877 loading class sun/misc/FormattedFloatingDecimal$2 done
Event: 0.882 loading class com/altera/utilities/AltFileTraverser$PathAndPattern
Event: 0.882 loading class com/altera/utilities/AltFileTraverser$PathAndPattern done


Dynamic libraries:
0x00007ff724cf0000 - 0x00007ff724d24000 	C:\intelfpga_lite\18.1\quartus\bin64\jre64\bin\java.exe
0x00007fffea540000 - 0x00007fffea730000 	C:\WINDOWS\SYSTEM32\ntdll.dll
0x00007fffe85f0000 - 0x00007fffe86a2000 	C:\WINDOWS\System32\KERNEL32.DLL
0x00007fffe78b0000 - 0x00007fffe7b54000 	C:\WINDOWS\System32\KERNELBASE.dll
0x00007fffe9ea0000 - 0x00007fffe9f43000 	C:\WINDOWS\System32\ADVAPI32.dll
0x00007fffe9f50000 - 0x00007fffe9fee000 	C:\WINDOWS\System32\msvcrt.dll
0x00007fffe9ff0000 - 0x00007fffea087000 	C:\WINDOWS\System32\sechost.dll
0x00007fffe94e0000 - 0x00007fffe9600000 	C:\WINDOWS\System32\RPCRT4.dll
0x00007fffe8970000 - 0x00007fffe8b05000 	C:\WINDOWS\System32\USER32.dll
0x00007fffe7540000 - 0x00007fffe7561000 	C:\WINDOWS\System32\win32u.dll
0x00007fffe9df0000 - 0x00007fffe9e16000 	C:\WINDOWS\System32\GDI32.dll
0x00007fffe7590000 - 0x00007fffe7726000 	C:\WINDOWS\System32\gdi32full.dll
0x00007fffe8550000 - 0x00007fffe85ee000 	C:\WINDOWS\System32\msvcp_win.dll
0x00007fffe7760000 - 0x00007fffe785a000 	C:\WINDOWS\System32\ucrtbase.dll
0x00007fffd7fe0000 - 0x00007fffd8264000 	C:\WINDOWS\WinSxS\amd64_microsoft.windows.common-controls_6595b64144ccf1df_6.0.18362.1016_none_9e7a36bbe461dae4\COMCTL32.dll
0x00007fffe8b40000 - 0x00007fffe8e75000 	C:\WINDOWS\System32\combase.dll
0x00007fffe74c0000 - 0x00007fffe7540000 	C:\WINDOWS\System32\bcryptPrimitives.dll
0x00007fffe9dc0000 - 0x00007fffe9dee000 	C:\WINDOWS\System32\IMM32.DLL
0x000000005bbd0000 - 0x000000005bca2000 	C:\intelfpga_lite\18.1\quartus\bin64\jre64\bin\msvcr100.dll
0x000000005b3a0000 - 0x000000005bbca000 	C:\intelfpga_lite\18.1\quartus\bin64\jre64\bin\server\jvm.dll
0x00007fffe9450000 - 0x00007fffe9458000 	C:\WINDOWS\System32\PSAPI.DLL
0x00007fffe4b20000 - 0x00007fffe4b44000 	C:\WINDOWS\SYSTEM32\WINMM.dll
0x00007fffd71c0000 - 0x00007fffd71c9000 	C:\WINDOWS\SYSTEM32\WSOCK32.dll
0x00007fffe93e0000 - 0x00007fffe944f000 	C:\WINDOWS\System32\WS2_32.dll
0x00007fffe4910000 - 0x00007fffe493d000 	C:\WINDOWS\SYSTEM32\winmmbase.dll
0x00007fffe7860000 - 0x00007fffe78aa000 	C:\WINDOWS\System32\cfgmgr32.dll
0x000000005b350000 - 0x000000005b35f000 	C:\intelfpga_lite\18.1\quartus\bin64\jre64\bin\verify.dll
0x000000005b320000 - 0x000000005b348000 	C:\intelfpga_lite\18.1\quartus\bin64\jre64\bin\java.dll
0x000000005b300000 - 0x000000005b316000 	C:\intelfpga_lite\18.1\quartus\bin64\jre64\bin\zip.dll
0x00007fffe96d0000 - 0x00007fffe9db7000 	C:\WINDOWS\System32\SHELL32.dll
0x00007fffe8860000 - 0x00007fffe8909000 	C:\WINDOWS\System32\shcore.dll
0x00007fffe7b60000 - 0x00007fffe82e2000 	C:\WINDOWS\System32\windows.storage.dll
0x00007fffe7400000 - 0x00007fffe7423000 	C:\WINDOWS\System32\profapi.dll
0x00007fffe7470000 - 0x00007fffe74ba000 	C:\WINDOWS\System32\powrprof.dll
0x00007fffe73f0000 - 0x00007fffe7400000 	C:\WINDOWS\System32\UMPDC.dll
0x00007fffe9260000 - 0x00007fffe92b2000 	C:\WINDOWS\System32\shlwapi.dll
0x00007fffe7450000 - 0x00007fffe7461000 	C:\WINDOWS\System32\kernel.appcore.dll
0x00007fffe7570000 - 0x00007fffe7587000 	C:\WINDOWS\System32\cryptsp.dll
0x00007fffe5d00000 - 0x00007fffe5ef4000 	C:\WINDOWS\SYSTEM32\dbghelp.dll

VM Arguments:
java_command: com.altera.embeddedsw.commandline.bsp.BspGenerateFilesCommand --bsp-dir . --settings settings.bsp
java_class_path (initial): C:/intelfpga_lite/18.1/nios2eds/sdk2/lib\TableLayout.jar;C:/intelfpga_lite/18.1/nios2eds/sdk2/lib\appframework-1.03.jar;C:/intelfpga_lite/18.1/nios2eds/sdk2/lib\beansbinding-1.2.1.jar;C:/intelfpga_lite/18.1/nios2eds/sdk2/lib\binding-2.0.6.jar;C:/intelfpga_lite/18.1/nios2eds/sdk2/lib\com.altera.embeddedsw.app_lib.jar;C:/intelfpga_lite/18.1/nios2eds/sdk2/lib\com.altera.embeddedsw.bsp.editor.jar;C:/intelfpga_lite/18.1/nios2eds/sdk2/lib\com.altera.embeddedsw.bsp.elements.jar;C:/intelfpga_lite/18.1/nios2eds/sdk2/lib\com.altera.embeddedsw.bsp.jar;C:/intelfpga_lite/18.1/nios2eds/sdk2/lib\com.altera.embeddedsw.bsp.plugin.core.jar;C:/intelfpga_lite/18.1/nios2eds/sdk2/lib\com.altera.embeddedsw.bsp.plugin.hal.jar;C:/intelfpga_lite/18.1/nios2eds/sdk2/lib\com.altera.embeddedsw.bsp.plugin.lwhal.jar;C:/intelfpga_lite/18.1/nios2eds/sdk2/lib\com.altera.embeddedsw.bsp.schema.jar;C:/intelfpga_lite/18.1/nios2eds/sdk2/lib\com.altera.embeddedsw.bsp.scripting.jar;C:/intelfpga_lite/18.1/nios2eds/sdk2/lib\com.altera.embeddedsw.commandline.jar;C:/intelfpga_lite/18.1/nios2eds/sdk2/lib\com.altera.embeddedsw.cpexample.jar;C:/intelfpga_lite/18.1/nios2eds/sdk2/lib\com.altera.embeddedsw.flash.jar;C:/intelfpga_lite/18.1/nios2eds/sdk2/lib\com.altera.embeddedsw.launch.jar;C:/intelfpga_lite/18.1/nios2eds/sdk2/lib\com.altera.embeddedsw.swinfo.jar;C:/intelfpga_lite/18.1/nios2eds/sdk2/lib\com.altera.embeddedsw.utilities.jar;C:/intelfpga_lite/18.1/nios2eds/sdk2/lib\com.altera.entityinterfaces.jar;C:/intelfpga_lite/18.1/nios2eds/sdk2/lib\com.altera.hdlcomponent.jar;C:/intelfpga_lite/18.1/nios2eds/sdk2/lib\com.altera.hdlwriter.jar;C:/intelfpga_lite/18.1/nios2eds/sdk2/lib\com.altera.infrastructure.jar;C:/intelfpga_lite/18.1/nios2eds/sdk2/lib\com.altera.jdbcsqlite.jar;C:/intelfpga_lite/18.1/nios2eds/sdk2/lib\com.altera.jtagsimulator.jar;C:/intelfpga_lite/18.1/nios2eds/sdk2/lib\com.altera.librarian.jar;C:/intelfpga_lite/18.1/nios2eds/sdk2/lib\com.altera.megawizard2.jar;C:/intelfpga
Launcher Type: SUN_STANDARD

Environment Variables:
PATH=C:/intelfpga_lite/18.1/quartus\..\nios2eds\bin;C:/intelfpga_lite/18.1/quartus\..\nios2eds\sdk2\bin;C:/intelfpga_lite/18.1/quartus\..\nios2eds\bin\gnu\H-x86_64-mingw32\bin;;C:/intelfpga_lite/18.1/quartus/bin64;C:/intelfpga_lite/18.1/nios2eds/bin/cygpath;C:/intelfpga_lite/18.1/quartus/sopc_builder/model/lib;C:/intelfpga_lite/18.1/quartus/bin32;c:\intelfpga_lite\18.1\quartus\bin64\;D:\xshell\;D:\xftp\;C:\Users\cc\AppData\Local\Programs\Python\Python37\Scripts;C:\Program Files (x86)\Common Files\Intel\Shared Libraries\redist\intel64_win\compiler;C:\Users\cc\AppData\Local\Programs\Python\Python37;C:\CTEX\UserData\miktex\bin;C:\CTEX\MiKTeX\miktex\bin;C:\CTEX\CTeX\ctex\bin;C:\CTEX\CTeX\cct\bin;C:\CTEX\CTeX\ty\bin;C:\CTEX\Ghostscript\gs9.05\bin;C:\CTEX\GSview\gsview;C:\CTEX\WinEdt;C:\texlive\2019\bin\win32;D:\latex\texlive\2019\bin\win32;C:\Windows\System32;C:\WINDOWS\system32;C:\WINDOWS;C:\WINDOWS\System32\Wbem;C:\WINDOWS\System32\WindowsPowerShell\v1.0\;C:\WINDOWS\System32\OpenSSH\;D:\git\Git\cmd;D:\Cmake\bin;C:\Program Files\CMake\bin;C:\Users\cc\AppData\Roaming\Python\Python37\Scripts;C:\Program Files\dotnet\;C:\Windows\System32;C:\Users\cc\AppData\Local\Programs\Python\Python37\lib\site-packages;D:\PUTTY\;C:\Program Files (x86)\Intel\Intel(R) Management Engine Components\DAL;C:\Program Files\Intel\Intel(R) Management Engine Components\DAL;C:\Users\cc\AppData\Local\Microsoft\WindowsApps;E:\VScode\Microsoft VS Code\bin;D:\pycharm\PyCharm 2019.1\bin;;C:\Windows\system32;C:\intelFPGA\18.1\modelsim_ase\win32aloem;C:\intelFPGA_lite\18.1\modelsim_ase\win32aloem;C:\Users\cc\AppData\Local\Programs\Python\Python37\lib\site-packages;
USERNAME=cc
OS=Windows_NT
PROCESSOR_IDENTIFIER=Intel64 Family 6 Model 142 Stepping 10, GenuineIntel



---------------  S Y S T E M  ---------------

OS: Windows 8.1 , 64 bit Build 9600 

CPU:total 8 (4 cores per cpu, 2 threads per core) family 6 model 142 stepping 10, cmov, cx8, fxsr, mmx, sse, sse2, sse3, ssse3, sse4.1, sse4.2, popcnt, avx, avx2, aes, clmul, erms, ht, tsc, tscinvbit

Memory: 4k page, physical 8105848k(2048200k free), swap 12300152k(1248k free)

vm_info: Java HotSpot(TM) 64-Bit Server VM (25.5-b02) for windows-amd64 JRE (1.8.0_05-b13), built on Mar 18 2014 01:08:39 by "java_re" with MS VC++ 10.0 (VS2010)

time: Mon Sep 07 22:03:24 2020
elapsed time: 0 seconds

