#
# There is insufficient memory for the Java Runtime Environment to continue.
# Native memory allocation (malloc) failed to allocate 1533936 bytes for Chunk::new
# Possible reasons:
#   The system is out of physical RAM or swap space
#   In 32 bit mode, the process size limit was hit
# Possible solutions:
#   Reduce memory load on the system
#   Increase physical memory or swap space
#   Check if swap backing store is full
#   Use 64 bit Java on a 64 bit OS
#   Decrease Java heap size (-Xmx/-Xms)
#   Decrease number of Java threads
#   Decrease Java thread stack sizes (-Xss)
#   Set larger code cache with -XX:ReservedCodeCacheSize=
# This output file may be truncated or incomplete.
#
#  Out of Memory Error (allocation.cpp:388), pid=22396, tid=13644
#
# JRE version: Java(TM) SE Runtime Environment (8.0_05-b13) (build 1.8.0_05-b13)
# Java VM: Java HotSpot(TM) 64-Bit Server VM (25.5-b02 mixed mode windows-amd64 compressed oops)
# Failed to write core dump. Minidumps are not enabled by default on client versions of Windows
#

---------------  T H R E A D  ---------------

Current thread (0x0000000012d9f000):  JavaThread "C2 CompilerThread2" daemon [_thread_in_native, id=13644, stack(0x0000000013540000,0x0000000013640000)]

Stack: [0x0000000013540000,0x0000000013640000]
Native frames: (J=compiled Java code, j=interpreted, Vv=VM code, C=native code)
V  [jvm.dll+0x308dea]


Current CompileTask:
C2:    650  866       4       com.sun.org.apache.xerces.internal.impl.XMLNSDocumentScannerImpl::scanStartElement (1015 bytes)


---------------  P R O C E S S  ---------------

Java Threads: ( => current thread )
  0x0000000012d8d000 JavaThread "Service Thread" daemon [_thread_blocked, id=8480, stack(0x0000000013740000,0x0000000013840000)]
  0x0000000012da0800 JavaThread "C1 CompilerThread3" daemon [_thread_blocked, id=8808, stack(0x0000000013640000,0x0000000013740000)]
=>0x0000000012d9f000 JavaThread "C2 CompilerThread2" daemon [_thread_in_native, id=13644, stack(0x0000000013540000,0x0000000013640000)]
  0x0000000012d98800 JavaThread "C2 CompilerThread1" daemon [_thread_in_native, id=21288, stack(0x0000000013440000,0x0000000013540000)]
  0x0000000012d95000 JavaThread "C2 CompilerThread0" daemon [_thread_in_native, id=1800, stack(0x0000000013340000,0x0000000013440000)]
  0x0000000012d91000 JavaThread "Attach Listener" daemon [_thread_blocked, id=996, stack(0x0000000013240000,0x0000000013340000)]
  0x0000000012d8b000 JavaThread "Signal Dispatcher" daemon [_thread_blocked, id=22164, stack(0x0000000013140000,0x0000000013240000)]
  0x0000000002b52800 JavaThread "Finalizer" daemon [_thread_blocked, id=10364, stack(0x0000000013030000,0x0000000013130000)]
  0x0000000002b4b800 JavaThread "Reference Handler" daemon [_thread_blocked, id=20148, stack(0x0000000012f30000,0x0000000013030000)]
  0x0000000002a67000 JavaThread "main" [_thread_blocked, id=21524, stack(0x0000000002960000,0x0000000002a60000)]

Other Threads:
  0x0000000002b45800 VMThread [stack: 0x0000000012e30000,0x0000000012f30000] [id=12652]
  0x0000000012e1c800 WatcherThread [stack: 0x0000000013840000,0x0000000013940000] [id=17788]

VM state:at safepoint (normal execution)

VM Mutex/Monitor currently owned by a thread:  ([mutex/lock_event])
[0x0000000002a64350] Threads_lock - owner thread: 0x0000000002b45800
[0x0000000002a64a50] Heap_lock - owner thread: 0x0000000002a67000

Heap:
 def new generation   total 1152K, used 1152K [0x00000000a2400000, 0x00000000a2540000, 0x00000000c1800000)
  eden space 1024K, 100% used [0x00000000a2400000, 0x00000000a2500000, 0x00000000a2500000)
  from space 128K, 100% used [0x00000000a2520000, 0x00000000a2540000, 0x00000000a2540000)
  to   space 128K, 100% used [0x00000000a2500000, 0x00000000a2520000, 0x00000000a2520000)
 tenured generation   total 125696K, used 10148K [0x00000000c1800000, 0x00000000c92c0000, 0x0000000100000000)
   the space 125696K,   8% used [0x00000000c1800000, 0x00000000c21ec3f8, 0x00000000c21ec400, 0x00000000c92c0000)
 Metaspace       used 8191K, capacity 8396K, committed 8704K, reserved 1056768K
  class space    used 905K, capacity 964K, committed 1024K, reserved 1048576K

Card table byte_map: [0x0000000011f40000,0x0000000012230000] byte_map_base: 0x0000000011a2e000

Polling page: 0x0000000002600000

CodeCache: size=245760Kb used=3584Kb max_used=3592Kb free=242175Kb
 bounds [0x0000000002b80000, 0x0000000002f10000, 0x0000000011b80000]
 total_blobs=1171 nmethods=863 adapters=222
 compilation: enabled

Compilation events (10 events):
Event: 0.631 Thread 0x0000000012d95000 nmethod 854 0x0000000002ef2650 code [0x0000000002ef2780, 0x0000000002ef2878]
Event: 0.631 Thread 0x0000000012d95000  863       4       com.sun.org.apache.xerces.internal.impl.XMLNSDocumentScannerImpl::next (39 bytes)
Event: 0.632 Thread 0x0000000012d98800 nmethod 868 0x0000000002ef9e10 code [0x0000000002efa560, 0x0000000002efadb8]
Event: 0.632 Thread 0x0000000012d98800  865   !   4       com.sun.org.apache.xerces.internal.impl.XMLDocumentFragmentScannerImpl$FragmentContentDriver::next (2345 bytes)
Event: 0.633 Thread 0x0000000012d95000 nmethod 863 0x0000000002ef9990 code [0x0000000002ef9ae0, 0x0000000002ef9c48]
Event: 0.633 Thread 0x0000000012d95000  870       4       com.altera.utilities.altNode.AltNodeXML$AltNodeXMLParser::startElement (168 bytes)
Event: 0.633 Thread 0x0000000012da0800  871       3       com.sun.org.apache.xerces.internal.util.XMLStringBuffer::append (110 bytes)
Event: 0.633 Thread 0x0000000012da0800 nmethod 871 0x0000000002ef7650 code [0x0000000002ef77e0, 0x0000000002ef7c98]
Event: 0.635 Thread 0x0000000012da0800  873       3       com.sun.org.apache.xerces.internal.util.XMLStringBuffer::append (17 bytes)
Event: 0.635 Thread 0x0000000012da0800 nmethod 873 0x0000000002ef9590 code [0x0000000002ef9700, 0x0000000002ef98a8]

GC Heap History (10 events):
Event: 0.593 GC heap before
{Heap before GC invocations=34 (full 0):
 def new generation   total 1152K, used 1152K [0x00000000a2400000, 0x00000000a2540000, 0x00000000c1800000)
  eden space 1024K, 100% used [0x00000000a2400000, 0x00000000a2500000, 0x00000000a2500000)
  from space 128K, 100% used [0x00000000a2500000, 0x00000000a2520000, 0x00000000a2520000)
  to   space 128K,   0% used [0x00000000a2520000, 0x00000000a2520000, 0x00000000a2540000)
 tenured generation   total 125696K, used 4741K [0x00000000c1800000, 0x00000000c92c0000, 0x0000000100000000)
   the space 125696K,   3% used [0x00000000c1800000, 0x00000000c1ca16e0, 0x00000000c1ca1800, 0x00000000c92c0000)
 Metaspace       used 8191K, capacity 8396K, committed 8704K, reserved 1056768K
  class space    used 905K, capacity 964K, committed 1024K, reserved 1048576K
Event: 0.595 GC heap after
Heap after GC invocations=35 (full 0):
 def new generation   total 1152K, used 128K [0x00000000a2400000, 0x00000000a2540000, 0x00000000c1800000)
  eden space 1024K,   0% used [0x00000000a2400000, 0x00000000a2400000, 0x00000000a2500000)
  from space 128K, 100% used [0x00000000a2520000, 0x00000000a2540000, 0x00000000a2540000)
  to   space 128K,   0% used [0x00000000a2500000, 0x00000000a2500000, 0x00000000a2520000)
 tenured generation   total 125696K, used 5684K [0x00000000c1800000, 0x00000000c92c0000, 0x0000000100000000)
   the space 125696K,   4% used [0x00000000c1800000, 0x00000000c1d8d320, 0x00000000c1d8d400, 0x00000000c92c0000)
 Metaspace       used 8191K, capacity 8396K, committed 8704K, reserved 1056768K
  class space    used 905K, capacity 964K, committed 1024K, reserved 1048576K
}
Event: 0.603 GC heap before
{Heap before GC invocations=35 (full 0):
 def new generation   total 1152K, used 1152K [0x00000000a2400000, 0x00000000a2540000, 0x00000000c1800000)
  eden space 1024K, 100% used [0x00000000a2400000, 0x00000000a2500000, 0x00000000a2500000)
  from space 128K, 100% used [0x00000000a2520000, 0x00000000a2540000, 0x00000000a2540000)
  to   space 128K,   0% used [0x00000000a2500000, 0x00000000a2500000, 0x00000000a2520000)
 tenured generation   total 125696K, used 5684K [0x00000000c1800000, 0x00000000c92c0000, 0x0000000100000000)
   the space 125696K,   4% used [0x00000000c1800000, 0x00000000c1d8d320, 0x00000000c1d8d400, 0x00000000c92c0000)
 Metaspace       used 8191K, capacity 8396K, committed 8704K, reserved 1056768K
  class space    used 905K, capacity 964K, committed 1024K, reserved 1048576K
Event: 0.606 GC heap after
Heap after GC invocations=36 (full 0):
 def new generation   total 1152K, used 127K [0x00000000a2400000, 0x00000000a2540000, 0x00000000c1800000)
  eden space 1024K,   0% used [0x00000000a2400000, 0x00000000a2400000, 0x00000000a2500000)
  from space 128K,  99% used [0x00000000a2500000, 0x00000000a251fff8, 0x00000000a2520000)
  to   space 128K,   0% used [0x00000000a2520000, 0x00000000a2520000, 0x00000000a2540000)
 tenured generation   total 125696K, used 6629K [0x00000000c1800000, 0x00000000c92c0000, 0x0000000100000000)
   the space 125696K,   5% used [0x00000000c1800000, 0x00000000c1e794a0, 0x00000000c1e79600, 0x00000000c92c0000)
 Metaspace       used 8191K, capacity 8396K, committed 8704K, reserved 1056768K
  class space    used 905K, capacity 964K, committed 1024K, reserved 1048576K
}
Event: 0.614 GC heap before
{Heap before GC invocations=36 (full 0):
 def new generation   total 1152K, used 1151K [0x00000000a2400000, 0x00000000a2540000, 0x00000000c1800000)
  eden space 1024K, 100% used [0x00000000a2400000, 0x00000000a2500000, 0x00000000a2500000)
  from space 128K,  99% used [0x00000000a2500000, 0x00000000a251fff8, 0x00000000a2520000)
  to   space 128K,   0% used [0x00000000a2520000, 0x00000000a2520000, 0x00000000a2540000)
 tenured generation   total 125696K, used 6629K [0x00000000c1800000, 0x00000000c92c0000, 0x0000000100000000)
   the space 125696K,   5% used [0x00000000c1800000, 0x00000000c1e794a0, 0x00000000c1e79600, 0x00000000c92c0000)
 Metaspace       used 8191K, capacity 8396K, committed 8704K, reserved 1056768K
  class space    used 905K, capacity 964K, committed 1024K, reserved 1048576K
Event: 0.616 GC heap after
Heap after GC invocations=37 (full 0):
 def new generation   total 1152K, used 127K [0x00000000a2400000, 0x00000000a2540000, 0x00000000c1800000)
  eden space 1024K,   0% used [0x00000000a2400000, 0x00000000a2400000, 0x00000000a2500000)
  from space 128K,  99% used [0x00000000a2520000, 0x00000000a253fff0, 0x00000000a2540000)
  to   space 128K,   0% used [0x00000000a2500000, 0x00000000a2500000, 0x00000000a2520000)
 tenured generation   total 125696K, used 7570K [0x00000000c1800000, 0x00000000c92c0000, 0x0000000100000000)
   the space 125696K,   6% used [0x00000000c1800000, 0x00000000c1f649b0, 0x00000000c1f64a00, 0x00000000c92c0000)
 Metaspace       used 8191K, capacity 8396K, committed 8704K, reserved 1056768K
  class space    used 905K, capacity 964K, committed 1024K, reserved 1048576K
}
Event: 0.628 GC heap before
{Heap before GC invocations=37 (full 0):
 def new generation   total 1152K, used 1151K [0x00000000a2400000, 0x00000000a2540000, 0x00000000c1800000)
  eden space 1024K, 100% used [0x00000000a2400000, 0x00000000a2500000, 0x00000000a2500000)
  from space 128K,  99% used [0x00000000a2520000, 0x00000000a253fff0, 0x00000000a2540000)
  to   space 128K,   0% used [0x00000000a2500000, 0x00000000a2500000, 0x00000000a2520000)
 tenured generation   total 125696K, used 7570K [0x00000000c1800000, 0x00000000c92c0000, 0x0000000100000000)
   the space 125696K,   6% used [0x00000000c1800000, 0x00000000c1f649b0, 0x00000000c1f64a00, 0x00000000c92c0000)
 Metaspace       used 8191K, capacity 8396K, committed 8704K, reserved 1056768K
  class space    used 905K, capacity 964K, committed 1024K, reserved 1048576K
Event: 0.630 GC heap after
Heap after GC invocations=38 (full 0):
 def new generation   total 1152K, used 128K [0x00000000a2400000, 0x00000000a2540000, 0x00000000c1800000)
  eden space 1024K,   0% used [0x00000000a2400000, 0x00000000a2400000, 0x00000000a2500000)
  from space 128K, 100% used [0x00000000a2500000, 0x00000000a2520000, 0x00000000a2520000)
  to   space 128K,   0% used [0x00000000a2520000, 0x00000000a2520000, 0x00000000a2540000)
 tenured generation   total 125696K, used 8512K [0x00000000c1800000, 0x00000000c92c0000, 0x0000000100000000)
   the space 125696K,   6% used [0x00000000c1800000, 0x00000000c2050020, 0x00000000c2050200, 0x00000000c92c0000)
 Metaspace       used 8191K, capacity 8396K, committed 8704K, reserved 1056768K
  class space    used 905K, capacity 964K, committed 1024K, reserved 1048576K
}
Event: 0.639 GC heap before
{Heap before GC invocations=38 (full 0):
 def new generation   total 1152K, used 1152K [0x00000000a2400000, 0x00000000a2540000, 0x00000000c1800000)
  eden space 1024K, 100% used [0x00000000a2400000, 0x00000000a2500000, 0x00000000a2500000)
  from space 128K, 100% used [0x00000000a2500000, 0x00000000a2520000, 0x00000000a2520000)
  to   space 128K,   0% used [0x00000000a2520000, 0x00000000a2520000, 0x00000000a2540000)
 tenured generation   total 125696K, used 8512K [0x00000000c1800000, 0x00000000c92c0000, 0x0000000100000000)
   the space 125696K,   6% used [0x00000000c1800000, 0x00000000c2050020, 0x00000000c2050200, 0x00000000c92c0000)
 Metaspace       used 8191K, capacity 8396K, committed 8704K, reserved 1056768K
  class space    used 905K, capacity 964K, committed 1024K, reserved 1048576K
Event: 0.641 GC heap after
Heap after GC invocations=39 (full 0):
 def new generation   total 1152K, used 128K [0x00000000a2400000, 0x00000000a2540000, 0x00000000c1800000)
  eden space 1024K,   0% used [0x00000000a2400000, 0x00000000a2400000, 0x00000000a2500000)
  from space 128K, 100% used [0x00000000a2520000, 0x00000000a2540000, 0x00000000a2540000)
  to   space 128K,   0% used [0x00000000a2500000, 0x00000000a2500000, 0x00000000a2520000)
 tenured generation   total 125696K, used 9456K [0x00000000c1800000, 0x00000000c92c0000, 0x0000000100000000)
   the space 125696K,   7% used [0x00000000c1800000, 0x00000000c213c388, 0x00000000c213c400, 0x00000000c92c0000)
 Metaspace       used 8191K, capacity 8396K, committed 8704K, reserved 1056768K
  class space    used 905K, capacity 964K, committed 1024K, reserved 1048576K
}

Deoptimization events (2 events):
Event: 0.341 Thread 0x0000000002a67000 Uncommon trap: reason=unloaded action=reinterpret pc=0x0000000002d830d0 method=sun.misc.URLClassPath$JarLoader.getResource(Ljava/lang/String;Z)Lsun/misc/Resource; @ 67
Event: 0.519 Thread 0x0000000002a67000 Uncommon trap: reason=unreached action=reinterpret pc=0x0000000002d51d68 method=java.lang.AbstractStringBuilder.append(Ljava/lang/String;)Ljava/lang/AbstractStringBuilder; @ 1

Internal exceptions (10 events):
Event: 0.531 Thread 0x0000000002a67000 Exception <a 'java/security/PrivilegedActionException'> (0x00000000a2451918) thrown at [D:\re\workspace\8-2-build-windows-amd64-cygwin\jdk8u5\2488\hotspot\src\share\vm\prims\jvm.cpp, line 1248]
Event: 0.532 Thread 0x0000000002a67000 Exception <a 'java/security/PrivilegedActionException'> (0x00000000a2468270) thrown at [D:\re\workspace\8-2-build-windows-amd64-cygwin\jdk8u5\2488\hotspot\src\share\vm\prims\jvm.cpp, line 1248]
Event: 0.533 Thread 0x0000000002a67000 Exception <a 'java/security/PrivilegedActionException'> (0x00000000a24700a8) thrown at [D:\re\workspace\8-2-build-windows-amd64-cygwin\jdk8u5\2488\hotspot\src\share\vm\prims\jvm.cpp, line 1248]
Event: 0.537 Thread 0x0000000002a67000 Exception <a 'java/security/PrivilegedActionException'> (0x00000000a24a3258) thrown at [D:\re\workspace\8-2-build-windows-amd64-cygwin\jdk8u5\2488\hotspot\src\share\vm\prims\jvm.cpp, line 1248]
Event: 0.541 Thread 0x0000000002a67000 Exception <a 'java/security/PrivilegedActionException'> (0x00000000a24cc2d8) thrown at [D:\re\workspace\8-2-build-windows-amd64-cygwin\jdk8u5\2488\hotspot\src\share\vm\prims\jvm.cpp, line 1248]
Event: 0.542 Thread 0x0000000002a67000 Exception <a 'java/security/PrivilegedActionException'> (0x00000000a24d2408) thrown at [D:\re\workspace\8-2-build-windows-amd64-cygwin\jdk8u5\2488\hotspot\src\share\vm\prims\jvm.cpp, line 1248]
Event: 0.549 Thread 0x0000000002a67000 Exception <a 'java/security/PrivilegedActionException'> (0x00000000a24ffa28) thrown at [D:\re\workspace\8-2-build-windows-amd64-cygwin\jdk8u5\2488\hotspot\src\share\vm\prims\jvm.cpp, line 1248]
Event: 0.551 Thread 0x0000000002a67000 Exception <a 'java/security/PrivilegedActionException'> (0x00000000a2407c78) thrown at [D:\re\workspace\8-2-build-windows-amd64-cygwin\jdk8u5\2488\hotspot\src\share\vm\prims\jvm.cpp, line 1248]
Event: 0.551 Thread 0x0000000002a67000 Exception <a 'java/security/PrivilegedActionException'> (0x00000000a2426680) thrown at [D:\re\workspace\8-2-build-windows-amd64-cygwin\jdk8u5\2488\hotspot\src\share\vm\prims\jvm.cpp, line 1248]
Event: 0.565 Thread 0x0000000002a67000 Exception <a 'java/security/PrivilegedActionException'> (0x00000000a24ae220) thrown at [D:\re\workspace\8-2-build-windows-amd64-cygwin\jdk8u5\2488\hotspot\src\share\vm\prims\jvm.cpp, line 1248]

Events (10 events):
Event: 0.593 Executing VM operation: GenCollectForAllocation
Event: 0.595 Executing VM operation: GenCollectForAllocation done
Event: 0.603 Executing VM operation: GenCollectForAllocation
Event: 0.606 Executing VM operation: GenCollectForAllocation done
Event: 0.614 Executing VM operation: GenCollectForAllocation
Event: 0.616 Executing VM operation: GenCollectForAllocation done
Event: 0.628 Executing VM operation: GenCollectForAllocation
Event: 0.630 Executing VM operation: GenCollectForAllocation done
Event: 0.639 Executing VM operation: GenCollectForAllocation
Event: 0.641 Executing VM operation: GenCollectForAllocation done


Dynamic libraries:
0x00007ff70e2d0000 - 0x00007ff70e304000 	C:\intelfpga_lite\18.1\quartus\bin64\jre64\bin\java.exe
0x00007fffea540000 - 0x00007fffea730000 	C:\WINDOWS\SYSTEM32\ntdll.dll
0x00007fffe85f0000 - 0x00007fffe86a2000 	C:\WINDOWS\System32\KERNEL32.DLL
0x00007fffe78b0000 - 0x00007fffe7b54000 	C:\WINDOWS\System32\KERNELBASE.dll
0x00007fffe9ea0000 - 0x00007fffe9f43000 	C:\WINDOWS\System32\ADVAPI32.dll
0x00007fffe9f50000 - 0x00007fffe9fee000 	C:\WINDOWS\System32\msvcrt.dll
0x00007fffe9ff0000 - 0x00007fffea087000 	C:\WINDOWS\System32\sechost.dll
0x00007fffe94e0000 - 0x00007fffe9600000 	C:\WINDOWS\System32\RPCRT4.dll
0x00007fffe8970000 - 0x00007fffe8b05000 	C:\WINDOWS\System32\USER32.dll
0x00007fffe7540000 - 0x00007fffe7561000 	C:\WINDOWS\System32\win32u.dll
0x00007fffe9df0000 - 0x00007fffe9e16000 	C:\WINDOWS\System32\GDI32.dll
0x00007fffe7590000 - 0x00007fffe7726000 	C:\WINDOWS\System32\gdi32full.dll
0x00007fffe8550000 - 0x00007fffe85ee000 	C:\WINDOWS\System32\msvcp_win.dll
0x00007fffe7760000 - 0x00007fffe785a000 	C:\WINDOWS\System32\ucrtbase.dll
0x00007fffd7fe0000 - 0x00007fffd8264000 	C:\WINDOWS\WinSxS\amd64_microsoft.windows.common-controls_6595b64144ccf1df_6.0.18362.1016_none_9e7a36bbe461dae4\COMCTL32.dll
0x00007fffe8b40000 - 0x00007fffe8e75000 	C:\WINDOWS\System32\combase.dll
0x00007fffe74c0000 - 0x00007fffe7540000 	C:\WINDOWS\System32\bcryptPrimitives.dll
0x00007fffe9dc0000 - 0x00007fffe9dee000 	C:\WINDOWS\System32\IMM32.DLL
0x000000005bb90000 - 0x000000005bc62000 	C:\intelfpga_lite\18.1\quartus\bin64\jre64\bin\msvcr100.dll
0x000000005b360000 - 0x000000005bb8a000 	C:\intelfpga_lite\18.1\quartus\bin64\jre64\bin\server\jvm.dll
0x00007fffe9450000 - 0x00007fffe9458000 	C:\WINDOWS\System32\PSAPI.DLL
0x00007fffe4b20000 - 0x00007fffe4b44000 	C:\WINDOWS\SYSTEM32\WINMM.dll
0x00007fffd71c0000 - 0x00007fffd71c9000 	C:\WINDOWS\SYSTEM32\WSOCK32.dll
0x00007fffe93e0000 - 0x00007fffe944f000 	C:\WINDOWS\System32\WS2_32.dll
0x00007fffe4910000 - 0x00007fffe493d000 	C:\WINDOWS\SYSTEM32\winmmbase.dll
0x00007fffe7860000 - 0x00007fffe78aa000 	C:\WINDOWS\System32\cfgmgr32.dll
0x000000005b350000 - 0x000000005b35f000 	C:\intelfpga_lite\18.1\quartus\bin64\jre64\bin\verify.dll
0x000000005b320000 - 0x000000005b348000 	C:\intelfpga_lite\18.1\quartus\bin64\jre64\bin\java.dll
0x000000005b300000 - 0x000000005b316000 	C:\intelfpga_lite\18.1\quartus\bin64\jre64\bin\zip.dll
0x00007fffe96d0000 - 0x00007fffe9db7000 	C:\WINDOWS\System32\SHELL32.dll
0x00007fffe8860000 - 0x00007fffe8909000 	C:\WINDOWS\System32\shcore.dll
0x00007fffe7b60000 - 0x00007fffe82e2000 	C:\WINDOWS\System32\windows.storage.dll
0x00007fffe7400000 - 0x00007fffe7423000 	C:\WINDOWS\System32\profapi.dll
0x00007fffe7470000 - 0x00007fffe74ba000 	C:\WINDOWS\System32\powrprof.dll
0x00007fffe73f0000 - 0x00007fffe7400000 	C:\WINDOWS\System32\UMPDC.dll
0x00007fffe9260000 - 0x00007fffe92b2000 	C:\WINDOWS\System32\shlwapi.dll
0x00007fffe7450000 - 0x00007fffe7461000 	C:\WINDOWS\System32\kernel.appcore.dll
0x00007fffe7570000 - 0x00007fffe7587000 	C:\WINDOWS\System32\cryptsp.dll

VM Arguments:
jvm_args: -Xmx1500M -XX:+UseSerialGC 
java_command: com.altera.sopcmodel.sbtools.sbcatalog.SbCatalog --xml --project-directory= --search-path=$,E:\JuniorYearSpring\ECE385\lab\FinalProject,E:\JuniorYearSpring\ECE385\lab\FinalProject
java_class_path (initial): C:/intelfpga_lite/18.1/quartus/sopc_builder/model/lib\Nlview.jar;C:/intelfpga_lite/18.1/quartus/sopc_builder/model/lib\QuickServer.jar;C:/intelfpga_lite/18.1/quartus/sopc_builder/model/lib\TableLayout.jar;C:/intelfpga_lite/18.1/quartus/sopc_builder/model/lib\appframework-1.03.jar;C:/intelfpga_lite/18.1/quartus/sopc_builder/model/lib\asm-3.1.jar;C:/intelfpga_lite/18.1/quartus/sopc_builder/model/lib\asm-commons-3.1.jar;C:/intelfpga_lite/18.1/quartus/sopc_builder/model/lib\basicmodel.jar;C:/intelfpga_lite/18.1/quartus/sopc_builder/model/lib\beansbinding-1.2.1.jar;C:/intelfpga_lite/18.1/quartus/sopc_builder/model/lib\binding-2.0.6.jar;C:/intelfpga_lite/18.1/quartus/sopc_builder/model/lib\com.altera.componenteditor2.jar;C:/intelfpga_lite/18.1/quartus/sopc_builder/model/lib\com.altera.embeddedsw.app_lib.jar;C:/intelfpga_lite/18.1/quartus/sopc_builder/model/lib\com.altera.embeddedsw.bsp.editor.jar;C:/intelfpga_lite/18.1/quartus/sopc_builder/model/lib\com.altera.embeddedsw.bsp.elements.jar;C:/intelfpga_lite/18.1/quartus/sopc_builder/model/lib\com.altera.embeddedsw.bsp.jar;C:/intelfpga_lite/18.1/quartus/sopc_builder/model/lib\com.altera.embeddedsw.bsp.plugin.core.jar;C:/intelfpga_lite/18.1/quartus/sopc_builder/model/lib\com.altera.embeddedsw.bsp.plugin.hal.jar;C:/intelfpga_lite/18.1/quartus/sopc_builder/model/lib\com.altera.embeddedsw.bsp.plugin.lwhal.jar;C:/intelfpga_lite/18.1/quartus/sopc_builder/model/lib\com.altera.embeddedsw.bsp.schema.jar;C:/intelfpga_lite/18.1/quartus/sopc_builder/model/lib\com.altera.embeddedsw.bsp.scripting.jar;C:/intelfpga_lite/18.1/quartus/sopc_builder/model/lib\com.altera.embeddedsw.commandline.jar;C:/intelfpga_lite/18.1/quartus/sopc_builder/model/lib\com.altera.embeddedsw.cpexample.jar;C:/intelfpga_lite/18.1/quartus/sopc_builder/model/lib\com.altera.embeddedsw.flash.jar;C:/intelfpga_lite/18.1/quartus/sopc_builder/model/lib\com.altera.embeddedsw.launch.jar;C:/intelfpga_lite/18.1/quartus/sopc_builder/model/lib\com.alte
Launcher Type: SUN_STANDARD

Environment Variables:
PATH=C:/intelfpga_lite/18.1/quartus/bin64;c:\intelfpga_lite\18.1\quartus\bin64\;c:\intelfpga_lite\18.1\quartus\bin64\;D:\xshell\;D:\xftp\;C:\Users\cc\AppData\Local\Programs\Python\Python37\Scripts;C:\Program Files (x86)\Common Files\Intel\Shared Libraries\redist\intel64_win\compiler;C:\Users\cc\AppData\Local\Programs\Python\Python37;C:\CTEX\UserData\miktex\bin;C:\CTEX\MiKTeX\miktex\bin;C:\CTEX\CTeX\ctex\bin;C:\CTEX\CTeX\cct\bin;C:\CTEX\CTeX\ty\bin;C:\CTEX\Ghostscript\gs9.05\bin;C:\CTEX\GSview\gsview;C:\CTEX\WinEdt;C:\texlive\2019\bin\win32;D:\latex\texlive\2019\bin\win32;C:\Windows\System32;C:\WINDOWS\system32;C:\WINDOWS;C:\WINDOWS\System32\Wbem;C:\WINDOWS\System32\WindowsPowerShell\v1.0\;C:\WINDOWS\System32\OpenSSH\;D:\git\Git\cmd;D:\Cmake\bin;C:\Program Files\CMake\bin;C:\Users\cc\AppData\Roaming\Python\Python37\Scripts;C:\Program Files\dotnet\;C:\Windows\System32;C:\Users\cc\AppData\Local\Programs\Python\Python37\lib\site-packages;D:\PUTTY\;C:\Program Files (x86)\Intel\Intel(R) Management Engine Components\DAL;C:\Program Files\Intel\Intel(R) Management Engine Components\DAL;C:\Users\cc\AppData\Local\Microsoft\WindowsApps;E:\VScode\Microsoft VS Code\bin;D:\pycharm\PyCharm 2019.1\bin;;C:\Windows\system32;C:\intelFPGA\18.1\modelsim_ase\win32aloem;C:\intelFPGA_lite\18.1\modelsim_ase\win32aloem;C:\Users\cc\AppData\Local\Programs\Python\Python37\lib\site-packages;
USERNAME=cc
OS=Windows_NT
PROCESSOR_IDENTIFIER=Intel64 Family 6 Model 142 Stepping 10, GenuineIntel



---------------  S Y S T E M  ---------------

OS: Windows 8.1 , 64 bit Build 9600 

CPU:total 8 (4 cores per cpu, 2 threads per core) family 6 model 142 stepping 10, cmov, cx8, fxsr, mmx, sse, sse2, sse3, ssse3, sse4.1, sse4.2, popcnt, avx, avx2, aes, clmul, erms, ht, tsc, tscinvbit

Memory: 4k page, physical 8105848k(1238636k free), swap 12300152k(5140k free)

vm_info: Java HotSpot(TM) 64-Bit Server VM (25.5-b02) for windows-amd64 JRE (1.8.0_05-b13), built on Mar 18 2014 01:08:39 by "java_re" with MS VC++ 10.0 (VS2010)

time: Sun Sep 06 02:18:49 2020
elapsed time: 0 seconds

