#
# There is insufficient memory for the Java Runtime Environment to continue.
# Native memory allocation (malloc) failed to allocate 57808 bytes for Chunk::new
# Possible reasons:
#   The system is out of physical RAM or swap space
#   In 32 bit mode, the process size limit was hit
# Possible solutions:
#   Reduce memory load on the system
#   Increase physical memory or swap space
#   Check if swap backing store is full
#   Use 64 bit Java on a 64 bit OS
#   Decrease Java heap size (-Xmx/-Xms)
#   Decrease number of Java threads
#   Decrease Java thread stack sizes (-Xss)
#   Set larger code cache with -XX:ReservedCodeCacheSize=
# This output file may be truncated or incomplete.
#
#  Out of Memory Error (allocation.cpp:388), pid=6056, tid=20612
#
# JRE version: Java(TM) SE Runtime Environment (8.0_05-b13) (build 1.8.0_05-b13)
# Java VM: Java HotSpot(TM) 64-Bit Server VM (25.5-b02 mixed mode windows-amd64 compressed oops)
# Failed to write core dump. Minidumps are not enabled by default on client versions of Windows
#

---------------  T H R E A D  ---------------

Current thread (0x0000000013955000):  JavaThread "C2 CompilerThread2" daemon [_thread_in_native, id=20612, stack(0x00000000140f0000,0x00000000141f0000)]

Stack: [0x00000000140f0000,0x00000000141f0000]
Native frames: (J=compiled Java code, j=interpreted, Vv=VM code, C=native code)
V  [jvm.dll+0x308dea]


Current CompileTask:
C2:    491  664       4       sun.misc.URLClassPath$JarLoader::findResource (18 bytes)


---------------  P R O C E S S  ---------------

Java Threads: ( => current thread )
  0x00000000139dd000 JavaThread "Service Thread" daemon [_thread_blocked, id=24076, stack(0x00000000142f0000,0x00000000143f0000)]
  0x0000000013956800 JavaThread "C1 CompilerThread3" daemon [_thread_blocked, id=20692, stack(0x00000000141f0000,0x00000000142f0000)]
=>0x0000000013955000 JavaThread "C2 CompilerThread2" daemon [_thread_in_native, id=20612, stack(0x00000000140f0000,0x00000000141f0000)]
  0x0000000013953800 JavaThread "C2 CompilerThread1" daemon [_thread_blocked, id=9148, stack(0x0000000013ff0000,0x00000000140f0000)]
  0x0000000013950000 JavaThread "C2 CompilerThread0" daemon [_thread_blocked, id=12904, stack(0x0000000013ef0000,0x0000000013ff0000)]
  0x000000001394e000 JavaThread "Attach Listener" daemon [_thread_blocked, id=1240, stack(0x0000000013df0000,0x0000000013ef0000)]
  0x000000001394d000 JavaThread "Signal Dispatcher" daemon [_thread_blocked, id=4364, stack(0x0000000013cf0000,0x0000000013df0000)]
  0x000000000372d000 JavaThread "Finalizer" daemon [_thread_blocked, id=24168, stack(0x0000000013bf0000,0x0000000013cf0000)]
  0x000000000372b800 JavaThread "Reference Handler" daemon [_thread_blocked, id=9980, stack(0x0000000013af0000,0x0000000013bf0000)]
  0x0000000003647000 JavaThread "main" [_thread_in_vm, id=13276, stack(0x00000000034d0000,0x00000000035d0000)]

Other Threads:
  0x0000000003725800 VMThread [stack: 0x00000000139f0000,0x0000000013af0000] [id=12184]
  0x00000000139de800 WatcherThread [stack: 0x00000000143f0000,0x00000000144f0000] [id=21508]

VM state:not at safepoint (normal execution)

VM Mutex/Monitor currently owned by a thread: None

Heap:
 def new generation   total 1152K, used 439K [0x00000000a2400000, 0x00000000a2540000, 0x00000000c1800000)
  eden space 1024K,  30% used [0x00000000a2400000, 0x00000000a244f588, 0x00000000a2500000)
  from space 128K,  95% used [0x00000000a2500000, 0x00000000a251ea28, 0x00000000a2520000)
  to   space 128K,   0% used [0x00000000a2520000, 0x00000000a2520000, 0x00000000a2540000)
 tenured generation   total 125696K, used 4015K [0x00000000c1800000, 0x00000000c92c0000, 0x0000000100000000)
   the space 125696K,   3% used [0x00000000c1800000, 0x00000000c1bebc68, 0x00000000c1bebe00, 0x00000000c92c0000)
 Metaspace       used 7046K, capacity 7308K, committed 7552K, reserved 1056768K
  class space    used 778K, capacity 836K, committed 896K, reserved 1048576K

Card table byte_map: [0x0000000012b00000,0x0000000012df0000] byte_map_base: 0x00000000125ee000

Polling page: 0x00000000017b0000

CodeCache: size=245760Kb used=3011Kb max_used=3011Kb free=242748Kb
 bounds [0x0000000003740000, 0x0000000003a40000, 0x0000000012740000]
 total_blobs=982 nmethods=685 adapters=211
 compilation: enabled

Compilation events (10 events):
Event: 0.484 Thread 0x0000000013956800  680   !   3       java.util.AbstractList$Itr::next (45 bytes)
Event: 0.484 Thread 0x0000000013956800 nmethod 680 0x0000000003a2ef90 code [0x0000000003a2f160, 0x0000000003a2f778]
Event: 0.484 Thread 0x0000000013956800  681       3       java.util.AbstractList$Itr::checkForComodification (23 bytes)
Event: 0.484 Thread 0x0000000013956800 nmethod 681 0x0000000003a2fa50 code [0x0000000003a2fbc0, 0x0000000003a2fdc8]
Event: 0.484 Thread 0x0000000013956800  682       3       com.altera.sopclibrary.conan.Analyzer$FactoryInfo::getExtensions (20 bytes)
Event: 0.485 Thread 0x0000000013956800 nmethod 682 0x0000000003a2fed0 code [0x0000000003a30060, 0x0000000003a303d0]
Event: 0.487 Thread 0x0000000013956800  683 %     3       sun.nio.cs.ext.DoubleByte$Decoder::decode @ 18 (178 bytes)
Event: 0.487 Thread 0x0000000013956800 nmethod 683% 0x0000000003a30550 code [0x0000000003a30720, 0x0000000003a310e8]
Event: 0.488 Thread 0x0000000013956800  684       3       sun.nio.cs.ext.DoubleByte$Decoder::decode (178 bytes)
Event: 0.488 Thread 0x0000000013956800 nmethod 684 0x0000000003a31850 code [0x0000000003a31a20, 0x0000000003a322e8]

GC Heap History (10 events):
Event: 0.454 GC heap before
{Heap before GC invocations=27 (full 0):
 def new generation   total 1152K, used 1090K [0x00000000a2400000, 0x00000000a2540000, 0x00000000c1800000)
  eden space 1024K, 100% used [0x00000000a2400000, 0x00000000a2500000, 0x00000000a2500000)
  from space 128K,  51% used [0x00000000a2520000, 0x00000000a25308f8, 0x00000000a2540000)
  to   space 128K,   0% used [0x00000000a2500000, 0x00000000a2500000, 0x00000000a2520000)
 tenured generation   total 125696K, used 3807K [0x00000000c1800000, 0x00000000c92c0000, 0x0000000100000000)
   the space 125696K,   3% used [0x00000000c1800000, 0x00000000c1bb7ff8, 0x00000000c1bb8000, 0x00000000c92c0000)
 Metaspace       used 6459K, capacity 6668K, committed 7040K, reserved 1056768K
  class space    used 708K, capacity 772K, committed 896K, reserved 1048576K
Event: 0.455 GC heap after
Heap after GC invocations=28 (full 0):
 def new generation   total 1152K, used 47K [0x00000000a2400000, 0x00000000a2540000, 0x00000000c1800000)
  eden space 1024K,   0% used [0x00000000a2400000, 0x00000000a2400000, 0x00000000a2500000)
  from space 128K,  37% used [0x00000000a2500000, 0x00000000a250beb8, 0x00000000a2520000)
  to   space 128K,   0% used [0x00000000a2520000, 0x00000000a2520000, 0x00000000a2540000)
 tenured generation   total 125696K, used 3831K [0x00000000c1800000, 0x00000000c92c0000, 0x0000000100000000)
   the space 125696K,   3% used [0x00000000c1800000, 0x00000000c1bbdf28, 0x00000000c1bbe000, 0x00000000c92c0000)
 Metaspace       used 6459K, capacity 6668K, committed 7040K, reserved 1056768K
  class space    used 708K, capacity 772K, committed 896K, reserved 1048576K
}
Event: 0.460 GC heap before
{Heap before GC invocations=28 (full 0):
 def new generation   total 1152K, used 1071K [0x00000000a2400000, 0x00000000a2540000, 0x00000000c1800000)
  eden space 1024K,  99% used [0x00000000a2400000, 0x00000000a24fffe8, 0x00000000a2500000)
  from space 128K,  37% used [0x00000000a2500000, 0x00000000a250beb8, 0x00000000a2520000)
  to   space 128K,   0% used [0x00000000a2520000, 0x00000000a2520000, 0x00000000a2540000)
 tenured generation   total 125696K, used 3831K [0x00000000c1800000, 0x00000000c92c0000, 0x0000000100000000)
   the space 125696K,   3% used [0x00000000c1800000, 0x00000000c1bbdf28, 0x00000000c1bbe000, 0x00000000c92c0000)
 Metaspace       used 6542K, capacity 6796K, committed 7040K, reserved 1056768K
  class space    used 714K, capacity 772K, committed 896K, reserved 1048576K
Event: 0.461 GC heap after
Heap after GC invocations=29 (full 0):
 def new generation   total 1152K, used 122K [0x00000000a2400000, 0x00000000a2540000, 0x00000000c1800000)
  eden space 1024K,   0% used [0x00000000a2400000, 0x00000000a2400000, 0x00000000a2500000)
  from space 128K,  95% used [0x00000000a2520000, 0x00000000a253e8c0, 0x00000000a2540000)
  to   space 128K,   0% used [0x00000000a2500000, 0x00000000a2500000, 0x00000000a2520000)
 tenured generation   total 125696K, used 3831K [0x00000000c1800000, 0x00000000c92c0000, 0x0000000100000000)
   the space 125696K,   3% used [0x00000000c1800000, 0x00000000c1bbdf28, 0x00000000c1bbe000, 0x00000000c92c0000)
 Metaspace       used 6542K, capacity 6796K, committed 7040K, reserved 1056768K
  class space    used 714K, capacity 772K, committed 896K, reserved 1048576K
}
Event: 0.469 GC heap before
{Heap before GC invocations=29 (full 0):
 def new generation   total 1152K, used 1138K [0x00000000a2400000, 0x00000000a2540000, 0x00000000c1800000)
  eden space 1024K,  99% used [0x00000000a2400000, 0x00000000a24fdfe8, 0x00000000a2500000)
  from space 128K,  95% used [0x00000000a2520000, 0x00000000a253e8c0, 0x00000000a2540000)
  to   space 128K,   0% used [0x00000000a2500000, 0x00000000a2500000, 0x00000000a2520000)
 tenured generation   total 125696K, used 3831K [0x00000000c1800000, 0x00000000c92c0000, 0x0000000100000000)
   the space 125696K,   3% used [0x00000000c1800000, 0x00000000c1bbdf28, 0x00000000c1bbe000, 0x00000000c92c0000)
 Metaspace       used 6695K, capacity 6956K, committed 7296K, reserved 1056768K
  class space    used 735K, capacity 804K, committed 896K, reserved 1048576K
Event: 0.469 GC heap after
Heap after GC invocations=30 (full 0):
 def new generation   total 1152K, used 127K [0x00000000a2400000, 0x00000000a2540000, 0x00000000c1800000)
  eden space 1024K,   0% used [0x00000000a2400000, 0x00000000a2400000, 0x00000000a2500000)
  from space 128K,  99% used [0x00000000a2500000, 0x00000000a251ffb8, 0x00000000a2520000)
  to   space 128K,   0% used [0x00000000a2520000, 0x00000000a2520000, 0x00000000a2540000)
 tenured generation   total 125696K, used 3930K [0x00000000c1800000, 0x00000000c92c0000, 0x0000000100000000)
   the space 125696K,   3% used [0x00000000c1800000, 0x00000000c1bd6b48, 0x00000000c1bd6c00, 0x00000000c92c0000)
 Metaspace       used 6695K, capacity 6956K, committed 7296K, reserved 1056768K
  class space    used 735K, capacity 804K, committed 896K, reserved 1048576K
}
Event: 0.478 GC heap before
{Heap before GC invocations=30 (full 0):
 def new generation   total 1152K, used 1151K [0x00000000a2400000, 0x00000000a2540000, 0x00000000c1800000)
  eden space 1024K, 100% used [0x00000000a2400000, 0x00000000a2500000, 0x00000000a2500000)
  from space 128K,  99% used [0x00000000a2500000, 0x00000000a251ffb8, 0x00000000a2520000)
  to   space 128K,   0% used [0x00000000a2520000, 0x00000000a2520000, 0x00000000a2540000)
 tenured generation   total 125696K, used 3930K [0x00000000c1800000, 0x00000000c92c0000, 0x0000000100000000)
   the space 125696K,   3% used [0x00000000c1800000, 0x00000000c1bd6b48, 0x00000000c1bd6c00, 0x00000000c92c0000)
 Metaspace       used 6840K, capacity 7084K, committed 7296K, reserved 1056768K
  class space    used 755K, capacity 804K, committed 896K, reserved 1048576K
Event: 0.479 GC heap after
Heap after GC invocations=31 (full 0):
 def new generation   total 1152K, used 126K [0x00000000a2400000, 0x00000000a2540000, 0x00000000c1800000)
  eden space 1024K,   0% used [0x00000000a2400000, 0x00000000a2400000, 0x00000000a2500000)
  from space 128K,  98% used [0x00000000a2520000, 0x00000000a253fa90, 0x00000000a2540000)
  to   space 128K,   0% used [0x00000000a2500000, 0x00000000a2500000, 0x00000000a2520000)
 tenured generation   total 125696K, used 3979K [0x00000000c1800000, 0x00000000c92c0000, 0x0000000100000000)
   the space 125696K,   3% used [0x00000000c1800000, 0x00000000c1be2ce8, 0x00000000c1be2e00, 0x00000000c92c0000)
 Metaspace       used 6840K, capacity 7084K, committed 7296K, reserved 1056768K
  class space    used 755K, capacity 804K, committed 896K, reserved 1048576K
}
Event: 0.485 GC heap before
{Heap before GC invocations=31 (full 0):
 def new generation   total 1152K, used 1103K [0x00000000a2400000, 0x00000000a2540000, 0x00000000c1800000)
  eden space 1024K,  95% used [0x00000000a2400000, 0x00000000a24f4218, 0x00000000a2500000)
  from space 128K,  98% used [0x00000000a2520000, 0x00000000a253fa90, 0x00000000a2540000)
  to   space 128K,   0% used [0x00000000a2500000, 0x00000000a2500000, 0x00000000a2520000)
 tenured generation   total 125696K, used 3979K [0x00000000c1800000, 0x00000000c92c0000, 0x0000000100000000)
   the space 125696K,   3% used [0x00000000c1800000, 0x00000000c1be2ce8, 0x00000000c1be2e00, 0x00000000c92c0000)
 Metaspace       used 6876K, capacity 7148K, committed 7296K, reserved 1056768K
  class space    used 760K, capacity 804K, committed 896K, reserved 1048576K
Event: 0.486 GC heap after
Heap after GC invocations=32 (full 0):
 def new generation   total 1152K, used 122K [0x00000000a2400000, 0x00000000a2540000, 0x00000000c1800000)
  eden space 1024K,   0% used [0x00000000a2400000, 0x00000000a2400000, 0x00000000a2500000)
  from space 128K,  95% used [0x00000000a2500000, 0x00000000a251ea28, 0x00000000a2520000)
  to   space 128K,   0% used [0x00000000a2520000, 0x00000000a2520000, 0x00000000a2540000)
 tenured generation   total 125696K, used 4015K [0x00000000c1800000, 0x00000000c92c0000, 0x0000000100000000)
   the space 125696K,   3% used [0x00000000c1800000, 0x00000000c1bebc68, 0x00000000c1bebe00, 0x00000000c92c0000)
 Metaspace       used 6876K, capacity 7148K, committed 7296K, reserved 1056768K
  class space    used 760K, capacity 804K, committed 896K, reserved 1048576K
}

Deoptimization events (1 events):
Event: 0.332 Thread 0x0000000003647000 Uncommon trap: reason=unloaded action=reinterpret pc=0x0000000003943f44 method=sun.misc.URLClassPath$JarLoader.getResource(Ljava/lang/String;Z)Lsun/misc/Resource; @ 67

Internal exceptions (10 events):
Event: 0.480 Thread 0x0000000003647000 Exception <a 'java/security/PrivilegedActionException'> (0x00000000a2468298) thrown at [D:\re\workspace\8-2-build-windows-amd64-cygwin\jdk8u5\2488\hotspot\src\share\vm\prims\jvm.cpp, line 1248]
Event: 0.481 Thread 0x0000000003647000 Exception <a 'java/security/PrivilegedActionException'> (0x00000000a2478930) thrown at [D:\re\workspace\8-2-build-windows-amd64-cygwin\jdk8u5\2488\hotspot\src\share\vm\prims\jvm.cpp, line 1248]
Event: 0.481 Thread 0x0000000003647000 Exception <a 'java/security/PrivilegedActionException'> (0x00000000a24884c8) thrown at [D:\re\workspace\8-2-build-windows-amd64-cygwin\jdk8u5\2488\hotspot\src\share\vm\prims\jvm.cpp, line 1248]
Event: 0.481 Thread 0x0000000003647000 Exception <a 'java/security/PrivilegedActionException'> (0x00000000a2499a58) thrown at [D:\re\workspace\8-2-build-windows-amd64-cygwin\jdk8u5\2488\hotspot\src\share\vm\prims\jvm.cpp, line 1248]
Event: 0.481 Thread 0x0000000003647000 Exception <a 'java/security/PrivilegedActionException'> (0x00000000a24a1ee8) thrown at [D:\re\workspace\8-2-build-windows-amd64-cygwin\jdk8u5\2488\hotspot\src\share\vm\prims\jvm.cpp, line 1248]
Event: 0.481 Thread 0x0000000003647000 Exception <a 'java/security/PrivilegedActionException'> (0x00000000a24a87e8) thrown at [D:\re\workspace\8-2-build-windows-amd64-cygwin\jdk8u5\2488\hotspot\src\share\vm\prims\jvm.cpp, line 1248]
Event: 0.482 Thread 0x0000000003647000 Exception <a 'java/security/PrivilegedActionException'> (0x00000000a24ac5f0) thrown at [D:\re\workspace\8-2-build-windows-amd64-cygwin\jdk8u5\2488\hotspot\src\share\vm\prims\jvm.cpp, line 1248]
Event: 0.484 Thread 0x0000000003647000 Exception <a 'java/security/PrivilegedActionException'> (0x00000000a24d73e0) thrown at [D:\re\workspace\8-2-build-windows-amd64-cygwin\jdk8u5\2488\hotspot\src\share\vm\prims\jvm.cpp, line 1248]
Event: 0.488 Thread 0x0000000003647000 Exception <a 'java/security/PrivilegedActionException'> (0x00000000a2422248) thrown at [D:\re\workspace\8-2-build-windows-amd64-cygwin\jdk8u5\2488\hotspot\src\share\vm\prims\jvm.cpp, line 1248]
Event: 0.489 Thread 0x0000000003647000 Exception <a 'java/security/PrivilegedActionException'> (0x00000000a2431748) thrown at [D:\re\workspace\8-2-build-windows-amd64-cygwin\jdk8u5\2488\hotspot\src\share\vm\prims\jvm.cpp, line 1248]

Events (10 events):
Event: 0.482 loading class com/altera/sopclibrary/conan/Analyzer$1
Event: 0.482 loading class com/altera/sopclibrary/conan/Analyzer$1 done
Event: 0.484 loading class com/altera/sopclibrary/conan/Analyzer$3
Event: 0.484 loading class com/altera/sopclibrary/conan/Analyzer$3 done
Event: 0.485 Executing VM operation: GenCollectForAllocation
Event: 0.486 Executing VM operation: GenCollectForAllocation done
Event: 0.488 loading class com/altera/utilities/altNode/AltNodeXML
Event: 0.488 loading class com/altera/utilities/altNode/AltNodeXML done
Event: 0.488 loading class com/altera/utilities/altNode/AltNodeXML$1
Event: 0.488 loading class com/altera/utilities/altNode/AltNodeXML$1 done


Dynamic libraries:
0x00007ff70e2d0000 - 0x00007ff70e304000 	C:\intelfpga_lite\18.1\quartus\bin64\jre64\bin\java.exe
0x00007fffea540000 - 0x00007fffea730000 	C:\WINDOWS\SYSTEM32\ntdll.dll
0x00007fffe85f0000 - 0x00007fffe86a2000 	C:\WINDOWS\System32\KERNEL32.DLL
0x00007fffe78b0000 - 0x00007fffe7b54000 	C:\WINDOWS\System32\KERNELBASE.dll
0x00007fffe9ea0000 - 0x00007fffe9f43000 	C:\WINDOWS\System32\ADVAPI32.dll
0x00007fffe9f50000 - 0x00007fffe9fee000 	C:\WINDOWS\System32\msvcrt.dll
0x00007fffe9ff0000 - 0x00007fffea087000 	C:\WINDOWS\System32\sechost.dll
0x00007fffe94e0000 - 0x00007fffe9600000 	C:\WINDOWS\System32\RPCRT4.dll
0x00007fffe8970000 - 0x00007fffe8b05000 	C:\WINDOWS\System32\USER32.dll
0x00007fffe7540000 - 0x00007fffe7561000 	C:\WINDOWS\System32\win32u.dll
0x00007fffe9df0000 - 0x00007fffe9e16000 	C:\WINDOWS\System32\GDI32.dll
0x00007fffe7590000 - 0x00007fffe7726000 	C:\WINDOWS\System32\gdi32full.dll
0x00007fffe8550000 - 0x00007fffe85ee000 	C:\WINDOWS\System32\msvcp_win.dll
0x00007fffe7760000 - 0x00007fffe785a000 	C:\WINDOWS\System32\ucrtbase.dll
0x00007fffd7fe0000 - 0x00007fffd8264000 	C:\WINDOWS\WinSxS\amd64_microsoft.windows.common-controls_6595b64144ccf1df_6.0.18362.1016_none_9e7a36bbe461dae4\COMCTL32.dll
0x00007fffe8b40000 - 0x00007fffe8e75000 	C:\WINDOWS\System32\combase.dll
0x00007fffe74c0000 - 0x00007fffe7540000 	C:\WINDOWS\System32\bcryptPrimitives.dll
0x00007fffe9dc0000 - 0x00007fffe9dee000 	C:\WINDOWS\System32\IMM32.DLL
0x000000005bb90000 - 0x000000005bc62000 	C:\intelfpga_lite\18.1\quartus\bin64\jre64\bin\msvcr100.dll
0x000000005b360000 - 0x000000005bb8a000 	C:\intelfpga_lite\18.1\quartus\bin64\jre64\bin\server\jvm.dll
0x00007fffe9450000 - 0x00007fffe9458000 	C:\WINDOWS\System32\PSAPI.DLL
0x00007fffd71c0000 - 0x00007fffd71c9000 	C:\WINDOWS\SYSTEM32\WSOCK32.dll
0x00007fffe4b20000 - 0x00007fffe4b44000 	C:\WINDOWS\SYSTEM32\WINMM.dll
0x00007fffe93e0000 - 0x00007fffe944f000 	C:\WINDOWS\System32\WS2_32.dll
0x00007fffe4910000 - 0x00007fffe493d000 	C:\WINDOWS\SYSTEM32\winmmbase.dll
0x00007fffe7860000 - 0x00007fffe78aa000 	C:\WINDOWS\System32\cfgmgr32.dll
0x000000005b350000 - 0x000000005b35f000 	C:\intelfpga_lite\18.1\quartus\bin64\jre64\bin\verify.dll
0x000000005b320000 - 0x000000005b348000 	C:\intelfpga_lite\18.1\quartus\bin64\jre64\bin\java.dll
0x000000005b300000 - 0x000000005b316000 	C:\intelfpga_lite\18.1\quartus\bin64\jre64\bin\zip.dll
0x00007fffe96d0000 - 0x00007fffe9db7000 	C:\WINDOWS\System32\SHELL32.dll
0x00007fffe8860000 - 0x00007fffe8909000 	C:\WINDOWS\System32\shcore.dll
0x00007fffe7b60000 - 0x00007fffe82e2000 	C:\WINDOWS\System32\windows.storage.dll
0x00007fffe7400000 - 0x00007fffe7423000 	C:\WINDOWS\System32\profapi.dll
0x00007fffe7470000 - 0x00007fffe74ba000 	C:\WINDOWS\System32\powrprof.dll
0x00007fffe73f0000 - 0x00007fffe7400000 	C:\WINDOWS\System32\UMPDC.dll
0x00007fffe9260000 - 0x00007fffe92b2000 	C:\WINDOWS\System32\shlwapi.dll
0x00007fffe7450000 - 0x00007fffe7461000 	C:\WINDOWS\System32\kernel.appcore.dll
0x00007fffe7570000 - 0x00007fffe7587000 	C:\WINDOWS\System32\cryptsp.dll

VM Arguments:
jvm_args: -Xmx1500M -XX:+UseSerialGC 
java_command: com.altera.sopcmodel.sbtools.sbcatalog.SbCatalog --xml --project-directory= --search-path=E:/JuniorYearSpring/ECE385/lab/FinalProject/,E:\JuniorYearSpring\ECE385\lab\FinalProject
java_class_path (initial): C:/intelfpga_lite/18.1/quartus/sopc_builder/model/lib\Nlview.jar;C:/intelfpga_lite/18.1/quartus/sopc_builder/model/lib\QuickServer.jar;C:/intelfpga_lite/18.1/quartus/sopc_builder/model/lib\TableLayout.jar;C:/intelfpga_lite/18.1/quartus/sopc_builder/model/lib\appframework-1.03.jar;C:/intelfpga_lite/18.1/quartus/sopc_builder/model/lib\asm-3.1.jar;C:/intelfpga_lite/18.1/quartus/sopc_builder/model/lib\asm-commons-3.1.jar;C:/intelfpga_lite/18.1/quartus/sopc_builder/model/lib\basicmodel.jar;C:/intelfpga_lite/18.1/quartus/sopc_builder/model/lib\beansbinding-1.2.1.jar;C:/intelfpga_lite/18.1/quartus/sopc_builder/model/lib\binding-2.0.6.jar;C:/intelfpga_lite/18.1/quartus/sopc_builder/model/lib\com.altera.componenteditor2.jar;C:/intelfpga_lite/18.1/quartus/sopc_builder/model/lib\com.altera.embeddedsw.app_lib.jar;C:/intelfpga_lite/18.1/quartus/sopc_builder/model/lib\com.altera.embeddedsw.bsp.editor.jar;C:/intelfpga_lite/18.1/quartus/sopc_builder/model/lib\com.altera.embeddedsw.bsp.elements.jar;C:/intelfpga_lite/18.1/quartus/sopc_builder/model/lib\com.altera.embeddedsw.bsp.jar;C:/intelfpga_lite/18.1/quartus/sopc_builder/model/lib\com.altera.embeddedsw.bsp.plugin.core.jar;C:/intelfpga_lite/18.1/quartus/sopc_builder/model/lib\com.altera.embeddedsw.bsp.plugin.hal.jar;C:/intelfpga_lite/18.1/quartus/sopc_builder/model/lib\com.altera.embeddedsw.bsp.plugin.lwhal.jar;C:/intelfpga_lite/18.1/quartus/sopc_builder/model/lib\com.altera.embeddedsw.bsp.schema.jar;C:/intelfpga_lite/18.1/quartus/sopc_builder/model/lib\com.altera.embeddedsw.bsp.scripting.jar;C:/intelfpga_lite/18.1/quartus/sopc_builder/model/lib\com.altera.embeddedsw.commandline.jar;C:/intelfpga_lite/18.1/quartus/sopc_builder/model/lib\com.altera.embeddedsw.cpexample.jar;C:/intelfpga_lite/18.1/quartus/sopc_builder/model/lib\com.altera.embeddedsw.flash.jar;C:/intelfpga_lite/18.1/quartus/sopc_builder/model/lib\com.altera.embeddedsw.launch.jar;C:/intelfpga_lite/18.1/quartus/sopc_builder/model/lib\com.alte
Launcher Type: SUN_STANDARD

Environment Variables:
PATH=C:/intelfpga_lite/18.1/quartus/bin64;c:\intelfpga_lite\18.1\quartus\bin64\;c:\intelfpga_lite\18.1\quartus\bin64\;D:\xshell\;D:\xftp\;C:\Users\cc\AppData\Local\Programs\Python\Python37\Scripts;C:\Program Files (x86)\Common Files\Intel\Shared Libraries\redist\intel64_win\compiler;C:\Users\cc\AppData\Local\Programs\Python\Python37;C:\CTEX\UserData\miktex\bin;C:\CTEX\MiKTeX\miktex\bin;C:\CTEX\CTeX\ctex\bin;C:\CTEX\CTeX\cct\bin;C:\CTEX\CTeX\ty\bin;C:\CTEX\Ghostscript\gs9.05\bin;C:\CTEX\GSview\gsview;C:\CTEX\WinEdt;C:\texlive\2019\bin\win32;D:\latex\texlive\2019\bin\win32;C:\Windows\System32;C:\WINDOWS\system32;C:\WINDOWS;C:\WINDOWS\System32\Wbem;C:\WINDOWS\System32\WindowsPowerShell\v1.0\;C:\WINDOWS\System32\OpenSSH\;D:\git\Git\cmd;D:\Cmake\bin;C:\Program Files\CMake\bin;C:\Users\cc\AppData\Roaming\Python\Python37\Scripts;C:\Program Files\dotnet\;C:\Windows\System32;C:\Users\cc\AppData\Local\Programs\Python\Python37\lib\site-packages;D:\PUTTY\;C:\Program Files (x86)\Intel\Intel(R) Management Engine Components\DAL;C:\Program Files\Intel\Intel(R) Management Engine Components\DAL;C:\Users\cc\AppData\Local\Microsoft\WindowsApps;E:\VScode\Microsoft VS Code\bin;D:\pycharm\PyCharm 2019.1\bin;;C:\Windows\system32;C:\intelFPGA\18.1\modelsim_ase\win32aloem;C:\intelFPGA_lite\18.1\modelsim_ase\win32aloem;C:\Users\cc\AppData\Local\Programs\Python\Python37\lib\site-packages;
USERNAME=cc
OS=Windows_NT
PROCESSOR_IDENTIFIER=Intel64 Family 6 Model 142 Stepping 10, GenuineIntel



---------------  S Y S T E M  ---------------

OS: Windows 8.1 , 64 bit Build 9600 

CPU:total 8 (4 cores per cpu, 2 threads per core) family 6 model 142 stepping 10, cmov, cx8, fxsr, mmx, sse, sse2, sse3, ssse3, sse4.1, sse4.2, popcnt, avx, avx2, aes, clmul, erms, ht, tsc, tscinvbit

Memory: 4k page, physical 8105848k(1223280k free), swap 12300152k(4928k free)

vm_info: Java HotSpot(TM) 64-Bit Server VM (25.5-b02) for windows-amd64 JRE (1.8.0_05-b13), built on Mar 18 2014 01:08:39 by "java_re" with MS VC++ 10.0 (VS2010)

time: Sun Sep 06 02:20:00 2020
elapsed time: 0 seconds

