#
# There is insufficient memory for the Java Runtime Environment to continue.
# Native memory allocation (malloc) failed to allocate 1533936 bytes for Chunk::new
# Possible reasons:
#   The system is out of physical RAM or swap space
#   In 32 bit mode, the process size limit was hit
# Possible solutions:
#   Reduce memory load on the system
#   Increase physical memory or swap space
#   Check if swap backing store is full
#   Use 64 bit Java on a 64 bit OS
#   Decrease Java heap size (-Xmx/-Xms)
#   Decrease number of Java threads
#   Decrease Java thread stack sizes (-Xss)
#   Set larger code cache with -XX:ReservedCodeCacheSize=
# This output file may be truncated or incomplete.
#
#  Out of Memory Error (allocation.cpp:388), pid=17720, tid=19008
#
# JRE version: Java(TM) SE Runtime Environment (8.0_05-b13) (build 1.8.0_05-b13)
# Java VM: Java HotSpot(TM) 64-Bit Server VM (25.5-b02 mixed mode windows-amd64 compressed oops)
# Failed to write core dump. Minidumps are not enabled by default on client versions of Windows
#

---------------  T H R E A D  ---------------

Current thread (0x0000000013010000):  JavaThread "C2 CompilerThread0" daemon [_thread_in_native, id=19008, stack(0x00000000135b0000,0x00000000136b0000)]

Stack: [0x00000000135b0000,0x00000000136b0000]
Native frames: (J=compiled Java code, j=interpreted, Vv=VM code, C=native code)
V  [jvm.dll+0x308dea]
V  [jvm.dll+0x25def1]
V  [jvm.dll+0x25eb0f]
V  [jvm.dll+0x2564e5]
V  [jvm.dll+0xbcfc5]
V  [jvm.dll+0xbd45c]
V  [jvm.dll+0x44d422]
V  [jvm.dll+0x48e13f]
V  [jvm.dll+0x442075]
V  [jvm.dll+0x44366b]
V  [jvm.dll+0x427532]
V  [jvm.dll+0x96702]
V  [jvm.dll+0x96ef3]
V  [jvm.dll+0x2232c4]
V  [jvm.dll+0x27baca]
C  [msvcr100.dll+0x21d9f]
C  [msvcr100.dll+0x21e3b]
C  [KERNEL32.DLL+0x17bd4]
C  [ntdll.dll+0x6ce51]


Current CompileTask:
C2:    633  873       4       com.sun.org.apache.xerces.internal.impl.XMLNSDocumentScannerImpl::scanStartElement (1015 bytes)


---------------  P R O C E S S  ---------------

Java Threads: ( => current thread )
  0x0000000013096800 JavaThread "Service Thread" daemon [_thread_blocked, id=8752, stack(0x00000000139b0000,0x0000000013ab0000)]
  0x0000000013017000 JavaThread "C1 CompilerThread3" daemon [_thread_blocked, id=12440, stack(0x00000000138b0000,0x00000000139b0000)]
  0x0000000013016000 JavaThread "C2 CompilerThread2" daemon [_thread_in_native, id=14972, stack(0x00000000137b0000,0x00000000138b0000)]
  0x0000000013015000 JavaThread "C2 CompilerThread1" daemon [_thread_in_native, id=16360, stack(0x00000000136b0000,0x00000000137b0000)]
=>0x0000000013010000 JavaThread "C2 CompilerThread0" daemon [_thread_in_native, id=19008, stack(0x00000000135b0000,0x00000000136b0000)]
  0x000000001300e000 JavaThread "Attach Listener" daemon [_thread_blocked, id=13248, stack(0x00000000134b0000,0x00000000135b0000)]
  0x000000001300b000 JavaThread "Signal Dispatcher" daemon [_thread_blocked, id=21900, stack(0x00000000133b0000,0x00000000134b0000)]
  0x0000000002ded000 JavaThread "Finalizer" daemon [_thread_blocked, id=9608, stack(0x00000000132b0000,0x00000000133b0000)]
  0x0000000002deb800 JavaThread "Reference Handler" daemon [_thread_blocked, id=9772, stack(0x00000000131b0000,0x00000000132b0000)]
  0x0000000002d07000 JavaThread "main" [_thread_blocked, id=8640, stack(0x0000000002c00000,0x0000000002d00000)]

Other Threads:
  0x0000000002de5800 VMThread [stack: 0x00000000130b0000,0x00000000131b0000] [id=17048]
  0x0000000013098800 WatcherThread [stack: 0x0000000013ab0000,0x0000000013bb0000] [id=2908]

VM state:at safepoint (normal execution)

VM Mutex/Monitor currently owned by a thread:  ([mutex/lock_event])
[0x0000000002d04ed0] Threads_lock - owner thread: 0x0000000002de5800
[0x0000000002d041d0] Heap_lock - owner thread: 0x0000000002d07000

Heap:
 def new generation   total 1152K, used 1151K [0x00000000a2400000, 0x00000000a2540000, 0x00000000c1800000)
  eden space 1024K, 100% used [0x00000000a2400000, 0x00000000a2500000, 0x00000000a2500000)
  from space 128K,  99% used [0x00000000a2500000, 0x00000000a251fff0, 0x00000000a2520000)
  to   space 128K,   0% used [0x00000000a2520000, 0x00000000a2520058, 0x00000000a2540000)
 tenured generation   total 125696K, used 10404K [0x00000000c1800000, 0x00000000c92c0000, 0x0000000100000000)
   the space 125696K,   8% used [0x00000000c1800000, 0x00000000c2229118, 0x00000000c2229200, 0x00000000c92c0000)
 Metaspace       used 8191K, capacity 8396K, committed 8704K, reserved 1056768K
  class space    used 905K, capacity 964K, committed 1024K, reserved 1048576K

Card table byte_map: [0x00000000121c0000,0x00000000124b0000] byte_map_base: 0x0000000011cae000

Polling page: 0x0000000000f50000

CodeCache: size=245760Kb used=3642Kb max_used=3661Kb free=242117Kb
 bounds [0x0000000002e00000, 0x00000000031a0000, 0x0000000011e00000]
 total_blobs=1182 nmethods=874 adapters=222
 compilation: enabled

Compilation events (10 events):
Event: 0.592 Thread 0x0000000013015000 nmethod 865 0x000000000318c3d0 code [0x000000000318c700, 0x000000000318de30]
Event: 0.592 Thread 0x0000000013015000  875       4       com.sun.org.apache.xerces.internal.impl.XMLEntityScanner::scanContent (641 bytes)
Event: 0.602 Thread 0x0000000013016000 nmethod 870 0x00000000031933d0 code [0x00000000031938e0, 0x0000000003195638]
Event: 0.602 Thread 0x0000000013015000 nmethod 875 0x000000000317fcd0 code [0x000000000317fea0, 0x00000000031806e0]
Event: 0.602 Thread 0x0000000013015000  874       4       com.altera.utilities.altNode.AltNodeXML$AltNodeXMLParser::commitCharacters (119 bytes)
Event: 0.602 Thread 0x0000000013016000  876   !   4       com.sun.org.apache.xerces.internal.parsers.AbstractSAXParser::startElement (318 bytes)
Event: 0.608 Thread 0x0000000013017000  882       3       com.sun.org.apache.xerces.internal.util.XMLStringBuffer::append (110 bytes)
Event: 0.608 Thread 0x0000000013017000 nmethod 882 0x0000000003181c10 code [0x0000000003181da0, 0x0000000003182258]
Event: 0.608 Thread 0x0000000013017000  881       3       com.sun.org.apache.xerces.internal.util.XMLStringBuffer::append (17 bytes)
Event: 0.608 Thread 0x0000000013017000 nmethod 881 0x0000000003178710 code [0x0000000003178880, 0x0000000003178a28]

GC Heap History (10 events):
Event: 0.540 GC heap after
Heap after GC invocations=34 (full 0):
 def new generation   total 1152K, used 128K [0x00000000a2400000, 0x00000000a2540000, 0x00000000c1800000)
  eden space 1024K,   0% used [0x00000000a2400000, 0x00000000a2400000, 0x00000000a2500000)
  from space 128K, 100% used [0x00000000a2500000, 0x00000000a2520000, 0x00000000a2520000)
  to   space 128K,   0% used [0x00000000a2520000, 0x00000000a2520000, 0x00000000a2540000)
 tenured generation   total 125696K, used 4745K [0x00000000c1800000, 0x00000000c92c0000, 0x0000000100000000)
   the space 125696K,   3% used [0x00000000c1800000, 0x00000000c1ca24e8, 0x00000000c1ca2600, 0x00000000c92c0000)
 Metaspace       used 8162K, capacity 8396K, committed 8704K, reserved 1056768K
  class space    used 905K, capacity 964K, committed 1024K, reserved 1048576K
}
Event: 0.562 GC heap before
{Heap before GC invocations=34 (full 0):
 def new generation   total 1152K, used 1152K [0x00000000a2400000, 0x00000000a2540000, 0x00000000c1800000)
  eden space 1024K, 100% used [0x00000000a2400000, 0x00000000a2500000, 0x00000000a2500000)
  from space 128K, 100% used [0x00000000a2500000, 0x00000000a2520000, 0x00000000a2520000)
  to   space 128K,   0% used [0x00000000a2520000, 0x00000000a2520000, 0x00000000a2540000)
 tenured generation   total 125696K, used 4745K [0x00000000c1800000, 0x00000000c92c0000, 0x0000000100000000)
   the space 125696K,   3% used [0x00000000c1800000, 0x00000000c1ca24e8, 0x00000000c1ca2600, 0x00000000c92c0000)
 Metaspace       used 8191K, capacity 8396K, committed 8704K, reserved 1056768K
  class space    used 905K, capacity 964K, committed 1024K, reserved 1048576K
Event: 0.564 GC heap after
Heap after GC invocations=35 (full 0):
 def new generation   total 1152K, used 127K [0x00000000a2400000, 0x00000000a2540000, 0x00000000c1800000)
  eden space 1024K,   0% used [0x00000000a2400000, 0x00000000a2400000, 0x00000000a2500000)
  from space 128K,  99% used [0x00000000a2520000, 0x00000000a253fff8, 0x00000000a2540000)
  to   space 128K,   0% used [0x00000000a2500000, 0x00000000a2500000, 0x00000000a2520000)
 tenured generation   total 125696K, used 5688K [0x00000000c1800000, 0x00000000c92c0000, 0x0000000100000000)
   the space 125696K,   4% used [0x00000000c1800000, 0x00000000c1d8e0c8, 0x00000000c1d8e200, 0x00000000c92c0000)
 Metaspace       used 8191K, capacity 8396K, committed 8704K, reserved 1056768K
  class space    used 905K, capacity 964K, committed 1024K, reserved 1048576K
}
Event: 0.577 GC heap before
{Heap before GC invocations=35 (full 0):
 def new generation   total 1152K, used 1151K [0x00000000a2400000, 0x00000000a2540000, 0x00000000c1800000)
  eden space 1024K, 100% used [0x00000000a2400000, 0x00000000a2500000, 0x00000000a2500000)
  from space 128K,  99% used [0x00000000a2520000, 0x00000000a253fff8, 0x00000000a2540000)
  to   space 128K,   0% used [0x00000000a2500000, 0x00000000a2500000, 0x00000000a2520000)
 tenured generation   total 125696K, used 5688K [0x00000000c1800000, 0x00000000c92c0000, 0x0000000100000000)
   the space 125696K,   4% used [0x00000000c1800000, 0x00000000c1d8e0c8, 0x00000000c1d8e200, 0x00000000c92c0000)
 Metaspace       used 8191K, capacity 8396K, committed 8704K, reserved 1056768K
  class space    used 905K, capacity 964K, committed 1024K, reserved 1048576K
Event: 0.579 GC heap after
Heap after GC invocations=36 (full 0):
 def new generation   total 1152K, used 128K [0x00000000a2400000, 0x00000000a2540000, 0x00000000c1800000)
  eden space 1024K,   0% used [0x00000000a2400000, 0x00000000a2400000, 0x00000000a2500000)
  from space 128K, 100% used [0x00000000a2500000, 0x00000000a2520000, 0x00000000a2520000)
  to   space 128K,   0% used [0x00000000a2520000, 0x00000000a2520000, 0x00000000a2540000)
 tenured generation   total 125696K, used 6632K [0x00000000c1800000, 0x00000000c92c0000, 0x0000000100000000)
   the space 125696K,   5% used [0x00000000c1800000, 0x00000000c1e7a1b0, 0x00000000c1e7a200, 0x00000000c92c0000)
 Metaspace       used 8191K, capacity 8396K, committed 8704K, reserved 1056768K
  class space    used 905K, capacity 964K, committed 1024K, reserved 1048576K
}
Event: 0.588 GC heap before
{Heap before GC invocations=36 (full 0):
 def new generation   total 1152K, used 1152K [0x00000000a2400000, 0x00000000a2540000, 0x00000000c1800000)
  eden space 1024K, 100% used [0x00000000a2400000, 0x00000000a2500000, 0x00000000a2500000)
  from space 128K, 100% used [0x00000000a2500000, 0x00000000a2520000, 0x00000000a2520000)
  to   space 128K,   0% used [0x00000000a2520000, 0x00000000a2520000, 0x00000000a2540000)
 tenured generation   total 125696K, used 6632K [0x00000000c1800000, 0x00000000c92c0000, 0x0000000100000000)
   the space 125696K,   5% used [0x00000000c1800000, 0x00000000c1e7a1b0, 0x00000000c1e7a200, 0x00000000c92c0000)
 Metaspace       used 8191K, capacity 8396K, committed 8704K, reserved 1056768K
  class space    used 905K, capacity 964K, committed 1024K, reserved 1048576K
Event: 0.591 GC heap after
Heap after GC invocations=37 (full 0):
 def new generation   total 1152K, used 128K [0x00000000a2400000, 0x00000000a2540000, 0x00000000c1800000)
  eden space 1024K,   0% used [0x00000000a2400000, 0x00000000a2400000, 0x00000000a2500000)
  from space 128K, 100% used [0x00000000a2520000, 0x00000000a2540000, 0x00000000a2540000)
  to   space 128K,   0% used [0x00000000a2500000, 0x00000000a2500000, 0x00000000a2520000)
 tenured generation   total 125696K, used 7574K [0x00000000c1800000, 0x00000000c92c0000, 0x0000000100000000)
   the space 125696K,   6% used [0x00000000c1800000, 0x00000000c1f65818, 0x00000000c1f65a00, 0x00000000c92c0000)
 Metaspace       used 8191K, capacity 8396K, committed 8704K, reserved 1056768K
  class space    used 905K, capacity 964K, committed 1024K, reserved 1048576K
}
Event: 0.599 GC heap before
{Heap before GC invocations=37 (full 0):
 def new generation   total 1152K, used 1152K [0x00000000a2400000, 0x00000000a2540000, 0x00000000c1800000)
  eden space 1024K, 100% used [0x00000000a2400000, 0x00000000a2500000, 0x00000000a2500000)
  from space 128K, 100% used [0x00000000a2520000, 0x00000000a2540000, 0x00000000a2540000)
  to   space 128K,   0% used [0x00000000a2500000, 0x00000000a2500000, 0x00000000a2520000)
 tenured generation   total 125696K, used 7574K [0x00000000c1800000, 0x00000000c92c0000, 0x0000000100000000)
   the space 125696K,   6% used [0x00000000c1800000, 0x00000000c1f65818, 0x00000000c1f65a00, 0x00000000c92c0000)
 Metaspace       used 8191K, capacity 8396K, committed 8704K, reserved 1056768K
  class space    used 905K, capacity 964K, committed 1024K, reserved 1048576K
Event: 0.601 GC heap after
Heap after GC invocations=38 (full 0):
 def new generation   total 1152K, used 127K [0x00000000a2400000, 0x00000000a2540000, 0x00000000c1800000)
  eden space 1024K,   0% used [0x00000000a2400000, 0x00000000a2400000, 0x00000000a2500000)
  from space 128K,  99% used [0x00000000a2500000, 0x00000000a251fff8, 0x00000000a2520000)
  to   space 128K,   0% used [0x00000000a2520000, 0x00000000a2520000, 0x00000000a2540000)
 tenured generation   total 125696K, used 8514K [0x00000000c1800000, 0x00000000c92c0000, 0x0000000100000000)
   the space 125696K,   6% used [0x00000000c1800000, 0x00000000c2050bf8, 0x00000000c2050c00, 0x00000000c92c0000)
 Metaspace       used 8191K, capacity 8396K, committed 8704K, reserved 1056768K
  class space    used 905K, capacity 964K, committed 1024K, reserved 1048576K
}
Event: 0.612 GC heap before
{Heap before GC invocations=38 (full 0):
 def new generation   total 1152K, used 1151K [0x00000000a2400000, 0x00000000a2540000, 0x00000000c1800000)
  eden space 1024K, 100% used [0x00000000a2400000, 0x00000000a2500000, 0x00000000a2500000)
  from space 128K,  99% used [0x00000000a2500000, 0x00000000a251fff8, 0x00000000a2520000)
  to   space 128K,   0% used [0x00000000a2520000, 0x00000000a2520000, 0x00000000a2540000)
 tenured generation   total 125696K, used 8514K [0x00000000c1800000, 0x00000000c92c0000, 0x0000000100000000)
   the space 125696K,   6% used [0x00000000c1800000, 0x00000000c2050bf8, 0x00000000c2050c00, 0x00000000c92c0000)
 Metaspace       used 8191K, capacity 8396K, committed 8704K, reserved 1056768K
  class space    used 905K, capacity 964K, committed 1024K, reserved 1048576K

Deoptimization events (2 events):
Event: 0.321 Thread 0x0000000002d07000 Uncommon trap: reason=unloaded action=reinterpret pc=0x000000000301548c method=sun.misc.URLClassPath$JarLoader.getResource(Ljava/lang/String;Z)Lsun/misc/Resource; @ 67
Event: 0.482 Thread 0x0000000002d07000 Uncommon trap: reason=unreached action=reinterpret pc=0x0000000002fca768 method=java.lang.AbstractStringBuilder.append(Ljava/lang/String;)Ljava/lang/AbstractStringBuilder; @ 1

Internal exceptions (10 events):
Event: 0.494 Thread 0x0000000002d07000 Exception <a 'java/security/PrivilegedActionException'> (0x00000000a244ef88) thrown at [D:\re\workspace\8-2-build-windows-amd64-cygwin\jdk8u5\2488\hotspot\src\share\vm\prims\jvm.cpp, line 1248]
Event: 0.495 Thread 0x0000000002d07000 Exception <a 'java/security/PrivilegedActionException'> (0x00000000a24658c0) thrown at [D:\re\workspace\8-2-build-windows-amd64-cygwin\jdk8u5\2488\hotspot\src\share\vm\prims\jvm.cpp, line 1248]
Event: 0.496 Thread 0x0000000002d07000 Exception <a 'java/security/PrivilegedActionException'> (0x00000000a2476228) thrown at [D:\re\workspace\8-2-build-windows-amd64-cygwin\jdk8u5\2488\hotspot\src\share\vm\prims\jvm.cpp, line 1248]
Event: 0.499 Thread 0x0000000002d07000 Exception <a 'java/security/PrivilegedActionException'> (0x00000000a249ff98) thrown at [D:\re\workspace\8-2-build-windows-amd64-cygwin\jdk8u5\2488\hotspot\src\share\vm\prims\jvm.cpp, line 1248]
Event: 0.504 Thread 0x0000000002d07000 Exception <a 'java/security/PrivilegedActionException'> (0x00000000a24c8fd8) thrown at [D:\re\workspace\8-2-build-windows-amd64-cygwin\jdk8u5\2488\hotspot\src\share\vm\prims\jvm.cpp, line 1248]
Event: 0.504 Thread 0x0000000002d07000 Exception <a 'java/security/PrivilegedActionException'> (0x00000000a24cf128) thrown at [D:\re\workspace\8-2-build-windows-amd64-cygwin\jdk8u5\2488\hotspot\src\share\vm\prims\jvm.cpp, line 1248]
Event: 0.511 Thread 0x0000000002d07000 Exception <a 'java/security/PrivilegedActionException'> (0x00000000a24fc6e0) thrown at [D:\re\workspace\8-2-build-windows-amd64-cygwin\jdk8u5\2488\hotspot\src\share\vm\prims\jvm.cpp, line 1248]
Event: 0.513 Thread 0x0000000002d07000 Exception <a 'java/security/PrivilegedActionException'> (0x00000000a2417b80) thrown at [D:\re\workspace\8-2-build-windows-amd64-cygwin\jdk8u5\2488\hotspot\src\share\vm\prims\jvm.cpp, line 1248]
Event: 0.514 Thread 0x0000000002d07000 Exception <a 'java/security/PrivilegedActionException'> (0x00000000a2423378) thrown at [D:\re\workspace\8-2-build-windows-amd64-cygwin\jdk8u5\2488\hotspot\src\share\vm\prims\jvm.cpp, line 1248]
Event: 0.527 Thread 0x0000000002d07000 Exception <a 'java/security/PrivilegedActionException'> (0x00000000a24aaee0) thrown at [D:\re\workspace\8-2-build-windows-amd64-cygwin\jdk8u5\2488\hotspot\src\share\vm\prims\jvm.cpp, line 1248]

Events (10 events):
Event: 0.540 Executing VM operation: GenCollectForAllocation done
Event: 0.562 Executing VM operation: GenCollectForAllocation
Event: 0.564 Executing VM operation: GenCollectForAllocation done
Event: 0.577 Executing VM operation: GenCollectForAllocation
Event: 0.579 Executing VM operation: GenCollectForAllocation done
Event: 0.588 Executing VM operation: GenCollectForAllocation
Event: 0.591 Executing VM operation: GenCollectForAllocation done
Event: 0.599 Executing VM operation: GenCollectForAllocation
Event: 0.601 Executing VM operation: GenCollectForAllocation done
Event: 0.612 Executing VM operation: GenCollectForAllocation


Dynamic libraries:
0x00007ff70e2d0000 - 0x00007ff70e304000 	C:\intelfpga_lite\18.1\quartus\bin64\jre64\bin\java.exe
0x00007fffea540000 - 0x00007fffea730000 	C:\WINDOWS\SYSTEM32\ntdll.dll
0x00007fffe85f0000 - 0x00007fffe86a2000 	C:\WINDOWS\System32\KERNEL32.DLL
0x00007fffe78b0000 - 0x00007fffe7b54000 	C:\WINDOWS\System32\KERNELBASE.dll
0x00007fffe9ea0000 - 0x00007fffe9f43000 	C:\WINDOWS\System32\ADVAPI32.dll
0x00007fffe9f50000 - 0x00007fffe9fee000 	C:\WINDOWS\System32\msvcrt.dll
0x00007fffe9ff0000 - 0x00007fffea087000 	C:\WINDOWS\System32\sechost.dll
0x00007fffe94e0000 - 0x00007fffe9600000 	C:\WINDOWS\System32\RPCRT4.dll
0x00007fffe8970000 - 0x00007fffe8b05000 	C:\WINDOWS\System32\USER32.dll
0x00007fffe7540000 - 0x00007fffe7561000 	C:\WINDOWS\System32\win32u.dll
0x00007fffe9df0000 - 0x00007fffe9e16000 	C:\WINDOWS\System32\GDI32.dll
0x00007fffe7590000 - 0x00007fffe7726000 	C:\WINDOWS\System32\gdi32full.dll
0x00007fffe8550000 - 0x00007fffe85ee000 	C:\WINDOWS\System32\msvcp_win.dll
0x00007fffe7760000 - 0x00007fffe785a000 	C:\WINDOWS\System32\ucrtbase.dll
0x00007fffd7fe0000 - 0x00007fffd8264000 	C:\WINDOWS\WinSxS\amd64_microsoft.windows.common-controls_6595b64144ccf1df_6.0.18362.1016_none_9e7a36bbe461dae4\COMCTL32.dll
0x00007fffe8b40000 - 0x00007fffe8e75000 	C:\WINDOWS\System32\combase.dll
0x00007fffe74c0000 - 0x00007fffe7540000 	C:\WINDOWS\System32\bcryptPrimitives.dll
0x00007fffe9dc0000 - 0x00007fffe9dee000 	C:\WINDOWS\System32\IMM32.DLL
0x000000005bb90000 - 0x000000005bc62000 	C:\intelfpga_lite\18.1\quartus\bin64\jre64\bin\msvcr100.dll
0x000000005b360000 - 0x000000005bb8a000 	C:\intelfpga_lite\18.1\quartus\bin64\jre64\bin\server\jvm.dll
0x00007fffe9450000 - 0x00007fffe9458000 	C:\WINDOWS\System32\PSAPI.DLL
0x00007fffd71c0000 - 0x00007fffd71c9000 	C:\WINDOWS\SYSTEM32\WSOCK32.dll
0x00007fffe4b20000 - 0x00007fffe4b44000 	C:\WINDOWS\SYSTEM32\WINMM.dll
0x00007fffe93e0000 - 0x00007fffe944f000 	C:\WINDOWS\System32\WS2_32.dll
0x00007fffe4910000 - 0x00007fffe493d000 	C:\WINDOWS\SYSTEM32\winmmbase.dll
0x00007fffe7860000 - 0x00007fffe78aa000 	C:\WINDOWS\System32\cfgmgr32.dll
0x000000005b350000 - 0x000000005b35f000 	C:\intelfpga_lite\18.1\quartus\bin64\jre64\bin\verify.dll
0x000000005b320000 - 0x000000005b348000 	C:\intelfpga_lite\18.1\quartus\bin64\jre64\bin\java.dll
0x000000005b300000 - 0x000000005b316000 	C:\intelfpga_lite\18.1\quartus\bin64\jre64\bin\zip.dll
0x00007fffe96d0000 - 0x00007fffe9db7000 	C:\WINDOWS\System32\SHELL32.dll
0x00007fffe8860000 - 0x00007fffe8909000 	C:\WINDOWS\System32\shcore.dll
0x00007fffe7b60000 - 0x00007fffe82e2000 	C:\WINDOWS\System32\windows.storage.dll
0x00007fffe7400000 - 0x00007fffe7423000 	C:\WINDOWS\System32\profapi.dll
0x00007fffe7470000 - 0x00007fffe74ba000 	C:\WINDOWS\System32\powrprof.dll
0x00007fffe73f0000 - 0x00007fffe7400000 	C:\WINDOWS\System32\UMPDC.dll
0x00007fffe9260000 - 0x00007fffe92b2000 	C:\WINDOWS\System32\shlwapi.dll
0x00007fffe7450000 - 0x00007fffe7461000 	C:\WINDOWS\System32\kernel.appcore.dll
0x00007fffe7570000 - 0x00007fffe7587000 	C:\WINDOWS\System32\cryptsp.dll
0x00007fffd5e60000 - 0x00007fffd5fe8000 	C:\intelFPGA_lite\18.1\quartus\bin64\dbghelp.dll

VM Arguments:
jvm_args: -Xmx1500M -XX:+UseSerialGC 
java_command: com.altera.sopcmodel.sbtools.sbcatalog.SbCatalog --xml --project-directory= --search-path=$,E:\JuniorYearSpring\ECE385\lab\FinalProject,E:\JuniorYearSpring\ECE385\lab\FinalProject
java_class_path (initial): C:/intelfpga_lite/18.1/quartus/sopc_builder/model/lib\Nlview.jar;C:/intelfpga_lite/18.1/quartus/sopc_builder/model/lib\QuickServer.jar;C:/intelfpga_lite/18.1/quartus/sopc_builder/model/lib\TableLayout.jar;C:/intelfpga_lite/18.1/quartus/sopc_builder/model/lib\appframework-1.03.jar;C:/intelfpga_lite/18.1/quartus/sopc_builder/model/lib\asm-3.1.jar;C:/intelfpga_lite/18.1/quartus/sopc_builder/model/lib\asm-commons-3.1.jar;C:/intelfpga_lite/18.1/quartus/sopc_builder/model/lib\basicmodel.jar;C:/intelfpga_lite/18.1/quartus/sopc_builder/model/lib\beansbinding-1.2.1.jar;C:/intelfpga_lite/18.1/quartus/sopc_builder/model/lib\binding-2.0.6.jar;C:/intelfpga_lite/18.1/quartus/sopc_builder/model/lib\com.altera.componenteditor2.jar;C:/intelfpga_lite/18.1/quartus/sopc_builder/model/lib\com.altera.embeddedsw.app_lib.jar;C:/intelfpga_lite/18.1/quartus/sopc_builder/model/lib\com.altera.embeddedsw.bsp.editor.jar;C:/intelfpga_lite/18.1/quartus/sopc_builder/model/lib\com.altera.embeddedsw.bsp.elements.jar;C:/intelfpga_lite/18.1/quartus/sopc_builder/model/lib\com.altera.embeddedsw.bsp.jar;C:/intelfpga_lite/18.1/quartus/sopc_builder/model/lib\com.altera.embeddedsw.bsp.plugin.core.jar;C:/intelfpga_lite/18.1/quartus/sopc_builder/model/lib\com.altera.embeddedsw.bsp.plugin.hal.jar;C:/intelfpga_lite/18.1/quartus/sopc_builder/model/lib\com.altera.embeddedsw.bsp.plugin.lwhal.jar;C:/intelfpga_lite/18.1/quartus/sopc_builder/model/lib\com.altera.embeddedsw.bsp.schema.jar;C:/intelfpga_lite/18.1/quartus/sopc_builder/model/lib\com.altera.embeddedsw.bsp.scripting.jar;C:/intelfpga_lite/18.1/quartus/sopc_builder/model/lib\com.altera.embeddedsw.commandline.jar;C:/intelfpga_lite/18.1/quartus/sopc_builder/model/lib\com.altera.embeddedsw.cpexample.jar;C:/intelfpga_lite/18.1/quartus/sopc_builder/model/lib\com.altera.embeddedsw.flash.jar;C:/intelfpga_lite/18.1/quartus/sopc_builder/model/lib\com.altera.embeddedsw.launch.jar;C:/intelfpga_lite/18.1/quartus/sopc_builder/model/lib\com.alte
Launcher Type: SUN_STANDARD

Environment Variables:
PATH=C:/intelfpga_lite/18.1/quartus/bin64;c:\intelfpga_lite\18.1\quartus\bin64\;c:\intelfpga_lite\18.1\quartus\bin64\;D:\xshell\;D:\xftp\;C:\Users\cc\AppData\Local\Programs\Python\Python37\Scripts;C:\Program Files (x86)\Common Files\Intel\Shared Libraries\redist\intel64_win\compiler;C:\Users\cc\AppData\Local\Programs\Python\Python37;C:\CTEX\UserData\miktex\bin;C:\CTEX\MiKTeX\miktex\bin;C:\CTEX\CTeX\ctex\bin;C:\CTEX\CTeX\cct\bin;C:\CTEX\CTeX\ty\bin;C:\CTEX\Ghostscript\gs9.05\bin;C:\CTEX\GSview\gsview;C:\CTEX\WinEdt;C:\texlive\2019\bin\win32;D:\latex\texlive\2019\bin\win32;C:\Windows\System32;C:\WINDOWS\system32;C:\WINDOWS;C:\WINDOWS\System32\Wbem;C:\WINDOWS\System32\WindowsPowerShell\v1.0\;C:\WINDOWS\System32\OpenSSH\;D:\git\Git\cmd;D:\Cmake\bin;C:\Program Files\CMake\bin;C:\Users\cc\AppData\Roaming\Python\Python37\Scripts;C:\Program Files\dotnet\;C:\Windows\System32;C:\Users\cc\AppData\Local\Programs\Python\Python37\lib\site-packages;D:\PUTTY\;C:\Program Files (x86)\Intel\Intel(R) Management Engine Components\DAL;C:\Program Files\Intel\Intel(R) Management Engine Components\DAL;C:\Users\cc\AppData\Local\Microsoft\WindowsApps;E:\VScode\Microsoft VS Code\bin;D:\pycharm\PyCharm 2019.1\bin;;C:\Windows\system32;C:\intelFPGA\18.1\modelsim_ase\win32aloem;C:\intelFPGA_lite\18.1\modelsim_ase\win32aloem;C:\Users\cc\AppData\Local\Programs\Python\Python37\lib\site-packages;
USERNAME=cc
OS=Windows_NT
PROCESSOR_IDENTIFIER=Intel64 Family 6 Model 142 Stepping 10, GenuineIntel



---------------  S Y S T E M  ---------------

OS: Windows 8.1 , 64 bit Build 9600 

CPU:total 8 (4 cores per cpu, 2 threads per core) family 6 model 142 stepping 10, cmov, cx8, fxsr, mmx, sse, sse2, sse3, ssse3, sse4.1, sse4.2, popcnt, avx, avx2, aes, clmul, erms, ht, tsc, tscinvbit

Memory: 4k page, physical 8105848k(1240192k free), swap 12300152k(4312k free)

vm_info: Java HotSpot(TM) 64-Bit Server VM (25.5-b02) for windows-amd64 JRE (1.8.0_05-b13), built on Mar 18 2014 01:08:39 by "java_re" with MS VC++ 10.0 (VS2010)

time: Sun Sep 06 02:19:12 2020
elapsed time: 0 seconds

